{"/Users/robertothomasjr/Desktop/UrsaManus/src/components/Button/Button.tsx": {"path":"/Users/robertothomasjr/Desktop/UrsaManus/src/components/Button/Button.tsx","statementMap":{"0":{"start":{"line":9,"column":6},"end":{"line":13,"column":null}},"1":{"start":{"line":10,"column":4},"end":{"line":13,"column":null}}},"fnMap":{"0":{"name":"(anonymous_0)","decl":{"start":{"line":9,"column":6},"end":{"line":9,"column":16}},"loc":{"start":{"line":9,"column":70},"end":{"line":13,"column":null}},"line":9}},"branchMap":{"0":{"loc":{"start":{"line":9,"column":34},"end":{"line":9,"column":70}},"type":"default-arg","locations":[{"start":{"line":9,"column":45},"end":{"line":9,"column":70}}],"line":9}},"s":{"0":1,"1":2},"f":{"0":2},"b":{"0":[2]},"meta":{"lastBranch":1,"lastFunction":1,"lastStatement":2,"seen":{"s:9:6:13:Infinity":0,"f:9:6:9:16":0,"b:9:45:9:70":0,"s:10:4:13:Infinity":1}}}
,"/Users/robertothomasjr/Desktop/UrsaManus/src/components/Render/Render.tsx": {"path":"/Users/robertothomasjr/Desktop/UrsaManus/src/components/Render/Render.tsx","statementMap":{"0":{"start":{"line":37,"column":4},"end":{"line":43,"column":null}},"1":{"start":{"line":43,"column":8},"end":{"line":43,"column":null}},"2":{"start":{"line":46,"column":4},"end":{"line":49,"column":null}},"3":{"start":{"line":52,"column":19},"end":{"line":52,"column":63}},"4":{"start":{"line":55,"column":21},"end":{"line":55,"column":40}},"5":{"start":{"line":56,"column":4},"end":{"line":56,"column":null}},"6":{"start":{"line":56,"column":18},"end":{"line":56,"column":null}},"7":{"start":{"line":58,"column":14},"end":{"line":69,"column":null}},"8":{"start":{"line":59,"column":20},"end":{"line":59,"column":31}},"9":{"start":{"line":61,"column":8},"end":{"line":61,"column":null}},"10":{"start":{"line":61,"column":27},"end":{"line":61,"column":39}},"11":{"start":{"line":63,"column":8},"end":{"line":65,"column":null}},"12":{"start":{"line":64,"column":12},"end":{"line":64,"column":null}},"13":{"start":{"line":65,"column":12},"end":{"line":65,"column":null}},"14":{"start":{"line":68,"column":8},"end":{"line":68,"column":null}},"15":{"start":{"line":71,"column":4},"end":{"line":71,"column":null}},"16":{"start":{"line":72,"column":4},"end":{"line":72,"column":null}},"17":{"start":{"line":75,"column":28},"end":{"line":75,"column":null}},"18":{"start":{"line":77,"column":6},"end":{"line":204,"column":null}},"19":{"start":{"line":83,"column":10},"end":{"line":83,"column":60}},"20":{"start":{"line":85,"column":4},"end":{"line":190,"column":null}},"21":{"start":{"line":86,"column":23},"end":{"line":86,"column":null}},"22":{"start":{"line":90,"column":24},"end":{"line":90,"column":47}},"23":{"start":{"line":91,"column":8},"end":{"line":91,"column":null}},"24":{"start":{"line":91,"column":22},"end":{"line":91,"column":null}},"25":{"start":{"line":93,"column":8},"end":{"line":93,"column":null}},"26":{"start":{"line":95,"column":24},"end":{"line":95,"column":null}},"27":{"start":{"line":96,"column":18},"end":{"line":96,"column":null}},"28":{"start":{"line":98,"column":8},"end":{"line":184,"column":null}},"29":{"start":{"line":99,"column":12},"end":{"line":182,"column":null}},"30":{"start":{"line":100,"column":40},"end":{"line":101,"column":null}},"31":{"start":{"line":101,"column":46},"end":{"line":101,"column":66}},"32":{"start":{"line":104,"column":31},"end":{"line":105,"column":null}},"33":{"start":{"line":105,"column":49},"end":{"line":105,"column":63}},"34":{"start":{"line":107,"column":16},"end":{"line":107,"column":null}},"35":{"start":{"line":107,"column":31},"end":{"line":107,"column":null}},"36":{"start":{"line":109,"column":36},"end":{"line":109,"column":71}},"37":{"start":{"line":110,"column":16},"end":{"line":111,"column":null}},"38":{"start":{"line":110,"column":29},"end":{"line":110,"column":32}},"39":{"start":{"line":111,"column":20},"end":{"line":111,"column":null}},"40":{"start":{"line":114,"column":30},"end":{"line":114,"column":47}},"41":{"start":{"line":116,"column":22},"end":{"line":177,"column":null}},"42":{"start":{"line":120,"column":20},"end":{"line":120,"column":null}},"43":{"start":{"line":177,"column":20},"end":{"line":177,"column":null}},"44":{"start":{"line":180,"column":16},"end":{"line":180,"column":null}},"45":{"start":{"line":182,"column":16},"end":{"line":182,"column":null}},"46":{"start":{"line":186,"column":8},"end":{"line":188,"column":null}},"47":{"start":{"line":187,"column":12},"end":{"line":187,"column":null}},"48":{"start":{"line":188,"column":12},"end":{"line":188,"column":null}},"49":{"start":{"line":188,"column":21},"end":{"line":188,"column":null}},"50":{"start":{"line":192,"column":4},"end":{"line":204,"column":null}}},"fnMap":{"0":{"name":"getTilePixelPosition","decl":{"start":{"line":30,"column":16},"end":{"line":30,"column":null}},"loc":{"start":{"line":36,"column":16},"end":{"line":49,"column":null}},"line":36},"1":{"name":"loadImage","decl":{"start":{"line":54,"column":9},"end":{"line":54,"column":19}},"loc":{"start":{"line":54,"column":32},"end":{"line":72,"column":null}},"line":54},"2":{"name":"(anonymous_2)","decl":{"start":{"line":58,"column":18},"end":{"line":58,"column":45}},"loc":{"start":{"line":58,"column":65},"end":{"line":69,"column":null}},"line":58},"3":{"name":"(anonymous_3)","decl":{"start":{"line":61,"column":12},"end":{"line":61,"column":27}},"loc":{"start":{"line":61,"column":27},"end":{"line":61,"column":39}},"line":61},"4":{"name":"(anonymous_4)","decl":{"start":{"line":63,"column":12},"end":{"line":63,"column":28}},"loc":{"start":{"line":63,"column":28},"end":{"line":65,"column":null}},"line":63},"5":{"name":"(anonymous_5)","decl":{"start":{"line":77,"column":6},"end":{"line":77,"column":16}},"loc":{"start":{"line":82,"column":19},"end":{"line":204,"column":null}},"line":82},"6":{"name":"(anonymous_6)","decl":{"start":{"line":85,"column":4},"end":{"line":85,"column":20}},"loc":{"start":{"line":85,"column":20},"end":{"line":190,"column":8}},"line":85},"7":{"name":"(anonymous_7)","decl":{"start":{"line":98,"column":9},"end":{"line":98,"column":21}},"loc":{"start":{"line":98,"column":21},"end":{"line":184,"column":null}},"line":98},"8":{"name":"(anonymous_8)","decl":{"start":{"line":101,"column":34},"end":{"line":101,"column":39}},"loc":{"start":{"line":101,"column":46},"end":{"line":101,"column":66}},"line":101},"9":{"name":"(anonymous_9)","decl":{"start":{"line":105,"column":36},"end":{"line":105,"column":41}},"loc":{"start":{"line":105,"column":49},"end":{"line":105,"column":63}},"line":105},"10":{"name":"(anonymous_10)","decl":{"start":{"line":116,"column":22},"end":{"line":116,"column":30}},"loc":{"start":{"line":116,"column":46},"end":{"line":177,"column":null}},"line":116},"11":{"name":"(anonymous_11)","decl":{"start":{"line":186,"column":8},"end":{"line":186,"column":21}},"loc":{"start":{"line":186,"column":21},"end":{"line":188,"column":null}},"line":186}},"branchMap":{"0":{"loc":{"start":{"line":37,"column":4},"end":{"line":43,"column":null}},"type":"if","locations":[{"start":{"line":37,"column":4},"end":{"line":43,"column":null}},{"start":{},"end":{}}],"line":37},"1":{"loc":{"start":{"line":38,"column":8},"end":{"line":41,"column":null}},"type":"binary-expr","locations":[{"start":{"line":38,"column":8},"end":{"line":38,"column":null}},{"start":{"line":39,"column":8},"end":{"line":39,"column":null}},{"start":{"line":40,"column":8},"end":{"line":40,"column":null}},{"start":{"line":41,"column":8},"end":{"line":41,"column":null}}],"line":38},"2":{"loc":{"start":{"line":56,"column":4},"end":{"line":56,"column":null}},"type":"if","locations":[{"start":{"line":56,"column":4},"end":{"line":56,"column":null}},{"start":{},"end":{}}],"line":56},"3":{"loc":{"start":{"line":79,"column":4},"end":{"line":79,"column":null}},"type":"default-arg","locations":[{"start":{"line":79,"column":12},"end":{"line":79,"column":null}}],"line":79},"4":{"loc":{"start":{"line":80,"column":4},"end":{"line":80,"column":null}},"type":"default-arg","locations":[{"start":{"line":80,"column":13},"end":{"line":80,"column":null}}],"line":80},"5":{"loc":{"start":{"line":81,"column":4},"end":{"line":81,"column":null}},"type":"default-arg","locations":[{"start":{"line":81,"column":24},"end":{"line":81,"column":null}}],"line":81},"6":{"loc":{"start":{"line":91,"column":8},"end":{"line":91,"column":null}},"type":"if","locations":[{"start":{"line":91,"column":8},"end":{"line":91,"column":null}},{"start":{},"end":{}}],"line":91},"7":{"loc":{"start":{"line":107,"column":16},"end":{"line":107,"column":null}},"type":"if","locations":[{"start":{"line":107,"column":16},"end":{"line":107,"column":null}},{"start":{},"end":{}}],"line":107},"8":{"loc":{"start":{"line":188,"column":12},"end":{"line":188,"column":null}},"type":"if","locations":[{"start":{"line":188,"column":12},"end":{"line":188,"column":null}},{"start":{},"end":{}}],"line":188},"9":{"loc":{"start":{"line":195,"column":16},"end":{"line":195,"column":null}},"type":"cond-expr","locations":[{"start":{"line":195,"column":36},"end":{"line":195,"column":62}},{"start":{"line":195,"column":62},"end":{"line":195,"column":null}}],"line":195}},"s":{"0":110,"1":2,"2":108,"3":3,"4":8,"5":8,"6":5,"7":3,"8":3,"9":3,"10":2,"11":3,"12":1,"13":1,"14":3,"15":3,"16":3,"17":3,"18":3,"19":10,"20":10,"21":10,"22":10,"23":10,"24":2,"25":8,"26":8,"27":8,"28":8,"29":8,"30":8,"31":9,"32":8,"33":8,"34":7,"35":2,"36":5,"37":5,"38":5,"39":5,"40":5,"41":5,"42":79,"43":79,"44":5,"45":1,"46":8,"47":8,"48":8,"49":5,"50":10},"f":{"0":110,"1":8,"2":3,"3":2,"4":1,"5":10,"6":10,"7":8,"8":9,"9":8,"10":79,"11":8},"b":{"0":[2,108],"1":[110,109,109,108],"2":[5,3],"3":[10],"4":[10],"5":[10],"6":[2,8],"7":[2,5],"8":[5,3],"9":[9,1]},"meta":{"lastBranch":10,"lastFunction":12,"lastStatement":51,"seen":{"f:30:16:30:Infinity":0,"b:37:4:43:Infinity:undefined:undefined:undefined:undefined":0,"s:37:4:43:Infinity":0,"b:38:8:38:Infinity:39:8:39:Infinity:40:8:40:Infinity:41:8:41:Infinity":1,"s:43:8:43:Infinity":1,"s:46:4:49:Infinity":2,"s:52:19:52:63":3,"f:54:9:54:19":1,"s:55:21:55:40":4,"b:56:4:56:Infinity:undefined:undefined:undefined:undefined":2,"s:56:4:56:Infinity":5,"s:56:18:56:Infinity":6,"s:58:14:69:Infinity":7,"f:58:18:58:45":2,"s:59:20:59:31":8,"s:61:8:61:Infinity":9,"f:61:12:61:27":3,"s:61:27:61:39":10,"s:63:8:65:Infinity":11,"f:63:12:63:28":4,"s:64:12:64:Infinity":12,"s:65:12:65:Infinity":13,"s:68:8:68:Infinity":14,"s:71:4:71:Infinity":15,"s:72:4:72:Infinity":16,"s:75:28:75:Infinity":17,"s:77:6:204:Infinity":18,"f:77:6:77:16":5,"b:79:12:79:Infinity":3,"b:80:13:80:Infinity":4,"b:81:24:81:Infinity":5,"s:83:10:83:60":19,"s:85:4:190:Infinity":20,"f:85:4:85:20":6,"s:86:23:86:Infinity":21,"s:90:24:90:47":22,"b:91:8:91:Infinity:undefined:undefined:undefined:undefined":6,"s:91:8:91:Infinity":23,"s:91:22:91:Infinity":24,"s:93:8:93:Infinity":25,"s:95:24:95:Infinity":26,"s:96:18:96:Infinity":27,"s:98:8:184:Infinity":28,"f:98:9:98:21":7,"s:99:12:182:Infinity":29,"s:100:40:101:Infinity":30,"f:101:34:101:39":8,"s:101:46:101:66":31,"s:104:31:105:Infinity":32,"f:105:36:105:41":9,"s:105:49:105:63":33,"b:107:16:107:Infinity:undefined:undefined:undefined:undefined":7,"s:107:16:107:Infinity":34,"s:107:31:107:Infinity":35,"s:109:36:109:71":36,"s:110:16:111:Infinity":37,"s:110:29:110:32":38,"s:111:20:111:Infinity":39,"s:114:30:114:47":40,"s:116:22:177:Infinity":41,"f:116:22:116:30":10,"s:120:20:120:Infinity":42,"s:177:20:177:Infinity":43,"s:180:16:180:Infinity":44,"s:182:16:182:Infinity":45,"s:186:8:188:Infinity":46,"f:186:8:186:21":11,"s:187:12:187:Infinity":47,"b:188:12:188:Infinity:undefined:undefined:undefined:undefined":8,"s:188:12:188:Infinity":48,"s:188:21:188:Infinity":49,"s:192:4:204:Infinity":50,"b:195:36:195:62:195:62:195:Infinity":9}}}
,"/Users/robertothomasjr/Desktop/UrsaManus/src/components/effects/dev/devEffectHotkeys.ts": {"path":"/Users/robertothomasjr/Desktop/UrsaManus/src/components/effects/dev/devEffectHotkeys.ts","statementMap":{"0":{"start":{"line":29,"column":4},"end":{"line":30,"column":null}},"1":{"start":{"line":30,"column":8},"end":{"line":30,"column":null}},"2":{"start":{"line":33,"column":40},"end":{"line":38,"column":null}},"3":{"start":{"line":39,"column":58},"end":{"line":45,"column":null}},"4":{"start":{"line":47,"column":26},"end":{"line":47,"column":null}},"5":{"start":{"line":48,"column":24},"end":{"line":48,"column":null}},"6":{"start":{"line":49,"column":57},"end":{"line":49,"column":null}},"7":{"start":{"line":51,"column":10},"end":{"line":56,"column":null}},"8":{"start":{"line":52,"column":8},"end":{"line":52,"column":null}},"9":{"start":{"line":52,"column":27},"end":{"line":52,"column":null}},"10":{"start":{"line":53,"column":8},"end":{"line":56,"column":null}},"11":{"start":{"line":59,"column":10},"end":{"line":75,"column":null}},"12":{"start":{"line":60,"column":26},"end":{"line":60,"column":40}},"13":{"start":{"line":61,"column":8},"end":{"line":63,"column":null}},"14":{"start":{"line":62,"column":12},"end":{"line":62,"column":null}},"15":{"start":{"line":63,"column":12},"end":{"line":63,"column":null}},"16":{"start":{"line":66,"column":21},"end":{"line":66,"column":54}},"17":{"start":{"line":67,"column":23},"end":{"line":67,"column":null}},"18":{"start":{"line":68,"column":23},"end":{"line":68,"column":null}},"19":{"start":{"line":70,"column":8},"end":{"line":72,"column":null}},"20":{"start":{"line":71,"column":12},"end":{"line":71,"column":null}},"21":{"start":{"line":72,"column":12},"end":{"line":72,"column":null}},"22":{"start":{"line":75,"column":8},"end":{"line":75,"column":null}},"23":{"start":{"line":78,"column":10},"end":{"line":145,"column":null}},"24":{"start":{"line":79,"column":20},"end":{"line":79,"column":43}},"25":{"start":{"line":80,"column":8},"end":{"line":80,"column":null}},"26":{"start":{"line":80,"column":26},"end":{"line":80,"column":null}},"27":{"start":{"line":82,"column":8},"end":{"line":92,"column":null}},"28":{"start":{"line":83,"column":12},"end":{"line":85,"column":null}},"29":{"start":{"line":84,"column":16},"end":{"line":84,"column":null}},"30":{"start":{"line":85,"column":16},"end":{"line":85,"column":null}},"31":{"start":{"line":88,"column":12},"end":{"line":91,"column":null}},"32":{"start":{"line":92,"column":12},"end":{"line":92,"column":null}},"33":{"start":{"line":95,"column":8},"end":{"line":112,"column":null}},"34":{"start":{"line":96,"column":22},"end":{"line":96,"column":null}},"35":{"start":{"line":97,"column":22},"end":{"line":97,"column":null}},"36":{"start":{"line":98,"column":27},"end":{"line":98,"column":null}},"37":{"start":{"line":99,"column":12},"end":{"line":99,"column":null}},"38":{"start":{"line":101,"column":12},"end":{"line":110,"column":null}},"39":{"start":{"line":102,"column":16},"end":{"line":102,"column":null}},"40":{"start":{"line":103,"column":23},"end":{"line":110,"column":null}},"41":{"start":{"line":104,"column":16},"end":{"line":104,"column":null}},"42":{"start":{"line":105,"column":23},"end":{"line":110,"column":null}},"43":{"start":{"line":106,"column":16},"end":{"line":106,"column":null}},"44":{"start":{"line":107,"column":23},"end":{"line":110,"column":null}},"45":{"start":{"line":108,"column":16},"end":{"line":108,"column":null}},"46":{"start":{"line":110,"column":16},"end":{"line":110,"column":null}},"47":{"start":{"line":112,"column":12},"end":{"line":112,"column":null}},"48":{"start":{"line":115,"column":8},"end":{"line":115,"column":null}},"49":{"start":{"line":115,"column":25},"end":{"line":115,"column":null}},"50":{"start":{"line":117,"column":21},"end":{"line":117,"column":null}},"51":{"start":{"line":119,"column":12},"end":{"line":119,"column":null}},"52":{"start":{"line":120,"column":8},"end":{"line":120,"column":null}},"53":{"start":{"line":123,"column":12},"end":{"line":135,"column":26}},"54":{"start":{"line":137,"column":8},"end":{"line":145,"column":null}},"55":{"start":{"line":148,"column":4},"end":{"line":148,"column":null}},"56":{"start":{"line":149,"column":4},"end":{"line":149,"column":null}},"57":{"start":{"line":151,"column":4},"end":{"line":154,"column":null}},"58":{"start":{"line":152,"column":8},"end":{"line":152,"column":null}},"59":{"start":{"line":153,"column":8},"end":{"line":153,"column":null}},"60":{"start":{"line":154,"column":8},"end":{"line":154,"column":null}}},"fnMap":{"0":{"name":"setupDevEffectHotkeys","decl":{"start":{"line":23,"column":16},"end":{"line":23,"column":38}},"loc":{"start":{"line":28,"column":45},"end":{"line":154,"column":null}},"line":28},"1":{"name":"(anonymous_1)","decl":{"start":{"line":30,"column":8},"end":{"line":30,"column":21}},"loc":{"start":{"line":30,"column":21},"end":{"line":30,"column":null}},"line":30},"2":{"name":"(anonymous_2)","decl":{"start":{"line":51,"column":10},"end":{"line":51,"column":35}},"loc":{"start":{"line":51,"column":35},"end":{"line":56,"column":null}},"line":51},"3":{"name":"(anonymous_3)","decl":{"start":{"line":59,"column":10},"end":{"line":59,"column":25}},"loc":{"start":{"line":59,"column":47},"end":{"line":75,"column":null}},"line":59},"4":{"name":"(anonymous_4)","decl":{"start":{"line":78,"column":10},"end":{"line":78,"column":23}},"loc":{"start":{"line":78,"column":48},"end":{"line":145,"column":null}},"line":78},"5":{"name":"(anonymous_5)","decl":{"start":{"line":151,"column":4},"end":{"line":151,"column":17}},"loc":{"start":{"line":151,"column":17},"end":{"line":154,"column":null}},"line":151}},"branchMap":{"0":{"loc":{"start":{"line":29,"column":4},"end":{"line":30,"column":null}},"type":"if","locations":[{"start":{"line":29,"column":4},"end":{"line":30,"column":null}},{"start":{},"end":{}}],"line":29},"1":{"loc":{"start":{"line":52,"column":8},"end":{"line":52,"column":null}},"type":"if","locations":[{"start":{"line":52,"column":8},"end":{"line":52,"column":null}},{"start":{},"end":{}}],"line":52},"2":{"loc":{"start":{"line":61,"column":8},"end":{"line":63,"column":null}},"type":"if","locations":[{"start":{"line":61,"column":8},"end":{"line":63,"column":null}},{"start":{},"end":{}}],"line":61},"3":{"loc":{"start":{"line":70,"column":8},"end":{"line":72,"column":null}},"type":"if","locations":[{"start":{"line":70,"column":8},"end":{"line":72,"column":null}},{"start":{},"end":{}}],"line":70},"4":{"loc":{"start":{"line":70,"column":12},"end":{"line":70,"column":75}},"type":"binary-expr","locations":[{"start":{"line":70,"column":12},"end":{"line":70,"column":26}},{"start":{"line":70,"column":26},"end":{"line":70,"column":40}},{"start":{"line":70,"column":40},"end":{"line":70,"column":58}},{"start":{"line":70,"column":58},"end":{"line":70,"column":75}}],"line":70},"5":{"loc":{"start":{"line":80,"column":8},"end":{"line":80,"column":null}},"type":"if","locations":[{"start":{"line":80,"column":8},"end":{"line":80,"column":null}},{"start":{},"end":{}}],"line":80},"6":{"loc":{"start":{"line":82,"column":8},"end":{"line":92,"column":null}},"type":"if","locations":[{"start":{"line":82,"column":8},"end":{"line":92,"column":null}},{"start":{},"end":{}}],"line":82},"7":{"loc":{"start":{"line":83,"column":12},"end":{"line":85,"column":null}},"type":"if","locations":[{"start":{"line":83,"column":12},"end":{"line":85,"column":null}},{"start":{},"end":{}}],"line":83},"8":{"loc":{"start":{"line":95,"column":8},"end":{"line":112,"column":null}},"type":"if","locations":[{"start":{"line":95,"column":8},"end":{"line":112,"column":null}},{"start":{},"end":{}}],"line":95},"9":{"loc":{"start":{"line":101,"column":12},"end":{"line":110,"column":null}},"type":"if","locations":[{"start":{"line":101,"column":12},"end":{"line":110,"column":null}},{"start":{"line":103,"column":23},"end":{"line":110,"column":null}}],"line":101},"10":{"loc":{"start":{"line":103,"column":23},"end":{"line":110,"column":null}},"type":"if","locations":[{"start":{"line":103,"column":23},"end":{"line":110,"column":null}},{"start":{"line":105,"column":23},"end":{"line":110,"column":null}}],"line":103},"11":{"loc":{"start":{"line":105,"column":23},"end":{"line":110,"column":null}},"type":"if","locations":[{"start":{"line":105,"column":23},"end":{"line":110,"column":null}},{"start":{"line":107,"column":23},"end":{"line":110,"column":null}}],"line":105},"12":{"loc":{"start":{"line":107,"column":23},"end":{"line":110,"column":null}},"type":"if","locations":[{"start":{"line":107,"column":23},"end":{"line":110,"column":null}},{"start":{"line":109,"column":19},"end":{"line":110,"column":null}}],"line":107},"13":{"loc":{"start":{"line":115,"column":8},"end":{"line":115,"column":null}},"type":"if","locations":[{"start":{"line":115,"column":8},"end":{"line":115,"column":null}},{"start":{},"end":{}}],"line":115},"14":{"loc":{"start":{"line":123,"column":12},"end":{"line":135,"column":26}},"type":"cond-expr","locations":[{"start":{"line":124,"column":18},"end":{"line":124,"column":64}},{"start":{"line":125,"column":18},"end":{"line":135,"column":26}}],"line":123},"15":{"loc":{"start":{"line":125,"column":18},"end":{"line":135,"column":26}},"type":"cond-expr","locations":[{"start":{"line":126,"column":20},"end":{"line":126,"column":51}},{"start":{"line":127,"column":20},"end":{"line":135,"column":26}}],"line":125},"16":{"loc":{"start":{"line":127,"column":20},"end":{"line":135,"column":26}},"type":"cond-expr","locations":[{"start":{"line":128,"column":22},"end":{"line":128,"column":55}},{"start":{"line":129,"column":22},"end":{"line":135,"column":26}}],"line":127},"17":{"loc":{"start":{"line":129,"column":22},"end":{"line":135,"column":26}},"type":"cond-expr","locations":[{"start":{"line":130,"column":24},"end":{"line":133,"column":null}},{"start":{"line":135,"column":24},"end":{"line":135,"column":26}}],"line":129}},"s":{"0":5,"1":1,"2":4,"3":4,"4":4,"5":4,"6":4,"7":4,"8":2,"9":1,"10":1,"11":4,"12":2,"13":2,"14":0,"15":0,"16":2,"17":2,"18":2,"19":2,"20":1,"21":1,"22":1,"23":4,"24":9,"25":9,"26":0,"27":9,"28":3,"29":1,"30":1,"31":2,"32":2,"33":6,"34":5,"35":5,"36":5,"37":5,"38":5,"39":1,"40":4,"41":1,"42":3,"43":1,"44":2,"45":1,"46":1,"47":5,"48":1,"49":0,"50":1,"51":1,"52":1,"53":1,"54":9,"55":4,"56":4,"57":4,"58":4,"59":4,"60":4},"f":{"0":5,"1":1,"2":2,"3":2,"4":9,"5":4},"b":{"0":[1,4],"1":[1,1],"2":[0,2],"3":[1,1],"4":[2,1,1,1],"5":[0,9],"6":[3,6],"7":[1,2],"8":[5,1],"9":[1,4],"10":[1,3],"11":[1,2],"12":[1,1],"13":[0,1],"14":[0,1],"15":[0,1],"16":[0,1],"17":[0,1]},"meta":{"lastBranch":18,"lastFunction":6,"lastStatement":61,"seen":{"f:23:16:23:38":0,"b:29:4:30:Infinity:undefined:undefined:undefined:undefined":0,"s:29:4:30:Infinity":0,"s:30:8:30:Infinity":1,"f:30:8:30:21":1,"s:33:40:38:Infinity":2,"s:39:58:45:Infinity":3,"s:47:26:47:Infinity":4,"s:48:24:48:Infinity":5,"s:49:57:49:Infinity":6,"s:51:10:56:Infinity":7,"f:51:10:51:35":2,"b:52:8:52:Infinity:undefined:undefined:undefined:undefined":1,"s:52:8:52:Infinity":8,"s:52:27:52:Infinity":9,"s:53:8:56:Infinity":10,"s:59:10:75:Infinity":11,"f:59:10:59:25":3,"s:60:26:60:40":12,"b:61:8:63:Infinity:undefined:undefined:undefined:undefined":2,"s:61:8:63:Infinity":13,"s:62:12:62:Infinity":14,"s:63:12:63:Infinity":15,"s:66:21:66:54":16,"s:67:23:67:Infinity":17,"s:68:23:68:Infinity":18,"b:70:8:72:Infinity:undefined:undefined:undefined:undefined":3,"s:70:8:72:Infinity":19,"b:70:12:70:26:70:26:70:40:70:40:70:58:70:58:70:75":4,"s:71:12:71:Infinity":20,"s:72:12:72:Infinity":21,"s:75:8:75:Infinity":22,"s:78:10:145:Infinity":23,"f:78:10:78:23":4,"s:79:20:79:43":24,"b:80:8:80:Infinity:undefined:undefined:undefined:undefined":5,"s:80:8:80:Infinity":25,"s:80:26:80:Infinity":26,"b:82:8:92:Infinity:undefined:undefined:undefined:undefined":6,"s:82:8:92:Infinity":27,"b:83:12:85:Infinity:undefined:undefined:undefined:undefined":7,"s:83:12:85:Infinity":28,"s:84:16:84:Infinity":29,"s:85:16:85:Infinity":30,"s:88:12:91:Infinity":31,"s:92:12:92:Infinity":32,"b:95:8:112:Infinity:undefined:undefined:undefined:undefined":8,"s:95:8:112:Infinity":33,"s:96:22:96:Infinity":34,"s:97:22:97:Infinity":35,"s:98:27:98:Infinity":36,"s:99:12:99:Infinity":37,"b:101:12:110:Infinity:103:23:110:Infinity":9,"s:101:12:110:Infinity":38,"s:102:16:102:Infinity":39,"b:103:23:110:Infinity:105:23:110:Infinity":10,"s:103:23:110:Infinity":40,"s:104:16:104:Infinity":41,"b:105:23:110:Infinity:107:23:110:Infinity":11,"s:105:23:110:Infinity":42,"s:106:16:106:Infinity":43,"b:107:23:110:Infinity:109:19:110:Infinity":12,"s:107:23:110:Infinity":44,"s:108:16:108:Infinity":45,"s:110:16:110:Infinity":46,"s:112:12:112:Infinity":47,"b:115:8:115:Infinity:undefined:undefined:undefined:undefined":13,"s:115:8:115:Infinity":48,"s:115:25:115:Infinity":49,"s:117:21:117:Infinity":50,"s:119:12:119:Infinity":51,"s:120:8:120:Infinity":52,"s:123:12:135:26":53,"b:124:18:124:64:125:18:135:26":14,"b:126:20:126:51:127:20:135:26":15,"b:128:22:128:55:129:22:135:26":16,"b:130:24:133:Infinity:135:24:135:26":17,"s:137:8:145:Infinity":54,"s:148:4:148:Infinity":55,"s:149:4:149:Infinity":56,"s:151:4:154:Infinity":57,"f:151:4:151:17":5,"s:152:8:152:Infinity":58,"s:153:8:153:Infinity":59,"s:154:8:154:Infinity":60}}}
,"/Users/robertothomasjr/Desktop/UrsaManus/src/components/effects/particleEmitter/ParticleEmitterOverlay.tsx": {"path":"/Users/robertothomasjr/Desktop/UrsaManus/src/components/effects/particleEmitter/ParticleEmitterOverlay.tsx","statementMap":{"0":{"start":{"line":10,"column":6},"end":{"line":60,"column":null}},"1":{"start":{"line":14,"column":10},"end":{"line":14,"column":60}},"2":{"start":{"line":15,"column":12},"end":{"line":15,"column":62}},"3":{"start":{"line":17,"column":4},"end":{"line":51,"column":null}},"4":{"start":{"line":18,"column":23},"end":{"line":18,"column":null}},"5":{"start":{"line":19,"column":8},"end":{"line":19,"column":null}},"6":{"start":{"line":19,"column":21},"end":{"line":19,"column":null}},"7":{"start":{"line":21,"column":24},"end":{"line":21,"column":47}},"8":{"start":{"line":22,"column":8},"end":{"line":22,"column":null}},"9":{"start":{"line":22,"column":22},"end":{"line":22,"column":null}},"10":{"start":{"line":24,"column":8},"end":{"line":24,"column":null}},"11":{"start":{"line":26,"column":18},"end":{"line":26,"column":null}},"12":{"start":{"line":28,"column":14},"end":{"line":43,"column":null}},"13":{"start":{"line":29,"column":12},"end":{"line":29,"column":null}},"14":{"start":{"line":31,"column":12},"end":{"line":39,"column":null}},"15":{"start":{"line":32,"column":16},"end":{"line":32,"column":null}},"16":{"start":{"line":33,"column":16},"end":{"line":33,"column":null}},"17":{"start":{"line":34,"column":16},"end":{"line":39,"column":null}},"18":{"start":{"line":42,"column":12},"end":{"line":42,"column":null}},"19":{"start":{"line":43,"column":12},"end":{"line":43,"column":null}},"20":{"start":{"line":46,"column":8},"end":{"line":46,"column":null}},"21":{"start":{"line":48,"column":8},"end":{"line":49,"column":null}},"22":{"start":{"line":49,"column":12},"end":{"line":49,"column":null}},"23":{"start":{"line":49,"column":21},"end":{"line":49,"column":null}},"24":{"start":{"line":53,"column":4},"end":{"line":60,"column":null}}},"fnMap":{"0":{"name":"(anonymous_0)","decl":{"start":{"line":10,"column":6},"end":{"line":10,"column":32}},"loc":{"start":{"line":13,"column":35},"end":{"line":60,"column":null}},"line":13},"1":{"name":"(anonymous_1)","decl":{"start":{"line":17,"column":4},"end":{"line":17,"column":20}},"loc":{"start":{"line":17,"column":20},"end":{"line":51,"column":8}},"line":17},"2":{"name":"(anonymous_2)","decl":{"start":{"line":28,"column":14},"end":{"line":28,"column":27}},"loc":{"start":{"line":28,"column":27},"end":{"line":43,"column":null}},"line":28},"3":{"name":"(anonymous_3)","decl":{"start":{"line":48,"column":8},"end":{"line":48,"column":21}},"loc":{"start":{"line":48,"column":21},"end":{"line":49,"column":null}},"line":48}},"branchMap":{"0":{"loc":{"start":{"line":19,"column":8},"end":{"line":19,"column":null}},"type":"if","locations":[{"start":{"line":19,"column":8},"end":{"line":19,"column":null}},{"start":{},"end":{}}],"line":19},"1":{"loc":{"start":{"line":22,"column":8},"end":{"line":22,"column":null}},"type":"if","locations":[{"start":{"line":22,"column":8},"end":{"line":22,"column":null}},{"start":{},"end":{}}],"line":22},"2":{"loc":{"start":{"line":49,"column":12},"end":{"line":49,"column":null}},"type":"if","locations":[{"start":{"line":49,"column":12},"end":{"line":49,"column":null}},{"start":{},"end":{}}],"line":49}},"s":{"0":4,"1":3,"2":3,"3":3,"4":3,"5":3,"6":0,"7":3,"8":3,"9":1,"10":2,"11":2,"12":2,"13":76,"14":76,"15":256,"16":256,"17":256,"18":76,"19":76,"20":2,"21":2,"22":2,"23":2,"24":3},"f":{"0":3,"1":3,"2":76,"3":2},"b":{"0":[0,3],"1":[1,2],"2":[2,0]},"meta":{"lastBranch":3,"lastFunction":4,"lastStatement":25,"seen":{"s:10:6:60:Infinity":0,"f:10:6:10:32":0,"s:14:10:14:60":1,"s:15:12:15:62":2,"s:17:4:51:Infinity":3,"f:17:4:17:20":1,"s:18:23:18:Infinity":4,"b:19:8:19:Infinity:undefined:undefined:undefined:undefined":0,"s:19:8:19:Infinity":5,"s:19:21:19:Infinity":6,"s:21:24:21:47":7,"b:22:8:22:Infinity:undefined:undefined:undefined:undefined":1,"s:22:8:22:Infinity":8,"s:22:22:22:Infinity":9,"s:24:8:24:Infinity":10,"s:26:18:26:Infinity":11,"s:28:14:43:Infinity":12,"f:28:14:28:27":2,"s:29:12:29:Infinity":13,"s:31:12:39:Infinity":14,"s:32:16:32:Infinity":15,"s:33:16:33:Infinity":16,"s:34:16:39:Infinity":17,"s:42:12:42:Infinity":18,"s:43:12:43:Infinity":19,"s:46:8:46:Infinity":20,"s:48:8:49:Infinity":21,"f:48:8:48:21":3,"b:49:12:49:Infinity:undefined:undefined:undefined:undefined":2,"s:49:12:49:Infinity":22,"s:49:21:49:Infinity":23,"s:53:4:60:Infinity":24}}}
,"/Users/robertothomasjr/Desktop/UrsaManus/src/components/effects/particleEmitter/particleEmitterMath.ts": {"path":"/Users/robertothomasjr/Desktop/UrsaManus/src/components/effects/particleEmitter/particleEmitterMath.ts","statementMap":{"0":{"start":{"line":10,"column":4},"end":{"line":10,"column":null}},"1":{"start":{"line":17,"column":21},"end":{"line":17,"column":null}},"2":{"start":{"line":19,"column":4},"end":{"line":20,"column":null}},"3":{"start":{"line":20,"column":8},"end":{"line":20,"column":null}},"4":{"start":{"line":23,"column":4},"end":{"line":30,"column":null}},"5":{"start":{"line":24,"column":23},"end":{"line":24,"column":63}},"6":{"start":{"line":25,"column":22},"end":{"line":25,"column":59}},"7":{"start":{"line":26,"column":25},"end":{"line":26,"column":null}},"8":{"start":{"line":27,"column":8},"end":{"line":30,"column":null}},"9":{"start":{"line":33,"column":23},"end":{"line":33,"column":69}},"10":{"start":{"line":34,"column":4},"end":{"line":37,"column":null}},"11":{"start":{"line":45,"column":20},"end":{"line":45,"column":46}},"12":{"start":{"line":47,"column":8},"end":{"line":49,"column":null}},"13":{"start":{"line":51,"column":21},"end":{"line":51,"column":null}},"14":{"start":{"line":52,"column":23},"end":{"line":52,"column":null}},"15":{"start":{"line":53,"column":17},"end":{"line":62,"column":65}},"16":{"start":{"line":64,"column":4},"end":{"line":73,"column":null}},"17":{"start":{"line":81,"column":34},"end":{"line":81,"column":36}},"18":{"start":{"line":83,"column":19},"end":{"line":83,"column":58}},"19":{"start":{"line":85,"column":4},"end":{"line":89,"column":null}},"20":{"start":{"line":85,"column":17},"end":{"line":85,"column":20}},"21":{"start":{"line":86,"column":25},"end":{"line":86,"column":58}},"22":{"start":{"line":87,"column":21},"end":{"line":87,"column":57}},"23":{"start":{"line":88,"column":14},"end":{"line":88,"column":66}},"24":{"start":{"line":89,"column":8},"end":{"line":89,"column":null}},"25":{"start":{"line":92,"column":4},"end":{"line":95,"column":null}},"26":{"start":{"line":103,"column":25},"end":{"line":103,"column":null}},"27":{"start":{"line":104,"column":23},"end":{"line":104,"column":52}},"28":{"start":{"line":105,"column":19},"end":{"line":105,"column":null}},"29":{"start":{"line":107,"column":29},"end":{"line":107,"column":31}},"30":{"start":{"line":109,"column":4},"end":{"line":136,"column":null}},"31":{"start":{"line":110,"column":22},"end":{"line":110,"column":null}},"32":{"start":{"line":111,"column":8},"end":{"line":111,"column":null}},"33":{"start":{"line":111,"column":38},"end":{"line":111,"column":null}},"34":{"start":{"line":114,"column":12},"end":{"line":114,"column":75}},"35":{"start":{"line":115,"column":19},"end":{"line":115,"column":null}},"36":{"start":{"line":116,"column":18},"end":{"line":116,"column":null}},"37":{"start":{"line":117,"column":18},"end":{"line":117,"column":null}},"38":{"start":{"line":119,"column":8},"end":{"line":125,"column":null}},"39":{"start":{"line":125,"column":12},"end":{"line":125,"column":null}},"40":{"start":{"line":128,"column":8},"end":{"line":136,"column":null}},"41":{"start":{"line":139,"column":4},"end":{"line":139,"column":null}}},"fnMap":{"0":{"name":"randomInRange","decl":{"start":{"line":9,"column":9},"end":{"line":9,"column":23}},"loc":{"start":{"line":9,"column":79},"end":{"line":10,"column":null}},"line":9},"1":{"name":"getSpawnLocation","decl":{"start":{"line":13,"column":9},"end":{"line":13,"column":null}},"loc":{"start":{"line":16,"column":28},"end":{"line":37,"column":null}},"line":16},"2":{"name":"buildSeed","decl":{"start":{"line":40,"column":9},"end":{"line":40,"column":null}},"loc":{"start":{"line":44,"column":16},"end":{"line":73,"column":null}},"line":44},"3":{"name":"spawnParticles","decl":{"start":{"line":76,"column":16},"end":{"line":76,"column":null}},"loc":{"start":{"line":80,"column":15},"end":{"line":95,"column":null}},"line":80},"4":{"name":"updateParticles","decl":{"start":{"line":98,"column":16},"end":{"line":98,"column":null}},"loc":{"start":{"line":102,"column":14},"end":{"line":139,"column":null}},"line":102}},"branchMap":{"0":{"loc":{"start":{"line":19,"column":4},"end":{"line":20,"column":null}},"type":"if","locations":[{"start":{"line":19,"column":4},"end":{"line":20,"column":null}},{"start":{},"end":{}}],"line":19},"1":{"loc":{"start":{"line":23,"column":4},"end":{"line":30,"column":null}},"type":"if","locations":[{"start":{"line":23,"column":4},"end":{"line":30,"column":null}},{"start":{},"end":{}}],"line":23},"2":{"loc":{"start":{"line":24,"column":35},"end":{"line":24,"column":63}},"type":"binary-expr","locations":[{"start":{"line":24,"column":35},"end":{"line":24,"column":61}},{"start":{"line":24,"column":61},"end":{"line":24,"column":63}}],"line":24},"3":{"loc":{"start":{"line":33,"column":36},"end":{"line":33,"column":67}},"type":"binary-expr","locations":[{"start":{"line":33,"column":36},"end":{"line":33,"column":62}},{"start":{"line":33,"column":62},"end":{"line":33,"column":67}}],"line":33},"4":{"loc":{"start":{"line":45,"column":20},"end":{"line":45,"column":46}},"type":"binary-expr","locations":[{"start":{"line":45,"column":20},"end":{"line":45,"column":44}},{"start":{"line":45,"column":44},"end":{"line":45,"column":46}}],"line":45},"5":{"loc":{"start":{"line":47,"column":8},"end":{"line":49,"column":null}},"type":"cond-expr","locations":[{"start":{"line":48,"column":14},"end":{"line":48,"column":null}},{"start":{"line":49,"column":14},"end":{"line":49,"column":null}}],"line":47},"6":{"loc":{"start":{"line":51,"column":21},"end":{"line":51,"column":null}},"type":"binary-expr","locations":[{"start":{"line":51,"column":21},"end":{"line":51,"column":37}},{"start":{"line":51,"column":37},"end":{"line":51,"column":null}}],"line":51},"7":{"loc":{"start":{"line":52,"column":23},"end":{"line":52,"column":null}},"type":"binary-expr","locations":[{"start":{"line":52,"column":23},"end":{"line":52,"column":45}},{"start":{"line":52,"column":45},"end":{"line":52,"column":null}}],"line":52},"8":{"loc":{"start":{"line":53,"column":17},"end":{"line":62,"column":65}},"type":"cond-expr","locations":[{"start":{"line":54,"column":10},"end":{"line":60,"column":null}},{"start":{"line":62,"column":10},"end":{"line":62,"column":65}}],"line":53},"9":{"loc":{"start":{"line":71,"column":17},"end":{"line":71,"column":null}},"type":"binary-expr","locations":[{"start":{"line":71,"column":17},"end":{"line":71,"column":36}},{"start":{"line":71,"column":36},"end":{"line":71,"column":null}}],"line":71},"10":{"loc":{"start":{"line":72,"column":14},"end":{"line":72,"column":null}},"type":"binary-expr","locations":[{"start":{"line":72,"column":14},"end":{"line":72,"column":30}},{"start":{"line":72,"column":30},"end":{"line":72,"column":null}}],"line":72},"11":{"loc":{"start":{"line":79,"column":4},"end":{"line":79,"column":null}},"type":"default-arg","locations":[{"start":{"line":79,"column":27},"end":{"line":79,"column":null}}],"line":79},"12":{"loc":{"start":{"line":111,"column":8},"end":{"line":111,"column":null}},"type":"if","locations":[{"start":{"line":111,"column":8},"end":{"line":111,"column":null}},{"start":{},"end":{}}],"line":111},"13":{"loc":{"start":{"line":119,"column":8},"end":{"line":125,"column":null}},"type":"if","locations":[{"start":{"line":119,"column":8},"end":{"line":125,"column":null}},{"start":{},"end":{}}],"line":119},"14":{"loc":{"start":{"line":120,"column":12},"end":{"line":123,"column":null}},"type":"binary-expr","locations":[{"start":{"line":120,"column":12},"end":{"line":120,"column":null}},{"start":{"line":121,"column":12},"end":{"line":121,"column":null}},{"start":{"line":122,"column":12},"end":{"line":122,"column":null}},{"start":{"line":123,"column":12},"end":{"line":123,"column":null}}],"line":120}},"s":{"0":30,"1":56,"2":56,"3":30,"4":26,"5":20,"6":20,"7":20,"8":20,"9":6,"10":56,"11":56,"12":56,"13":56,"14":56,"15":56,"16":56,"17":8,"18":8,"19":8,"20":8,"21":56,"22":56,"23":56,"24":56,"25":8,"26":123,"27":123,"28":123,"29":123,"30":123,"31":726,"32":726,"33":18,"34":708,"35":708,"36":708,"37":708,"38":708,"39":1,"40":707,"41":123},"f":{"0":30,"1":56,"2":56,"3":8,"4":123},"b":{"0":[30,26],"1":[20,6],"2":[20,0],"3":[6,0],"4":[56,51],"5":[5,51],"6":[56,48],"7":[56,56],"8":[4,52],"9":[56,56],"10":[56,56],"11":[8],"12":[18,708],"13":[1,707],"14":[708,707,707,707]},"meta":{"lastBranch":15,"lastFunction":5,"lastStatement":42,"seen":{"f:9:9:9:23":0,"s:10:4:10:Infinity":0,"f:13:9:13:Infinity":1,"s:17:21:17:Infinity":1,"b:19:4:20:Infinity:undefined:undefined:undefined:undefined":0,"s:19:4:20:Infinity":2,"s:20:8:20:Infinity":3,"b:23:4:30:Infinity:undefined:undefined:undefined:undefined":1,"s:23:4:30:Infinity":4,"s:24:23:24:63":5,"b:24:35:24:61:24:61:24:63":2,"s:25:22:25:59":6,"s:26:25:26:Infinity":7,"s:27:8:30:Infinity":8,"s:33:23:33:69":9,"b:33:36:33:62:33:62:33:67":3,"s:34:4:37:Infinity":10,"f:40:9:40:Infinity":2,"s:45:20:45:46":11,"b:45:20:45:44:45:44:45:46":4,"s:47:8:49:Infinity":12,"b:48:14:48:Infinity:49:14:49:Infinity":5,"s:51:21:51:Infinity":13,"b:51:21:51:37:51:37:51:Infinity":6,"s:52:23:52:Infinity":14,"b:52:23:52:45:52:45:52:Infinity":7,"s:53:17:62:65":15,"b:54:10:60:Infinity:62:10:62:65":8,"s:64:4:73:Infinity":16,"b:71:17:71:36:71:36:71:Infinity":9,"b:72:14:72:30:72:30:72:Infinity":10,"f:76:16:76:Infinity":3,"b:79:27:79:Infinity":11,"s:81:34:81:36":17,"s:83:19:83:58":18,"s:85:4:89:Infinity":19,"s:85:17:85:20":20,"s:86:25:86:58":21,"s:87:21:87:57":22,"s:88:14:88:66":23,"s:89:8:89:Infinity":24,"s:92:4:95:Infinity":25,"f:98:16:98:Infinity":4,"s:103:25:103:Infinity":26,"s:104:23:104:52":27,"s:105:19:105:Infinity":28,"s:107:29:107:31":29,"s:109:4:136:Infinity":30,"s:110:22:110:Infinity":31,"b:111:8:111:Infinity:undefined:undefined:undefined:undefined":12,"s:111:8:111:Infinity":32,"s:111:38:111:Infinity":33,"s:114:12:114:75":34,"s:115:19:115:Infinity":35,"s:116:18:116:Infinity":36,"s:117:18:117:Infinity":37,"b:119:8:125:Infinity:undefined:undefined:undefined:undefined":13,"s:119:8:125:Infinity":38,"b:120:12:120:Infinity:121:12:121:Infinity:122:12:122:Infinity:123:12:123:Infinity":14,"s:125:12:125:Infinity":39,"s:128:8:136:Infinity":40,"s:139:4:139:Infinity":41}}}
,"/Users/robertothomasjr/Desktop/UrsaManus/src/components/effects/particleEmitter/particleEmitterSignal.ts": {"path":"/Users/robertothomasjr/Desktop/UrsaManus/src/components/effects/particleEmitter/particleEmitterSignal.ts","statementMap":{"0":{"start":{"line":4,"column":37},"end":{"line":4,"column":null}},"1":{"start":{"line":7,"column":4},"end":{"line":7,"column":null}},"2":{"start":{"line":14,"column":4},"end":{"line":34,"column":null}},"3":{"start":{"line":41,"column":4},"end":{"line":61,"column":null}},"4":{"start":{"line":68,"column":4},"end":{"line":88,"column":null}},"5":{"start":{"line":95,"column":4},"end":{"line":115,"column":null}},"6":{"start":{"line":127,"column":32},"end":{"line":127,"column":null}},"7":{"start":{"line":136,"column":23},"end":{"line":136,"column":null}},"8":{"start":{"line":137,"column":24},"end":{"line":137,"column":null}},"9":{"start":{"line":139,"column":8},"end":{"line":139,"column":70}},"10":{"start":{"line":141,"column":4},"end":{"line":166,"column":null}},"11":{"start":{"line":168,"column":4},"end":{"line":185,"column":null}},"12":{"start":{"line":189,"column":18},"end":{"line":189,"column":49}},"13":{"start":{"line":190,"column":4},"end":{"line":190,"column":null}},"14":{"start":{"line":190,"column":16},"end":{"line":190,"column":null}},"15":{"start":{"line":192,"column":4},"end":{"line":192,"column":null}},"16":{"start":{"line":193,"column":4},"end":{"line":193,"column":null}},"17":{"start":{"line":197,"column":4},"end":{"line":198,"column":null}},"18":{"start":{"line":198,"column":8},"end":{"line":198,"column":null}},"19":{"start":{"line":200,"column":4},"end":{"line":200,"column":null}},"20":{"start":{"line":208,"column":4},"end":{"line":208,"column":null}},"21":{"start":{"line":210,"column":23},"end":{"line":210,"column":62}},"22":{"start":{"line":217,"column":8},"end":{"line":217,"column":null}},"23":{"start":{"line":219,"column":10},"end":{"line":229,"column":null}},"24":{"start":{"line":221,"column":12},"end":{"line":221,"column":null}},"25":{"start":{"line":223,"column":8},"end":{"line":229,"column":null}},"26":{"start":{"line":232,"column":4},"end":{"line":232,"column":null}},"27":{"start":{"line":233,"column":18},"end":{"line":233,"column":51}},"28":{"start":{"line":234,"column":4},"end":{"line":234,"column":null}},"29":{"start":{"line":236,"column":4},"end":{"line":236,"column":null}},"30":{"start":{"line":236,"column":17},"end":{"line":236,"column":42}}},"fnMap":{"0":{"name":"emitParticles","decl":{"start":{"line":6,"column":16},"end":{"line":6,"column":30}},"loc":{"start":{"line":6,"column":61},"end":{"line":7,"column":null}},"line":6},"1":{"name":"emitSmokeParticles","decl":{"start":{"line":10,"column":16},"end":{"line":10,"column":null}},"loc":{"start":{"line":13,"column":2},"end":{"line":34,"column":null}},"line":13},"2":{"name":"emitSparkParticles","decl":{"start":{"line":37,"column":16},"end":{"line":37,"column":null}},"loc":{"start":{"line":40,"column":2},"end":{"line":61,"column":null}},"line":40},"3":{"name":"emitMagicShimmerParticles","decl":{"start":{"line":64,"column":16},"end":{"line":64,"column":null}},"loc":{"start":{"line":67,"column":2},"end":{"line":88,"column":null}},"line":67},"4":{"name":"emitDebrisParticles","decl":{"start":{"line":91,"column":16},"end":{"line":91,"column":null}},"loc":{"start":{"line":94,"column":2},"end":{"line":115,"column":null}},"line":94},"5":{"name":"emitBurningFlameParticles","decl":{"start":{"line":132,"column":16},"end":{"line":132,"column":null}},"loc":{"start":{"line":135,"column":2},"end":{"line":185,"column":null}},"line":135},"6":{"name":"stopTorchFlameEmitter","decl":{"start":{"line":188,"column":16},"end":{"line":188,"column":38}},"loc":{"start":{"line":188,"column":50},"end":{"line":193,"column":null}},"line":188},"7":{"name":"stopAllTorchFlameEmitters","decl":{"start":{"line":196,"column":16},"end":{"line":196,"column":44}},"loc":{"start":{"line":196,"column":44},"end":{"line":200,"column":null}},"line":196},"8":{"name":"startTorchFlameEmitter","decl":{"start":{"line":203,"column":16},"end":{"line":203,"column":null}},"loc":{"start":{"line":207,"column":2},"end":{"line":236,"column":null}},"line":207},"9":{"name":"(anonymous_9)","decl":{"start":{"line":219,"column":10},"end":{"line":219,"column":27}},"loc":{"start":{"line":219,"column":27},"end":{"line":229,"column":null}},"line":219},"10":{"name":"(anonymous_10)","decl":{"start":{"line":236,"column":4},"end":{"line":236,"column":17}},"loc":{"start":{"line":236,"column":17},"end":{"line":236,"column":42}},"line":236}},"branchMap":{"0":{"loc":{"start":{"line":12,"column":4},"end":{"line":12,"column":39}},"type":"default-arg","locations":[{"start":{"line":12,"column":37},"end":{"line":12,"column":39}}],"line":12},"1":{"loc":{"start":{"line":15,"column":16},"end":{"line":15,"column":null}},"type":"binary-expr","locations":[{"start":{"line":15,"column":16},"end":{"line":15,"column":34}},{"start":{"line":15,"column":34},"end":{"line":15,"column":null}}],"line":15},"2":{"loc":{"start":{"line":23,"column":23},"end":{"line":23,"column":null}},"type":"binary-expr","locations":[{"start":{"line":23,"column":23},"end":{"line":23,"column":48}},{"start":{"line":23,"column":48},"end":{"line":23,"column":null}}],"line":23},"3":{"loc":{"start":{"line":24,"column":24},"end":{"line":24,"column":null}},"type":"binary-expr","locations":[{"start":{"line":24,"column":24},"end":{"line":24,"column":50}},{"start":{"line":24,"column":50},"end":{"line":24,"column":null}}],"line":24},"4":{"loc":{"start":{"line":25,"column":16},"end":{"line":25,"column":null}},"type":"binary-expr","locations":[{"start":{"line":25,"column":16},"end":{"line":25,"column":34}},{"start":{"line":25,"column":34},"end":{"line":25,"column":null}}],"line":25},"5":{"loc":{"start":{"line":26,"column":15},"end":{"line":26,"column":null}},"type":"binary-expr","locations":[{"start":{"line":26,"column":15},"end":{"line":26,"column":32}},{"start":{"line":26,"column":32},"end":{"line":26,"column":null}}],"line":26},"6":{"loc":{"start":{"line":28,"column":14},"end":{"line":28,"column":null}},"type":"binary-expr","locations":[{"start":{"line":28,"column":14},"end":{"line":28,"column":30}},{"start":{"line":28,"column":30},"end":{"line":28,"column":null}}],"line":28},"7":{"loc":{"start":{"line":29,"column":20},"end":{"line":29,"column":null}},"type":"binary-expr","locations":[{"start":{"line":29,"column":20},"end":{"line":29,"column":42}},{"start":{"line":29,"column":42},"end":{"line":29,"column":null}}],"line":29},"8":{"loc":{"start":{"line":31,"column":17},"end":{"line":31,"column":null}},"type":"binary-expr","locations":[{"start":{"line":31,"column":17},"end":{"line":31,"column":36}},{"start":{"line":31,"column":36},"end":{"line":31,"column":null}}],"line":31},"9":{"loc":{"start":{"line":32,"column":14},"end":{"line":32,"column":null}},"type":"binary-expr","locations":[{"start":{"line":32,"column":14},"end":{"line":32,"column":30}},{"start":{"line":32,"column":30},"end":{"line":32,"column":null}}],"line":32},"10":{"loc":{"start":{"line":39,"column":4},"end":{"line":39,"column":39}},"type":"default-arg","locations":[{"start":{"line":39,"column":37},"end":{"line":39,"column":39}}],"line":39},"11":{"loc":{"start":{"line":42,"column":16},"end":{"line":42,"column":null}},"type":"binary-expr","locations":[{"start":{"line":42,"column":16},"end":{"line":42,"column":34}},{"start":{"line":42,"column":34},"end":{"line":42,"column":null}}],"line":42},"12":{"loc":{"start":{"line":50,"column":23},"end":{"line":50,"column":null}},"type":"binary-expr","locations":[{"start":{"line":50,"column":23},"end":{"line":50,"column":48}},{"start":{"line":50,"column":48},"end":{"line":50,"column":null}}],"line":50},"13":{"loc":{"start":{"line":51,"column":16},"end":{"line":51,"column":null}},"type":"binary-expr","locations":[{"start":{"line":51,"column":16},"end":{"line":51,"column":34}},{"start":{"line":51,"column":34},"end":{"line":51,"column":null}}],"line":51},"14":{"loc":{"start":{"line":52,"column":15},"end":{"line":52,"column":null}},"type":"binary-expr","locations":[{"start":{"line":52,"column":15},"end":{"line":52,"column":32}},{"start":{"line":52,"column":32},"end":{"line":52,"column":null}}],"line":52},"15":{"loc":{"start":{"line":54,"column":14},"end":{"line":54,"column":null}},"type":"binary-expr","locations":[{"start":{"line":54,"column":14},"end":{"line":54,"column":30}},{"start":{"line":54,"column":30},"end":{"line":54,"column":null}}],"line":54},"16":{"loc":{"start":{"line":55,"column":20},"end":{"line":55,"column":null}},"type":"binary-expr","locations":[{"start":{"line":55,"column":20},"end":{"line":55,"column":42}},{"start":{"line":55,"column":42},"end":{"line":55,"column":null}}],"line":55},"17":{"loc":{"start":{"line":57,"column":17},"end":{"line":57,"column":null}},"type":"binary-expr","locations":[{"start":{"line":57,"column":17},"end":{"line":57,"column":36}},{"start":{"line":57,"column":36},"end":{"line":57,"column":null}}],"line":57},"18":{"loc":{"start":{"line":58,"column":14},"end":{"line":58,"column":null}},"type":"binary-expr","locations":[{"start":{"line":58,"column":14},"end":{"line":58,"column":30}},{"start":{"line":58,"column":30},"end":{"line":58,"column":null}}],"line":58},"19":{"loc":{"start":{"line":66,"column":4},"end":{"line":66,"column":39}},"type":"default-arg","locations":[{"start":{"line":66,"column":37},"end":{"line":66,"column":39}}],"line":66},"20":{"loc":{"start":{"line":69,"column":16},"end":{"line":69,"column":null}},"type":"binary-expr","locations":[{"start":{"line":69,"column":16},"end":{"line":69,"column":34}},{"start":{"line":69,"column":34},"end":{"line":69,"column":null}}],"line":69},"21":{"loc":{"start":{"line":77,"column":23},"end":{"line":77,"column":null}},"type":"binary-expr","locations":[{"start":{"line":77,"column":23},"end":{"line":77,"column":48}},{"start":{"line":77,"column":48},"end":{"line":77,"column":null}}],"line":77},"22":{"loc":{"start":{"line":78,"column":24},"end":{"line":78,"column":null}},"type":"binary-expr","locations":[{"start":{"line":78,"column":24},"end":{"line":78,"column":50}},{"start":{"line":78,"column":50},"end":{"line":78,"column":null}}],"line":78},"23":{"loc":{"start":{"line":79,"column":16},"end":{"line":79,"column":null}},"type":"binary-expr","locations":[{"start":{"line":79,"column":16},"end":{"line":79,"column":34}},{"start":{"line":79,"column":34},"end":{"line":79,"column":null}}],"line":79},"24":{"loc":{"start":{"line":80,"column":15},"end":{"line":80,"column":null}},"type":"binary-expr","locations":[{"start":{"line":80,"column":15},"end":{"line":80,"column":32}},{"start":{"line":80,"column":32},"end":{"line":80,"column":null}}],"line":80},"25":{"loc":{"start":{"line":81,"column":22},"end":{"line":81,"column":null}},"type":"binary-expr","locations":[{"start":{"line":81,"column":22},"end":{"line":81,"column":46}},{"start":{"line":81,"column":46},"end":{"line":81,"column":null}}],"line":81},"26":{"loc":{"start":{"line":82,"column":14},"end":{"line":82,"column":null}},"type":"binary-expr","locations":[{"start":{"line":82,"column":14},"end":{"line":82,"column":30}},{"start":{"line":82,"column":30},"end":{"line":82,"column":null}}],"line":82},"27":{"loc":{"start":{"line":83,"column":20},"end":{"line":83,"column":null}},"type":"binary-expr","locations":[{"start":{"line":83,"column":20},"end":{"line":83,"column":42}},{"start":{"line":83,"column":42},"end":{"line":83,"column":null}}],"line":83},"28":{"loc":{"start":{"line":85,"column":17},"end":{"line":85,"column":null}},"type":"binary-expr","locations":[{"start":{"line":85,"column":17},"end":{"line":85,"column":36}},{"start":{"line":85,"column":36},"end":{"line":85,"column":null}}],"line":85},"29":{"loc":{"start":{"line":86,"column":14},"end":{"line":86,"column":null}},"type":"binary-expr","locations":[{"start":{"line":86,"column":14},"end":{"line":86,"column":30}},{"start":{"line":86,"column":30},"end":{"line":86,"column":null}}],"line":86},"30":{"loc":{"start":{"line":93,"column":4},"end":{"line":93,"column":39}},"type":"default-arg","locations":[{"start":{"line":93,"column":37},"end":{"line":93,"column":39}}],"line":93},"31":{"loc":{"start":{"line":96,"column":16},"end":{"line":96,"column":null}},"type":"binary-expr","locations":[{"start":{"line":96,"column":16},"end":{"line":96,"column":34}},{"start":{"line":96,"column":34},"end":{"line":96,"column":null}}],"line":96},"32":{"loc":{"start":{"line":104,"column":23},"end":{"line":104,"column":null}},"type":"binary-expr","locations":[{"start":{"line":104,"column":23},"end":{"line":104,"column":48}},{"start":{"line":104,"column":48},"end":{"line":104,"column":null}}],"line":104},"33":{"loc":{"start":{"line":105,"column":24},"end":{"line":105,"column":null}},"type":"binary-expr","locations":[{"start":{"line":105,"column":24},"end":{"line":105,"column":50}},{"start":{"line":105,"column":50},"end":{"line":105,"column":null}}],"line":105},"34":{"loc":{"start":{"line":106,"column":16},"end":{"line":106,"column":null}},"type":"binary-expr","locations":[{"start":{"line":106,"column":16},"end":{"line":106,"column":34}},{"start":{"line":106,"column":34},"end":{"line":106,"column":null}}],"line":106},"35":{"loc":{"start":{"line":107,"column":15},"end":{"line":107,"column":null}},"type":"binary-expr","locations":[{"start":{"line":107,"column":15},"end":{"line":107,"column":32}},{"start":{"line":107,"column":32},"end":{"line":107,"column":null}}],"line":107},"36":{"loc":{"start":{"line":109,"column":14},"end":{"line":109,"column":null}},"type":"binary-expr","locations":[{"start":{"line":109,"column":14},"end":{"line":109,"column":30}},{"start":{"line":109,"column":30},"end":{"line":109,"column":null}}],"line":109},"37":{"loc":{"start":{"line":110,"column":20},"end":{"line":110,"column":null}},"type":"binary-expr","locations":[{"start":{"line":110,"column":20},"end":{"line":110,"column":42}},{"start":{"line":110,"column":42},"end":{"line":110,"column":null}}],"line":110},"38":{"loc":{"start":{"line":111,"column":19},"end":{"line":111,"column":null}},"type":"binary-expr","locations":[{"start":{"line":111,"column":19},"end":{"line":111,"column":40}},{"start":{"line":111,"column":40},"end":{"line":111,"column":null}}],"line":111},"39":{"loc":{"start":{"line":112,"column":17},"end":{"line":112,"column":null}},"type":"binary-expr","locations":[{"start":{"line":112,"column":17},"end":{"line":112,"column":36}},{"start":{"line":112,"column":36},"end":{"line":112,"column":null}}],"line":112},"40":{"loc":{"start":{"line":113,"column":14},"end":{"line":113,"column":null}},"type":"binary-expr","locations":[{"start":{"line":113,"column":14},"end":{"line":113,"column":30}},{"start":{"line":113,"column":30},"end":{"line":113,"column":null}}],"line":113},"41":{"loc":{"start":{"line":134,"column":4},"end":{"line":134,"column":37}},"type":"default-arg","locations":[{"start":{"line":134,"column":35},"end":{"line":134,"column":37}}],"line":134},"42":{"loc":{"start":{"line":136,"column":23},"end":{"line":136,"column":null}},"type":"binary-expr","locations":[{"start":{"line":136,"column":23},"end":{"line":136,"column":41}},{"start":{"line":136,"column":41},"end":{"line":136,"column":null}}],"line":136},"43":{"loc":{"start":{"line":137,"column":24},"end":{"line":137,"column":null}},"type":"binary-expr","locations":[{"start":{"line":137,"column":24},"end":{"line":137,"column":47}},{"start":{"line":137,"column":47},"end":{"line":137,"column":null}}],"line":137},"44":{"loc":{"start":{"line":139,"column":8},"end":{"line":139,"column":70}},"type":"binary-expr","locations":[{"start":{"line":139,"column":8},"end":{"line":139,"column":31}},{"start":{"line":139,"column":31},"end":{"line":139,"column":70}}],"line":139},"45":{"loc":{"start":{"line":150,"column":23},"end":{"line":150,"column":null}},"type":"binary-expr","locations":[{"start":{"line":150,"column":23},"end":{"line":150,"column":48}},{"start":{"line":150,"column":48},"end":{"line":150,"column":null}}],"line":150},"46":{"loc":{"start":{"line":151,"column":24},"end":{"line":151,"column":null}},"type":"binary-expr","locations":[{"start":{"line":151,"column":24},"end":{"line":151,"column":50}},{"start":{"line":151,"column":50},"end":{"line":151,"column":null}}],"line":151},"47":{"loc":{"start":{"line":152,"column":16},"end":{"line":152,"column":null}},"type":"binary-expr","locations":[{"start":{"line":152,"column":16},"end":{"line":152,"column":34}},{"start":{"line":152,"column":34},"end":{"line":152,"column":null}}],"line":152},"48":{"loc":{"start":{"line":153,"column":15},"end":{"line":153,"column":null}},"type":"binary-expr","locations":[{"start":{"line":153,"column":15},"end":{"line":153,"column":32}},{"start":{"line":153,"column":32},"end":{"line":153,"column":null}}],"line":153},"49":{"loc":{"start":{"line":154,"column":22},"end":{"line":159,"column":null}},"type":"binary-expr","locations":[{"start":{"line":154,"column":22},"end":{"line":154,"column":46}},{"start":{"line":154,"column":46},"end":{"line":159,"column":null}}],"line":154},"50":{"loc":{"start":{"line":160,"column":14},"end":{"line":160,"column":null}},"type":"binary-expr","locations":[{"start":{"line":160,"column":14},"end":{"line":160,"column":30}},{"start":{"line":160,"column":30},"end":{"line":160,"column":null}}],"line":160},"51":{"loc":{"start":{"line":161,"column":20},"end":{"line":161,"column":null}},"type":"binary-expr","locations":[{"start":{"line":161,"column":20},"end":{"line":161,"column":42}},{"start":{"line":161,"column":42},"end":{"line":161,"column":null}}],"line":161},"52":{"loc":{"start":{"line":163,"column":17},"end":{"line":163,"column":null}},"type":"binary-expr","locations":[{"start":{"line":163,"column":17},"end":{"line":163,"column":36}},{"start":{"line":163,"column":36},"end":{"line":163,"column":null}}],"line":163},"53":{"loc":{"start":{"line":164,"column":14},"end":{"line":164,"column":null}},"type":"binary-expr","locations":[{"start":{"line":164,"column":14},"end":{"line":164,"column":30}},{"start":{"line":164,"column":30},"end":{"line":164,"column":null}}],"line":164},"54":{"loc":{"start":{"line":178,"column":36},"end":{"line":178,"column":64}},"type":"binary-expr","locations":[{"start":{"line":178,"column":36},"end":{"line":178,"column":62}},{"start":{"line":178,"column":62},"end":{"line":178,"column":64}}],"line":178},"55":{"loc":{"start":{"line":179,"column":17},"end":{"line":179,"column":42}},"type":"binary-expr","locations":[{"start":{"line":179,"column":17},"end":{"line":179,"column":35}},{"start":{"line":179,"column":35},"end":{"line":179,"column":42}}],"line":179},"56":{"loc":{"start":{"line":190,"column":4},"end":{"line":190,"column":null}},"type":"if","locations":[{"start":{"line":190,"column":4},"end":{"line":190,"column":null}},{"start":{},"end":{}}],"line":190},"57":{"loc":{"start":{"line":206,"column":4},"end":{"line":206,"column":42}},"type":"default-arg","locations":[{"start":{"line":206,"column":40},"end":{"line":206,"column":42}}],"line":206},"58":{"loc":{"start":{"line":210,"column":36},"end":{"line":210,"column":62}},"type":"binary-expr","locations":[{"start":{"line":210,"column":36},"end":{"line":210,"column":58}},{"start":{"line":210,"column":58},"end":{"line":210,"column":62}}],"line":210},"59":{"loc":{"start":{"line":221,"column":12},"end":{"line":221,"column":null}},"type":"cond-expr","locations":[{"start":{"line":221,"column":45},"end":{"line":221,"column":55}},{"start":{"line":221,"column":58},"end":{"line":221,"column":null}}],"line":221},"60":{"loc":{"start":{"line":224,"column":20},"end":{"line":224,"column":null}},"type":"binary-expr","locations":[{"start":{"line":224,"column":20},"end":{"line":224,"column":30}},{"start":{"line":224,"column":30},"end":{"line":224,"column":null}}],"line":224},"61":{"loc":{"start":{"line":225,"column":25},"end":{"line":225,"column":null}},"type":"binary-expr","locations":[{"start":{"line":225,"column":25},"end":{"line":225,"column":40}},{"start":{"line":225,"column":40},"end":{"line":225,"column":50}},{"start":{"line":225,"column":50},"end":{"line":225,"column":null}}],"line":225},"62":{"loc":{"start":{"line":227,"column":16},"end":{"line":227,"column":74}},"type":"binary-expr","locations":[{"start":{"line":227,"column":16},"end":{"line":227,"column":31}},{"start":{"line":227,"column":31},"end":{"line":227,"column":74}}],"line":227},"63":{"loc":{"start":{"line":227,"column":55},"end":{"line":227,"column":71}},"type":"binary-expr","locations":[{"start":{"line":227,"column":55},"end":{"line":227,"column":65}},{"start":{"line":227,"column":65},"end":{"line":227,"column":71}}],"line":227}},"s":{"0":4,"1":16,"2":1,"3":1,"4":1,"5":1,"6":4,"7":4,"8":4,"9":4,"10":4,"11":4,"12":2,"13":2,"14":1,"15":1,"16":1,"17":6,"18":0,"19":6,"20":1,"21":1,"22":1,"23":1,"24":3,"25":3,"26":1,"27":1,"28":1,"29":1,"30":1},"f":{"0":16,"1":1,"2":1,"3":1,"4":1,"5":4,"6":2,"7":6,"8":1,"9":3,"10":1},"b":{"0":[1],"1":[1,1],"2":[1,1],"3":[1,1],"4":[1,1],"5":[1,1],"6":[1,1],"7":[1,1],"8":[1,1],"9":[1,1],"10":[1],"11":[1,1],"12":[1,1],"13":[1,1],"14":[1,1],"15":[1,1],"16":[1,1],"17":[1,1],"18":[1,1],"19":[1],"20":[1,1],"21":[1,1],"22":[1,1],"23":[1,1],"24":[1,1],"25":[1,1],"26":[1,1],"27":[1,1],"28":[1,1],"29":[1,1],"30":[1],"31":[1,1],"32":[1,1],"33":[1,1],"34":[1,1],"35":[1,1],"36":[1,1],"37":[1,1],"38":[1,1],"39":[1,1],"40":[1,1],"41":[4],"42":[4,1],"43":[4,1],"44":[4,1],"45":[4,4],"46":[4,4],"47":[4,4],"48":[4,4],"49":[4,4],"50":[4,4],"51":[4,4],"52":[4,4],"53":[4,4],"54":[4,4],"55":[4,4],"56":[1,1],"57":[1],"58":[1,0],"59":[0,3],"60":[3,0],"61":[3,3,0],"62":[3,3],"63":[3,0]},"meta":{"lastBranch":64,"lastFunction":11,"lastStatement":31,"seen":{"s:4:37:4:Infinity":0,"f:6:16:6:30":0,"s:7:4:7:Infinity":1,"f:10:16:10:Infinity":1,"b:12:37:12:39":0,"s:14:4:34:Infinity":2,"b:15:16:15:34:15:34:15:Infinity":1,"b:23:23:23:48:23:48:23:Infinity":2,"b:24:24:24:50:24:50:24:Infinity":3,"b:25:16:25:34:25:34:25:Infinity":4,"b:26:15:26:32:26:32:26:Infinity":5,"b:28:14:28:30:28:30:28:Infinity":6,"b:29:20:29:42:29:42:29:Infinity":7,"b:31:17:31:36:31:36:31:Infinity":8,"b:32:14:32:30:32:30:32:Infinity":9,"f:37:16:37:Infinity":2,"b:39:37:39:39":10,"s:41:4:61:Infinity":3,"b:42:16:42:34:42:34:42:Infinity":11,"b:50:23:50:48:50:48:50:Infinity":12,"b:51:16:51:34:51:34:51:Infinity":13,"b:52:15:52:32:52:32:52:Infinity":14,"b:54:14:54:30:54:30:54:Infinity":15,"b:55:20:55:42:55:42:55:Infinity":16,"b:57:17:57:36:57:36:57:Infinity":17,"b:58:14:58:30:58:30:58:Infinity":18,"f:64:16:64:Infinity":3,"b:66:37:66:39":19,"s:68:4:88:Infinity":4,"b:69:16:69:34:69:34:69:Infinity":20,"b:77:23:77:48:77:48:77:Infinity":21,"b:78:24:78:50:78:50:78:Infinity":22,"b:79:16:79:34:79:34:79:Infinity":23,"b:80:15:80:32:80:32:80:Infinity":24,"b:81:22:81:46:81:46:81:Infinity":25,"b:82:14:82:30:82:30:82:Infinity":26,"b:83:20:83:42:83:42:83:Infinity":27,"b:85:17:85:36:85:36:85:Infinity":28,"b:86:14:86:30:86:30:86:Infinity":29,"f:91:16:91:Infinity":4,"b:93:37:93:39":30,"s:95:4:115:Infinity":5,"b:96:16:96:34:96:34:96:Infinity":31,"b:104:23:104:48:104:48:104:Infinity":32,"b:105:24:105:50:105:50:105:Infinity":33,"b:106:16:106:34:106:34:106:Infinity":34,"b:107:15:107:32:107:32:107:Infinity":35,"b:109:14:109:30:109:30:109:Infinity":36,"b:110:20:110:42:110:42:110:Infinity":37,"b:111:19:111:40:111:40:111:Infinity":38,"b:112:17:112:36:112:36:112:Infinity":39,"b:113:14:113:30:113:30:113:Infinity":40,"s:127:32:127:Infinity":6,"f:132:16:132:Infinity":5,"b:134:35:134:37":41,"s:136:23:136:Infinity":7,"b:136:23:136:41:136:41:136:Infinity":42,"s:137:24:137:Infinity":8,"b:137:24:137:47:137:47:137:Infinity":43,"s:139:8:139:70":9,"b:139:8:139:31:139:31:139:70":44,"s:141:4:166:Infinity":10,"b:150:23:150:48:150:48:150:Infinity":45,"b:151:24:151:50:151:50:151:Infinity":46,"b:152:16:152:34:152:34:152:Infinity":47,"b:153:15:153:32:153:32:153:Infinity":48,"b:154:22:154:46:154:46:159:Infinity":49,"b:160:14:160:30:160:30:160:Infinity":50,"b:161:20:161:42:161:42:161:Infinity":51,"b:163:17:163:36:163:36:163:Infinity":52,"b:164:14:164:30:164:30:164:Infinity":53,"s:168:4:185:Infinity":11,"b:178:36:178:62:178:62:178:64":54,"b:179:17:179:35:179:35:179:42":55,"f:188:16:188:38":6,"s:189:18:189:49":12,"b:190:4:190:Infinity:undefined:undefined:undefined:undefined":56,"s:190:4:190:Infinity":13,"s:190:16:190:Infinity":14,"s:192:4:192:Infinity":15,"s:193:4:193:Infinity":16,"f:196:16:196:44":7,"s:197:4:198:Infinity":17,"s:198:8:198:Infinity":18,"s:200:4:200:Infinity":19,"f:203:16:203:Infinity":8,"b:206:40:206:42":57,"s:208:4:208:Infinity":20,"s:210:23:210:62":21,"b:210:36:210:58:210:58:210:62":58,"s:217:8:217:Infinity":22,"s:219:10:229:Infinity":23,"f:219:10:219:27":9,"s:221:12:221:Infinity":24,"b:221:45:221:55:221:58:221:Infinity":59,"s:223:8:229:Infinity":25,"b:224:20:224:30:224:30:224:Infinity":60,"b:225:25:225:40:225:40:225:50:225:50:225:Infinity":61,"b:227:16:227:31:227:31:227:74":62,"b:227:55:227:65:227:65:227:71":63,"s:232:4:232:Infinity":26,"s:233:18:233:51":27,"s:234:4:234:Infinity":28,"s:236:4:236:Infinity":29,"f:236:4:236:17":10,"s:236:17:236:42":30}}}
,"/Users/robertothomasjr/Desktop/UrsaManus/src/components/effects/particleEmitter/particleFactory.ts": {"path":"/Users/robertothomasjr/Desktop/UrsaManus/src/components/effects/particleEmitter/particleFactory.ts","statementMap":{"0":{"start":{"line":4,"column":4},"end":{"line":4,"column":null}},"1":{"start":{"line":8,"column":4},"end":{"line":8,"column":null}},"2":{"start":{"line":12,"column":10},"end":{"line":12,"column":null}},"3":{"start":{"line":13,"column":4},"end":{"line":13,"column":null}},"4":{"start":{"line":21,"column":22},"end":{"line":21,"column":null}},"5":{"start":{"line":22,"column":24},"end":{"line":22,"column":null}},"6":{"start":{"line":24,"column":21},"end":{"line":27,"column":null}},"7":{"start":{"line":29,"column":18},"end":{"line":31,"column":null}},"8":{"start":{"line":33,"column":20},"end":{"line":33,"column":39}},"9":{"start":{"line":35,"column":4},"end":{"line":48,"column":null}}},"fnMap":{"0":{"name":"clamp","decl":{"start":{"line":3,"column":9},"end":{"line":3,"column":15}},"loc":{"start":{"line":3,"column":64},"end":{"line":4,"column":null}},"line":3},"1":{"name":"toRadians","decl":{"start":{"line":7,"column":9},"end":{"line":7,"column":19}},"loc":{"start":{"line":7,"column":44},"end":{"line":8,"column":null}},"line":7},"2":{"name":"withJitter","decl":{"start":{"line":11,"column":9},"end":{"line":11,"column":20}},"loc":{"start":{"line":11,"column":79},"end":{"line":13,"column":null}},"line":11},"3":{"name":"createParticle","decl":{"start":{"line":16,"column":16},"end":{"line":16,"column":null}},"loc":{"start":{"line":20,"column":12},"end":{"line":48,"column":null}},"line":20}},"branchMap":{"0":{"loc":{"start":{"line":19,"column":4},"end":{"line":19,"column":null}},"type":"default-arg","locations":[{"start":{"line":19,"column":27},"end":{"line":19,"column":null}}],"line":19},"1":{"loc":{"start":{"line":21,"column":22},"end":{"line":21,"column":null}},"type":"binary-expr","locations":[{"start":{"line":21,"column":22},"end":{"line":21,"column":50}},{"start":{"line":21,"column":50},"end":{"line":21,"column":null}}],"line":21},"2":{"loc":{"start":{"line":22,"column":24},"end":{"line":22,"column":null}},"type":"binary-expr","locations":[{"start":{"line":22,"column":24},"end":{"line":22,"column":54}},{"start":{"line":22,"column":54},"end":{"line":22,"column":null}}],"line":22}},"s":{"0":57,"1":57,"2":114,"3":114,"4":57,"5":57,"6":57,"7":57,"8":57,"9":57},"f":{"0":57,"1":57,"2":114,"3":57},"b":{"0":[57],"1":[57,57],"2":[57,57]},"meta":{"lastBranch":3,"lastFunction":4,"lastStatement":10,"seen":{"f:3:9:3:15":0,"s:4:4:4:Infinity":0,"f:7:9:7:19":1,"s:8:4:8:Infinity":1,"f:11:9:11:20":2,"s:12:10:12:Infinity":2,"s:13:4:13:Infinity":3,"f:16:16:16:Infinity":3,"b:19:27:19:Infinity":0,"s:21:22:21:Infinity":4,"b:21:22:21:50:21:50:21:Infinity":1,"s:22:24:22:Infinity":5,"b:22:24:22:54:22:54:22:Infinity":2,"s:24:21:27:Infinity":6,"s:29:18:31:Infinity":7,"s:33:20:33:39":8,"s:35:4:48:Infinity":9}}}
,"/Users/robertothomasjr/Desktop/UrsaManus/src/components/effects/particleEmitter/useParticleEmitter.ts": {"path":"/Users/robertothomasjr/Desktop/UrsaManus/src/components/effects/particleEmitter/useParticleEmitter.ts","statementMap":{"0":{"start":{"line":8,"column":10},"end":{"line":8,"column":47}},"1":{"start":{"line":9,"column":10},"end":{"line":9,"column":27}},"2":{"start":{"line":11,"column":4},"end":{"line":25,"column":null}},"3":{"start":{"line":12,"column":28},"end":{"line":22,"column":null}},"4":{"start":{"line":15,"column":35},"end":{"line":17,"column":null}},"5":{"start":{"line":19,"column":16},"end":{"line":19,"column":null}},"6":{"start":{"line":20,"column":16},"end":{"line":20,"column":null}},"7":{"start":{"line":24,"column":8},"end":{"line":24,"column":null}},"8":{"start":{"line":27,"column":4},"end":{"line":54,"column":null}},"9":{"start":{"line":28,"column":18},"end":{"line":28,"column":null}},"10":{"start":{"line":29,"column":23},"end":{"line":29,"column":40}},"11":{"start":{"line":31,"column":14},"end":{"line":46,"column":null}},"12":{"start":{"line":32,"column":28},"end":{"line":32,"column":56}},"13":{"start":{"line":33,"column":12},"end":{"line":33,"column":null}},"14":{"start":{"line":35,"column":12},"end":{"line":43,"column":null}},"15":{"start":{"line":36,"column":16},"end":{"line":43,"column":null}},"16":{"start":{"line":46,"column":12},"end":{"line":46,"column":null}},"17":{"start":{"line":49,"column":8},"end":{"line":49,"column":null}},"18":{"start":{"line":51,"column":8},"end":{"line":52,"column":null}},"19":{"start":{"line":52,"column":12},"end":{"line":52,"column":null}},"20":{"start":{"line":52,"column":21},"end":{"line":52,"column":null}},"21":{"start":{"line":56,"column":4},"end":{"line":56,"column":null}}},"fnMap":{"0":{"name":"useParticleEmitter","decl":{"start":{"line":7,"column":16},"end":{"line":7,"column":35}},"loc":{"start":{"line":7,"column":66},"end":{"line":56,"column":null}},"line":7},"1":{"name":"(anonymous_1)","decl":{"start":{"line":11,"column":4},"end":{"line":11,"column":20}},"loc":{"start":{"line":11,"column":20},"end":{"line":25,"column":9}},"line":11},"2":{"name":"(anonymous_2)","decl":{"start":{"line":13,"column":12},"end":{"line":13,"column":null}},"loc":{"start":{"line":14,"column":25},"end":{"line":22,"column":null}},"line":14},"3":{"name":"(anonymous_3)","decl":{"start":{"line":27,"column":4},"end":{"line":27,"column":20}},"loc":{"start":{"line":27,"column":20},"end":{"line":54,"column":8}},"line":27},"4":{"name":"(anonymous_4)","decl":{"start":{"line":31,"column":14},"end":{"line":31,"column":22}},"loc":{"start":{"line":31,"column":38},"end":{"line":46,"column":null}},"line":31},"5":{"name":"(anonymous_5)","decl":{"start":{"line":51,"column":8},"end":{"line":51,"column":21}},"loc":{"start":{"line":51,"column":21},"end":{"line":52,"column":null}},"line":51}},"branchMap":{"0":{"loc":{"start":{"line":35,"column":12},"end":{"line":43,"column":null}},"type":"if","locations":[{"start":{"line":35,"column":12},"end":{"line":43,"column":null}},{"start":{},"end":{}}],"line":35},"1":{"loc":{"start":{"line":52,"column":12},"end":{"line":52,"column":null}},"type":"if","locations":[{"start":{"line":52,"column":12},"end":{"line":52,"column":null}},{"start":{},"end":{}}],"line":52}},"s":{"0":6,"1":6,"2":6,"3":6,"4":3,"5":3,"6":3,"7":6,"8":6,"9":6,"10":6,"11":6,"12":196,"13":196,"14":196,"15":122,"16":196,"17":6,"18":6,"19":6,"20":6,"21":6},"f":{"0":6,"1":6,"2":3,"3":6,"4":196,"5":6},"b":{"0":[122,74],"1":[6,0]},"meta":{"lastBranch":2,"lastFunction":6,"lastStatement":22,"seen":{"f:7:16:7:35":0,"s:8:10:8:47":0,"s:9:10:9:27":1,"s:11:4:25:Infinity":2,"f:11:4:11:20":1,"s:12:28:22:Infinity":3,"f:13:12:13:Infinity":2,"s:15:35:17:Infinity":4,"s:19:16:19:Infinity":5,"s:20:16:20:Infinity":6,"s:24:8:24:Infinity":7,"s:27:4:54:Infinity":8,"f:27:4:27:20":3,"s:28:18:28:Infinity":9,"s:29:23:29:40":10,"s:31:14:46:Infinity":11,"f:31:14:31:22":4,"s:32:28:32:56":12,"s:33:12:33:Infinity":13,"b:35:12:43:Infinity:undefined:undefined:undefined:undefined":0,"s:35:12:43:Infinity":14,"s:36:16:43:Infinity":15,"s:46:12:46:Infinity":16,"s:49:8:49:Infinity":17,"s:51:8:52:Infinity":18,"f:51:8:51:21":5,"b:52:12:52:Infinity:undefined:undefined:undefined:undefined":1,"s:52:12:52:Infinity":19,"s:52:21:52:Infinity":20,"s:56:4:56:Infinity":21}}}
,"/Users/robertothomasjr/Desktop/UrsaManus/src/components/effects/screenTransition/ScreenTransitionOverlay.tsx": {"path":"/Users/robertothomasjr/Desktop/UrsaManus/src/components/effects/screenTransition/ScreenTransitionOverlay.tsx","statementMap":{"0":{"start":{"line":13,"column":6},"end":{"line":44,"column":null}},"1":{"start":{"line":17,"column":10},"end":{"line":17,"column":57}},"2":{"start":{"line":19,"column":10},"end":{"line":24,"column":null}},"3":{"start":{"line":20,"column":15},"end":{"line":23,"column":null}},"4":{"start":{"line":27,"column":4},"end":{"line":27,"column":null}},"5":{"start":{"line":27,"column":28},"end":{"line":27,"column":null}},"6":{"start":{"line":29,"column":4},"end":{"line":44,"column":null}},"7":{"start":{"line":32,"column":16},"end":{"line":42,"column":null}}},"fnMap":{"0":{"name":"(anonymous_0)","decl":{"start":{"line":13,"column":6},"end":{"line":13,"column":33}},"loc":{"start":{"line":16,"column":36},"end":{"line":44,"column":null}},"line":16},"1":{"name":"(anonymous_1)","decl":{"start":{"line":19,"column":18},"end":{"line":19,"column":null}},"loc":{"start":{"line":20,"column":15},"end":{"line":23,"column":null}},"line":20},"2":{"name":"(anonymous_2)","decl":{"start":{"line":31,"column":30},"end":{"line":31,"column":35}},"loc":{"start":{"line":32,"column":16},"end":{"line":42,"column":null}},"line":32}},"branchMap":{"0":{"loc":{"start":{"line":27,"column":4},"end":{"line":27,"column":null}},"type":"if","locations":[{"start":{"line":27,"column":4},"end":{"line":27,"column":null}},{"start":{},"end":{}}],"line":27}},"s":{"0":4,"1":3,"2":3,"3":2,"4":3,"5":2,"6":1,"7":64},"f":{"0":3,"1":2,"2":64},"b":{"0":[2,1]},"meta":{"lastBranch":1,"lastFunction":3,"lastStatement":8,"seen":{"s:13:6:44:Infinity":0,"f:13:6:13:33":0,"s:17:10:17:57":1,"s:19:10:24:Infinity":2,"f:19:18:19:Infinity":1,"s:20:15:23:Infinity":3,"b:27:4:27:Infinity:undefined:undefined:undefined:undefined":0,"s:27:4:27:Infinity":4,"s:27:28:27:Infinity":5,"s:29:4:44:Infinity":6,"f:31:30:31:35":2,"s:32:16:42:Infinity":7}}}
,"/Users/robertothomasjr/Desktop/UrsaManus/src/components/effects/screenTransition/screenTransitionSignal.ts": {"path":"/Users/robertothomasjr/Desktop/UrsaManus/src/components/effects/screenTransition/screenTransitionSignal.ts","statementMap":{"0":{"start":{"line":35,"column":45},"end":{"line":35,"column":null}},"1":{"start":{"line":38,"column":4},"end":{"line":38,"column":null}},"2":{"start":{"line":45,"column":4},"end":{"line":48,"column":null}},"3":{"start":{"line":54,"column":4},"end":{"line":58,"column":null}},"4":{"start":{"line":64,"column":4},"end":{"line":68,"column":null}},"5":{"start":{"line":72,"column":4},"end":{"line":76,"column":null}},"6":{"start":{"line":82,"column":4},"end":{"line":86,"column":null}}},"fnMap":{"0":{"name":"playScreenTransition","decl":{"start":{"line":37,"column":16},"end":{"line":37,"column":37}},"loc":{"start":{"line":37,"column":75},"end":{"line":38,"column":null}},"line":37},"1":{"name":"playBlackFade","decl":{"start":{"line":44,"column":16},"end":{"line":44,"column":30}},"loc":{"start":{"line":44,"column":57},"end":{"line":48,"column":null}},"line":44},"2":{"name":"playVenetianBlindsTransition","decl":{"start":{"line":51,"column":16},"end":{"line":51,"column":null}},"loc":{"start":{"line":53,"column":2},"end":{"line":58,"column":null}},"line":53},"3":{"name":"playMosaicDissolveTransition","decl":{"start":{"line":61,"column":16},"end":{"line":61,"column":null}},"loc":{"start":{"line":63,"column":2},"end":{"line":68,"column":null}},"line":63},"4":{"name":"playIrisTransition","decl":{"start":{"line":71,"column":16},"end":{"line":71,"column":35}},"loc":{"start":{"line":71,"column":70},"end":{"line":76,"column":null}},"line":71},"5":{"name":"playDirectionalPushTransition","decl":{"start":{"line":79,"column":16},"end":{"line":79,"column":null}},"loc":{"start":{"line":81,"column":2},"end":{"line":86,"column":null}},"line":81}},"branchMap":{"0":{"loc":{"start":{"line":55,"column":15},"end":{"line":55,"column":null}},"type":"binary-expr","locations":[{"start":{"line":55,"column":15},"end":{"line":55,"column":32}},{"start":{"line":55,"column":32},"end":{"line":55,"column":null}}],"line":55},"1":{"loc":{"start":{"line":65,"column":15},"end":{"line":65,"column":null}},"type":"binary-expr","locations":[{"start":{"line":65,"column":15},"end":{"line":65,"column":32}},{"start":{"line":65,"column":32},"end":{"line":65,"column":null}}],"line":65},"2":{"loc":{"start":{"line":73,"column":15},"end":{"line":73,"column":null}},"type":"binary-expr","locations":[{"start":{"line":73,"column":15},"end":{"line":73,"column":32}},{"start":{"line":73,"column":32},"end":{"line":73,"column":null}}],"line":73},"3":{"loc":{"start":{"line":83,"column":15},"end":{"line":83,"column":null}},"type":"binary-expr","locations":[{"start":{"line":83,"column":15},"end":{"line":83,"column":32}},{"start":{"line":83,"column":32},"end":{"line":83,"column":null}}],"line":83}},"s":{"0":4,"1":12,"2":1,"3":1,"4":1,"5":1,"6":1},"f":{"0":12,"1":1,"2":1,"3":1,"4":1,"5":1},"b":{"0":[1,0],"1":[1,0],"2":[1,0],"3":[1,0]},"meta":{"lastBranch":4,"lastFunction":6,"lastStatement":7,"seen":{"s:35:45:35:Infinity":0,"f:37:16:37:37":0,"s:38:4:38:Infinity":1,"f:44:16:44:30":1,"s:45:4:48:Infinity":2,"f:51:16:51:Infinity":2,"s:54:4:58:Infinity":3,"b:55:15:55:32:55:32:55:Infinity":0,"f:61:16:61:Infinity":3,"s:64:4:68:Infinity":4,"b:65:15:65:32:65:32:65:Infinity":1,"f:71:16:71:35":4,"s:72:4:76:Infinity":5,"b:73:15:73:32:73:32:73:Infinity":2,"f:79:16:79:Infinity":5,"s:82:4:86:Infinity":6,"b:83:15:83:32:83:32:83:Infinity":3}}}
,"/Users/robertothomasjr/Desktop/UrsaManus/src/components/effects/screenTransition/useScreenTransition.ts": {"path":"/Users/robertothomasjr/Desktop/UrsaManus/src/components/effects/screenTransition/useScreenTransition.ts","statementMap":{"0":{"start":{"line":46,"column":49},"end":{"line":46,"column":null}},"1":{"start":{"line":47,"column":28},"end":{"line":47,"column":null}},"2":{"start":{"line":48,"column":24},"end":{"line":48,"column":null}},"3":{"start":{"line":49,"column":25},"end":{"line":49,"column":null}},"4":{"start":{"line":50,"column":58},"end":{"line":50,"column":null}},"5":{"start":{"line":51,"column":41},"end":{"line":51,"column":null}},"6":{"start":{"line":52,"column":40},"end":{"line":52,"column":null}},"7":{"start":{"line":61,"column":4},"end":{"line":69,"column":null}},"8":{"start":{"line":63,"column":12},"end":{"line":63,"column":null}},"9":{"start":{"line":65,"column":12},"end":{"line":65,"column":null}},"10":{"start":{"line":67,"column":12},"end":{"line":67,"column":null}},"11":{"start":{"line":69,"column":12},"end":{"line":69,"column":null}},"12":{"start":{"line":74,"column":4},"end":{"line":74,"column":null}},"13":{"start":{"line":78,"column":14},"end":{"line":78,"column":32}},"14":{"start":{"line":79,"column":4},"end":{"line":79,"column":null}},"15":{"start":{"line":83,"column":14},"end":{"line":83,"column":32}},"16":{"start":{"line":84,"column":4},"end":{"line":84,"column":null}},"17":{"start":{"line":88,"column":14},"end":{"line":88,"column":null}},"18":{"start":{"line":89,"column":4},"end":{"line":89,"column":null}},"19":{"start":{"line":93,"column":16},"end":{"line":93,"column":null}},"20":{"start":{"line":94,"column":4},"end":{"line":94,"column":null}},"21":{"start":{"line":98,"column":4},"end":{"line":98,"column":null}},"22":{"start":{"line":102,"column":4},"end":{"line":102,"column":null}},"23":{"start":{"line":110,"column":4},"end":{"line":111,"column":null}},"24":{"start":{"line":111,"column":8},"end":{"line":111,"column":null}},"25":{"start":{"line":114,"column":4},"end":{"line":122,"column":null}},"26":{"start":{"line":116,"column":12},"end":{"line":116,"column":null}},"27":{"start":{"line":118,"column":12},"end":{"line":118,"column":null}},"28":{"start":{"line":120,"column":12},"end":{"line":120,"column":null}},"29":{"start":{"line":122,"column":12},"end":{"line":122,"column":null}},"30":{"start":{"line":134,"column":4},"end":{
[...]
6},"end":{"line":444,"column":68}},"type":"cond-expr","locations":[{"start":{"line":444,"column":37},"end":{"line":444,"column":52}},{"start":{"line":444,"column":52},"end":{"line":444,"column":68}}],"line":444},"50":{"loc":{"start":{"line":459,"column":8},"end":{"line":462,"column":null}},"type":"if","locations":[{"start":{"line":459,"column":8},"end":{"line":462,"column":null}},{"start":{},"end":{}}],"line":459},"51":{"loc":{"start":{"line":459,"column":12},"end":{"line":459,"column":46}},"type":"binary-expr","locations":[{"start":{"line":459,"column":12},"end":{"line":459,"column":31}},{"start":{"line":459,"column":31},"end":{"line":459,"column":46}}],"line":459},"52":{"loc":{"start":{"line":467,"column":8},"end":{"line":467,"column":null}},"type":"if","locations":[{"start":{"line":467,"column":8},"end":{"line":467,"column":null}},{"start":{},"end":{}}],"line":467},"53":{"loc":{"start":{"line":477,"column":12},"end":{"line":478,"column":null}},"type":"if","locations":[{"start":{"line":477,"column":12},"end":{"line":478,"column":null}},{"start":{},"end":{}}],"line":477},"54":{"loc":{"start":{"line":488,"column":12},"end":{"line":489,"column":null}},"type":"if","locations":[{"start":{"line":488,"column":12},"end":{"line":489,"column":null}},{"start":{},"end":{}}],"line":488},"55":{"loc":{"start":{"line":488,"column":16},"end":{"line":488,"column":52}},"type":"binary-expr","locations":[{"start":{"line":488,"column":16},"end":{"line":488,"column":35}},{"start":{"line":488,"column":35},"end":{"line":488,"column":52}}],"line":488},"56":{"loc":{"start":{"line":492,"column":12},"end":{"line":497,"column":null}},"type":"if","locations":[{"start":{"line":492,"column":12},"end":{"line":497,"column":null}},{"start":{},"end":{}}],"line":492},"57":{"loc":{"start":{"line":494,"column":16},"end":{"line":497,"column":null}},"type":"if","locations":[{"start":{"line":494,"column":16},"end":{"line":497,"column":null}},{"start":{},"end":{}}],"line":494},"58":{"loc":{"start":{"line":496,"column":20},"end":{"line":497,"column":null}},"type":"if","locations":[{"start":{"line":496,"column":20},"end":{"line":497,"column":null}},{"start":{},"end":{}}],"line":496},"59":{"loc":{"start":{"line":502,"column":12},"end":{"line":507,"column":null}},"type":"if","locations":[{"start":{"line":502,"column":12},"end":{"line":507,"column":null}},{"start":{},"end":{}}],"line":502},"60":{"loc":{"start":{"line":504,"column":16},"end":{"line":507,"column":null}},"type":"if","locations":[{"start":{"line":504,"column":16},"end":{"line":507,"column":null}},{"start":{},"end":{}}],"line":504},"61":{"loc":{"start":{"line":506,"column":20},"end":{"line":507,"column":null}},"type":"if","locations":[{"start":{"line":506,"column":20},"end":{"line":507,"column":null}},{"start":{},"end":{}}],"line":506},"62":{"loc":{"start":{"line":512,"column":12},"end":{"line":513,"column":null}},"type":"if","locations":[{"start":{"line":512,"column":12},"end":{"line":513,"column":null}},{"start":{},"end":{}}],"line":512},"63":{"loc":{"start":{"line":512,"column":16},"end":{"line":512,"column":78}},"type":"binary-expr","locations":[{"start":{"line":512,"column":16},"end":{"line":512,"column":48}},{"start":{"line":512,"column":48},"end":{"line":512,"column":78}}],"line":512},"64":{"loc":{"start":{"line":517,"column":8},"end":{"line":518,"column":null}},"type":"if","locations":[{"start":{"line":517,"column":8},"end":{"line":518,"column":null}},{"start":{},"end":{}}],"line":517}},"s":{"0":1,"1":1,"2":1,"3":1,"4":1,"5":1,"6":1,"7":1,"8":1,"9":1,"10":1,"11":1,"12":1,"13":27,"14":32,"15":12,"16":12,"17":0,"18":0,"19":0,"20":4,"21":4,"22":4,"23":2,"24":2,"25":0,"26":4,"27":2,"28":2,"29":0,"30":4,"31":0,"32":4,"33":4,"34":4,"35":4,"36":4,"37":4,"38":4,"39":4,"40":1,"41":1,"42":1,"43":1,"44":31,"45":23,"46":1,"47":1,"48":1,"49":31,"50":31,"51":8,"52":23,"53":32,"54":36,"55":32,"56":9,"57":9,"58":9,"59":9,"60":9,"61":9,"62":9,"63":9,"64":4,"65":4,"66":2,"67":2,"68":1,"69":1,"70":1,"71":2,"72":27,"73":1,"74":1,"75":26,"76":22,"77":22,"78":0,"79":8,"80":23,"81":3,"82":3,"83":3,"84":0,"85":12,"86":12,"87":1,"88":11,"89":26,"90":26,"91":1,"92":25,"93":2,"94":2,"95":1,"96":1,"97":1,"98":1,"99":1,"100":5,"101":5,"102":2,"103":3,"104":1,"105":3,"106":3,"107":1,"108":2,"109":2,"110":1,"111":1,"112":0,"113":1,"114":1,"115":2,"116":2,"117":11,"118":2,"119":9,"120":2,"121":7,"122":14,"123":0,"124":14,"125":14,"126":14,"127":14,"128":13,"129":13,"130":2,"131":11,"132":11,"133":3,"134":11,"135":11,"136":11,"137":13,"138":13,"139":13,"140":13,"141":13,"142":13,"143":2,"144":2,"145":2,"146":15,"147":2,"148":13,"149":13,"150":13,"151":13,"152":13,"153":13,"154":13,"155":59,"156":59,"157":13,"158":59,"159":59,"160":59,"161":59,"162":48,"163":11,"164":3,"165":3,"166":0,"167":0,"168":0,"169":11,"170":11,"171":11,"172":3,"173":3,"174":3,"175":11,"176":8,"177":13,"178":8,"179":13,"180":1},"f":{"0":1,"1":0,"2":0,"3":27,"4":32,"5":12,"6":4,"7":4,"8":1,"9":1,"10":1,"11":1,"12":31,"13":23,"14":1,"15":31,"16":32,"17":9,"18":4,"19":2,"20":27,"21":22,"22":22,"23":0,"24":8,"25":23,"26":3,"27":0,"28":12,"29":26,"30":2,"31":5,"32":1,"33":3,"34":2,"35":2,"36":11,"37":14,"38":13,"39":15},"b":{"0":[0,0],"1":[0,0],"2":[0,0],"3":[0,0],"4":[2,2],"5":[0,2],"6":[2,2],"7":[0,2],"8":[0,4],"9":[4,2],"10":[4,2],"11":[4,0],"12":[1],"13":[1],"14":[1],"15":[1],"16":[1,0],"17":[8,23],"18":[2,2],"19":[1,1],"20":[1,26],"21":[0],"22":[8],"23":[3,1,1],"24":[12],"25":[1,11],"26":[0,11],"27":[0,0],"28":[0,0],"29":[1,25],"30":[1,1],"31":[1,0],"32":[5],"33":[2,3],"34":[5,4],"35":[1],"36":[3],"37":[1,2],"38":[1,1],"39":[0,1],"40":[2],"41":[2,9],"42":[2,7],"43":[0,14],"44":[14,14],"45":[2,11],"46":[3,8],"47":[3,8],"48":[3,8],"49":[3,8],"50":[2,11],"51":[13,2],"52":[2,13],"53":[13,46],"54":[48,11],"55":[59,56],"56":[3,8],"57":[0,3],"58":[0,0],"59":[11,0],"60":[3,8],"61":[3,0],"62":[8,3],"63":[11,8],"64":[8,5]},"meta":{"lastBranch":65,"lastFunction":40,"lastStatement":181,"seen":{"s:41:35:41:Infinity":0,"s:42:30:42:51":1,"s:43:43:43:72":2,"s:44:39:44:Infinity":3,"s:45:39:45:Infinity":4,"s:46:45:46:Infinity":5,"s:47:46:47:Infinity":6,"s:48:57:55:Infinity":7,"s:56:49:60:Infinity":8,"s:62:12:124:Infinity":9,"f:62:12:62:38":0,"s:63:31:86:Infinity":10,"f:69:12:69:31":1,"s:88:32:111:Infinity":11,"f:94:12:94:31":2,"s:113:8:123:Infinity":12,"f:126:4:126:11":3,"s:127:8:127:Infinity":13,"f:130:4:130:11":4,"s:131:8:131:Infinity":14,"f:134:4:134:12":5,"s:135:23:135:70":15,"s:136:8:141:Infinity":16,"s:137:22:137:74":17,"b:137:22:137:29:137:24:137:74":0,"s:138:22:138:74":18,"b:138:22:138:29:138:24:138:74":1,"s:139:12:141:Infinity":19,"b:140:41:140:52:140:52:140:58":2,"b:140:65:140:76:140:76:140:Infinity":3,"f:145:4:145:12":6,"s:146:23:146:39":20,"s:147:25:147:43":21,"b:149:8:152:Infinity:undefined:undefined:undefined:undefined":4,"s:149:8:152:Infinity":22,"s:150:12:150:Infinity":23,"b:151:12:152:Infinity:undefined:undefined:undefined:undefined":5,"s:151:12:152:Infinity":24,"s:152:16:152:Infinity":25,"b:156:8:159:Infinity:undefined:undefined:undefined:undefined":6,"s:156:8:159:Infinity":26,"s:157:12:157:Infinity":27,"b:158:12:159:Infinity:undefined:undefined:undefined:undefined":7,"s:158:12:159:Infinity":28,"s:159:16:159:Infinity":29,"f:164:4:164:11":7,"b:165:8:165:Infinity:undefined:undefined:undefined:undefined":8,"s:165:8:165:Infinity":30,"b:165:12:165:24:165:24:165:34":9,"s:165:34:165:Infinity":31,"s:167:23:167:39":32,"s:168:23:168:Infinity":33,"s:169:23:169:Infinity":34,"s:171:8:171:Infinity":35,"s:173:12:173:Infinity":36,"b:173:12:173:44:173:44:173:Infinity":10,"b:175:8:176:Infinity:undefined:undefined:undefined:undefined":11,"s:175:8:176:Infinity":37,"s:176:12:176:Infinity":38,"s:179:8:179:Infinity":39,"f:182:4:182:20":8,"b:182:41:182:66":12,"s:183:8:183:Infinity":40,"f:186:4:186:19":9,"b:186:40:186:65":13,"s:187:8:187:Infinity":41,"f:190:4:190:17":10,"b:190:38:190:63":14,"s:191:8:191:Infinity":42,"f:194:4:194:19":11,"b:194:40:194:65":15,"s:195:8:195:Infinity":43,"f:198:4:198:26":12,"s:199:8:199:Infinity":44,"f:202:4:202:13":13,"s:203:8:203:Infinity":45,"f:206:4:206:11":14,"s:207:8:207:Infinity":46,"b:208:8:209:Infinity:undefined:undefined:undefined:undefined":16,"s:208:8:209:Infinity":47,"s:209:12:209:Infinity":48,"f:213:4:213:11":15,"s:214:8:214:Infinity":49,"b:215:8:216:Infinity:216:13:216:Infinity":17,"s:215:8:216:Infinity":50,"s:215:21:215:Infinity":51,"s:216:13:216:Infinity":52,"f:219:4:219:12":16,"s:220:8:221:Infinity":53,"s:221:12:221:Infinity":54,"s:223:8:223:Infinity":55,"f:226:4:226:12":17,"s:227:8:227:Infinity":56,"s:229:34:229:Infinity":57,"s:230:14:230:59":58,"s:232:8:232:Infinity":59,"s:233:8:233:Infinity":60,"s:234:8:234:Infinity":61,"s:235:8:235:Infinity":62,"s:237:8:242:Infinity":63,"f:244:4:244:11":18,"s:245:23:245:Infinity":64,"b:246:8:246:Infinity:undefined:undefined:undefined:undefined":18,"s:246:8:246:Infinity":65,"s:246:31:246:Infinity":66,"b:248:8:251:Infinity:undefined:undefined:undefined:undefined":19,"s:248:8:251:Infinity":67,"s:249:12:250:Infinity":68,"s:251:12:251:Infinity":69,"s:254:8:255:Infinity":70,"f:257:4:257:11":19,"s:258:8:258:Infinity":71,"f:261:4:261:11":20,"b:262:8:264:Infinity:undefined:undefined:undefined:undefined":20,"s:262:8:264:Infinity":72,"s:263:12:263:Infinity":73,"s:264:12:264:Infinity":74,"s:267:8:267:Infinity":75,"f:270:4:270:11":21,"s:271:8:274:Infinity":76,"f:277:4:277:11":22,"s:278:8:281:Infinity":77,"f:284:4:284:11":23,"b:284:69:284:71":21,"s:285:8:285:Infinity":78,"f:288:4:288:11":24,"b:288:69:288:71":22,"s:289:8:292:Infinity":79,"f:295:4:295:11":25,"s:296:8:296:Infinity":80,"f:299:4:299:11":26,"s:300:23:300:39":81,"s:301:21:301:Infinity":82,"s:302:8:302:Infinity":83,"b:302:15:302:25:302:25:302:41:302:41:302:Infinity":23,"f:305:4:305:11":27,"s:306:8:309:Infinity":84,"f:312:4:312:11":28,"b:314:46:314:48":24,"s:316:23:316:Infinity":85,"b:317:8:317:Infinity:undefined:undefined:undefined:undefined":25,"s:317:8:317:Infinity":86,"s:317:21:317:Infinity":87,"s:319:8:332:Infinity":88,"b:320:14:331:Infinity:331:15:332:46":26,"b:325:26:325:Infinity:326:26:326:Infinity":27,"b:328:26:328:Infinity:329:26:329:Infinity":28,"f:335:4:335:11":29,"s:336:23:336:Infinity":89,"b:337:8:337:Infinity:undefined:undefined:undefined:undefined":29,"s:337:8:337:Infinity":90,"s:337:21:337:Infinity":91,"s:338:8:338:Infinity":92,"f:341:4:341:11":30,"s:342:23:342:Infinity":93,"b:343:8:343:Infinity:undefined:undefined:undefined:undefined":30,"s:343:8:343:Infinity":94,"s:343:21:343:Infinity":95,"b:345:8:346:Infinity:undefined:undefined:undefined:undefined":31,"s:345:8:346:Infinity":96,"s:346:12:346:Infinity":97,"s:349:8:349:Infinity":98,"s:350:8:350:Infinity":99,"f:353:4:353:11":31,"b:353:70:353:73":32,"s:354:23:354:Infinity":100,"b:355:8:355:Infinity:undefined:undefined:undefined:undefined":33,"s:355:8:355:Infinity":101,"b:355:12:355:33:355:33:355:53":34,"s:355:53:355:Infinity":102,"s:357:8:361:Infinity":103,"f:364:4:364:11":32,"b:364:52:364:55":35,"s:365:8:365:Infinity":104,"f:368:4:368:11":33,"b:368:63:368:68":36,"s:369:23:369:Infinity":105,"b:370:8:370:Infinity:undefined:undefined:undefined:undefined":37,"s:370:8:370:Infinity":106,"s:370:21:370:Infinity":107,"b:371:8:371:Infinity:undefined:undefined:undefined:undefined":38,"s:371:8:371:Infinity":108,"s:371:46:371:Infinity":109,"s:373:8:375:Infinity":110,"b:377:8:377:Infinity:undefined:undefined:undefined:undefined":39,"s:377:8:377:Infinity":111,"s:377:33:377:Infinity":112,"s:378:8:378:Infinity":113,"s:380:8:380:Infinity":114,"f:383:4:383:11":34,"b:383:45:383:50":40,"s:384:8:384:Infinity":115,"f:387:4:387:11":35,"s:388:8:388:Infinity":116,"f:391:4:391:12":36,"b:392:8:393:Infinity:undefined:undefined:undefined:undefined":41,"s:392:8:393:Infinity":117,"s:393:12:393:Infinity":118,"b:396:8:397:Infinity:undefined:undefined:undefined:undefined":42,"s:396:8:397:Infinity":119,"s:397:12:397:Infinity":120,"s:400:8:400:Infinity":121,"f:403:4:403:12":37,"b:408:8:408:Infinity:undefined:undefined:undefined:undefined":43,"s:408:8:408:Infinity":122,"b:408:12:408:32:408:32:408:52":44,"s:408:52:408:Infinity":123,"s:410:8:410:Infinity":124,"s:411:14:411:59":125,"s:412:8:412:Infinity":126,"s:414:8:414:Infinity":127,"f:417:4:417:12":38,"s:422:21:422:Infinity":128,"b:423:8:423:Infinity:undefined:undefined:undefined:undefined":45,"s:423:8:423:Infinity":129,"s:423:19:423:Infinity":130,"s:425:30:428:Infinity":131,"b:431:8:432:Infinity:undefined:undefined:undefined:undefined":46,"s:431:8:432:Infinity":132,"s:432:12:432:Infinity":133,"s:436:12:436:Infinity":134,"s:437:25:437:Infinity":135,"s:438:29:440:Infinity":136,"b:439:14:439:Infinity:440:14:440:Infinity":47,"s:441:29:443:Infinity":137,"b:442:14:442:Infinity:443:14:443:Infinity":48,"s:444:14:444:Infinity":138,"b:444:37:444:52:444:52:444:68":49,"s:446:8:450:Infinity":139,"s:453:12:454:Infinity":140,"s:456:12:457:Infinity":141,"b:459:8:462:Infinity:undefined:undefined:undefined:undefined":50,"s:459:8:462:Infinity":142,"b:459:12:459:31:459:31:459:46":51,"s:460:12:460:Infinity":143,"s:461:12:461:Infinity":144,"s:462:12:462:Infinity":145,"f:466:4:466:11":39,"b:467:8:467:Infinity:undefined:undefined:undefined:undefined":52,"s:467:8:467:Infinity":146,"s:467:26:467:Infinity":147,"s:469:25:469:43":148,"s:470:33:470:Infinity":149,"s:471:31:471:79":150,"s:472:8:472:Infinity":151,"s:473:19:473:Infinity":152,"s:475:8:513:Infinity":153,"s:475:21:475:24":154,"s:476:27:476:Infinity":155,"b:477:12:478:Infinity:undefined:undefined:undefined:undefined":53,"s:477:12:478:Infinity":156,"s:478:16:478:Infinity":157,"s:481:27:481:Infinity":158,"s:482:27:482:Infinity":159,"s:483:18:486:Infinity":160,"b:488:12:489:Infinity:undefined:undefined:undefined:undefined":54,"s:488:12:489:Infinity":161,"b:488:16:488:35:488:35:488:52":55,"s:489:16:489:Infinity":162,"b:492:12:497:Infinity:undefined:undefined:undefined:undefined":56,"s:492:12:497:Infinity":163,"s:493:16:493:Infinity":164,"b:494:16:497:Infinity:undefined:undefined:undefined:undefined":57,"s:494:16:497:Infinity":165,"s:495:20:495:Infinity":166,"b:496:20:497:Infinity:undefined:undefined:undefined:undefined":58,"s:496:20:497:Infinity":167,"s:497:24:497:Infinity":168,"b:502:12:507:Infinity:undefined:undefined:undefined:undefined":59,"s:502:12:507:Infinity":169,"s:503:16:503:Infinity":170,"b:504:16:507:Infinity:undefined:undefined:undefined:undefined":60,"s:504:16:507:Infinity":171,"s:505:20:505:Infinity":172,"b:506:20:507:Infinity:undefined:undefined:undefined:undefined":61,"s:506:20:507:Infinity":173,"s:507:24:507:Infinity":174,"b:512:12:513:Infinity:undefined:undefined:undefined:undefined":62,"s:512:12:513:Infinity":175,"b:512:16:512:48:512:48:512:78":63,"s:513:16:513:Infinity":176,"b:517:8:518:Infinity:undefined:undefined:undefined:undefined":64,"s:517:8:518:Infinity":177,"s:518:12:518:Infinity":178,"s:521:8:521:Infinity":179,"s:525:23:525:36":180}}}
,"/Users/robertothomasjr/Desktop/UrsaManus/src/services/SignalBus.ts": {"path":"/Users/robertothomasjr/Desktop/UrsaManus/src/services/SignalBus.ts","statementMap":{"0":{"start":{"line":37,"column":50},"end":{"line":37,"column":52}},"1":{"start":{"line":40,"column":8},"end":{"line":40,"column":null}},"2":{"start":{"line":40,"column":35},"end":{"line":40,"column":null}},"3":{"start":{"line":41,"column":8},"end":{"line":41,"column":null}},"4":{"start":{"line":43,"column":8},"end":{"line":43,"column":null}},"5":{"start":{"line":43,"column":21},"end":{"line":43,"column":46}},"6":{"start":{"line":47,"column":21},"end":{"line":47,"column":null}},"7":{"start":{"line":48,"column":8},"end":{"line":48,"column":null}},"8":{"start":{"line":48,"column":19},"end":{"line":48,"column":null}},"9":{"start":{"line":50,"column":8},"end":{"line":50,"column":null}},"10":{"start":{"line":50,"column":51},"end":{"line":50,"column":66}},"11":{"start":{"line":52,"column":8},"end":{"line":52,"column":null}},"12":{"start":{"line":52,"column":47},"end":{"line":52,"column":null}},"13":{"start":{"line":56,"column":21},"end":{"line":56,"column":null}},"14":{"start":{"line":57,"column":8},"end":{"line":57,"column":null}},"15":{"start":{"line":57,"column":19},"end":{"line":57,"column":null}},"16":{"start":{"line":59,"column":8},"end":{"line":59,"column":null}},"17":{"start":{"line":59,"column":32},"end":{"line":59,"column":null}},"18":{"start":{"line":63,"column":8},"end":{"line":65,"column":null}},"19":{"start":{"line":64,"column":12},"end":{"line":64,"column":null}},"20":{"start":{"line":65,"column":12},"end":{"line":65,"column":null}},"21":{"start":{"line":68,"column":8},"end":{"line":68,"column":null}},"22":{"start":{"line":72,"column":25},"end":{"line":72,"column":40}}},"fnMap":{"0":{"name":"(anonymous_0)","decl":{"start":{"line":39,"column":4},"end":{"line":39,"column":17}},"loc":{"start":{"line":39,"column":67},"end":{"line":43,"column":null}},"line":39},"1":{"name":"(anonymous_1)","decl":{"start":{"line":43,"column":8},"end":{"line":43,"column":21}},"loc":{"start":{"line":43,"column":21},"end":{"line":43,"column":46}},"line":43},"2":{"name":"(anonymous_2)","decl":{"start":{"line":46,"column":4},"end":{"line":46,"column":18}},"loc":{"start":{"line":46,"column":55},"end":{"line":52,"column":null}},"line":46},"3":{"name":"(anonymous_3)","decl":{"start":{"line":50,"column":36},"end":{"line":50,"column":44}},"loc":{"start":{"line":50,"column":51},"end":{"line":50,"column":66}},"line":50},"4":{"name":"(anonymous_4)","decl":{"start":{"line":55,"column":4},"end":{"line":55,"column":19}},"loc":{"start":{"line":55,"column":47},"end":{"line":59,"column":null}},"line":55},"5":{"name":"(anonymous_5)","decl":{"start":{"line":62,"column":4},"end":{"line":62,"column":10}},"loc":{"start":{"line":62,"column":27},"end":{"line":68,"column":null}},"line":62}},"branchMap":{"0":{"loc":{"start":{"line":40,"column":8},"end":{"line":40,"column":null}},"type":"if","locations":[{"start":{"line":40,"column":8},"end":{"line":40,"column":null}},{"start":{},"end":{}}],"line":40},"1":{"loc":{"start":{"line":48,"column":8},"end":{"line":48,"column":null}},"type":"if","locations":[{"start":{"line":48,"column":8},"end":{"line":48,"column":null}},{"start":{},"end":{}}],"line":48},"2":{"loc":{"start":{"line":52,"column":8},"end":{"line":52,"column":null}},"type":"if","locations":[{"start":{"line":52,"column":8},"end":{"line":52,"column":null}},{"start":{},"end":{}}],"line":52},"3":{"loc":{"start":{"line":57,"column":8},"end":{"line":57,"column":null}},"type":"if","locations":[{"start":{"line":57,"column":8},"end":{"line":57,"column":null}},{"start":{},"end":{}}],"line":57},"4":{"loc":{"start":{"line":63,"column":8},"end":{"line":65,"column":null}},"type":"if","locations":[{"start":{"line":63,"column":8},"end":{"line":65,"column":null}},{"start":{},"end":{}}],"line":63}},"s":{"0":8,"1":20,"2":19,"3":20,"4":20,"5":15,"6":16,"7":16,"8":13,"9":3,"10":4,"11":3,"12":2,"13":34,"14":34,"15":22,"16":12,"17":12,"18":34,"19":1,"20":1,"21":33,"22":8},"f":{"0":20,"1":15,"2":16,"3":4,"4":34,"5":34},"b":{"0":[19,1],"1":[13,3],"2":[2,1],"3":[22,12],"4":[1,33]},"meta":{"lastBranch":5,"lastFunction":6,"lastStatement":23,"seen":{"s:37:50:37:52":0,"f:39:4:39:17":0,"b:40:8:40:Infinity:undefined:undefined:undefined:undefined":0,"s:40:8:40:Infinity":1,"s:40:35:40:Infinity":2,"s:41:8:41:Infinity":3,"s:43:8:43:Infinity":4,"f:43:8:43:21":1,"s:43:21:43:46":5,"f:46:4:46:18":2,"s:47:21:47:Infinity":6,"b:48:8:48:Infinity:undefined:undefined:undefined:undefined":1,"s:48:8:48:Infinity":7,"s:48:19:48:Infinity":8,"s:50:8:50:Infinity":9,"f:50:36:50:44":3,"s:50:51:50:66":10,"b:52:8:52:Infinity:undefined:undefined:undefined:undefined":2,"s:52:8:52:Infinity":11,"s:52:47:52:Infinity":12,"f:55:4:55:19":4,"s:56:21:56:Infinity":13,"b:57:8:57:Infinity:undefined:undefined:undefined:undefined":3,"s:57:8:57:Infinity":14,"s:57:19:57:Infinity":15,"s:59:8:59:Infinity":16,"s:59:32:59:Infinity":17,"f:62:4:62:10":5,"b:63:8:65:Infinity:undefined:undefined:undefined:undefined":4,"s:63:8:65:Infinity":18,"s:64:12:64:Infinity":19,"s:65:12:65:Infinity":20,"s:68:8:68:Infinity":21,"s:72:25:72:40":22}}}
}
