{"/Users/robertothomasjr/Desktop/UrsaManus/src/components/Button/Button.tsx": {"path":"/Users/robertothomasjr/Desktop/UrsaManus/src/components/Button/Button.tsx","statementMap":{"0":{"start":{"line":9,"column":6},"end":{"line":13,"column":null}},"1":{"start":{"line":10,"column":4},"end":{"line":13,"column":null}}},"fnMap":{"0":{"name":"(anonymous_0)","decl":{"start":{"line":9,"column":6},"end":{"line":9,"column":16}},"loc":{"start":{"line":9,"column":70},"end":{"line":13,"column":null}},"line":9}},"branchMap":{"0":{"loc":{"start":{"line":9,"column":34},"end":{"line":9,"column":70}},"type":"default-arg","locations":[{"start":{"line":9,"column":45},"end":{"line":9,"column":70}}],"line":9}},"s":{"0":1,"1":2},"f":{"0":2},"b":{"0":[2]},"meta":{"lastBranch":1,"lastFunction":1,"lastStatement":2,"seen":{"s:9:6:13:Infinity":0,"f:9:6:9:16":0,"b:9:45:9:70":0,"s:10:4:13:Infinity":1}}}
,"/Users/robertothomasjr/Desktop/UrsaManus/src/components/Render/Render.tsx": {"path":"/Users/robertothomasjr/Desktop/UrsaManus/src/components/Render/Render.tsx","statementMap":{"0":{"start":{"line":36,"column":4},"end":{"line":42,"column":null}},"1":{"start":{"line":42,"column":8},"end":{"line":42,"column":null}},"2":{"start":{"line":45,"column":4},"end":{"line":48,"column":null}},"3":{"start":{"line":51,"column":19},"end":{"line":51,"column":63}},"4":{"start":{"line":54,"column":21},"end":{"line":54,"column":40}},"5":{"start":{"line":55,"column":4},"end":{"line":55,"column":null}},"6":{"start":{"line":55,"column":18},"end":{"line":55,"column":null}},"7":{"start":{"line":57,"column":14},"end":{"line":68,"column":null}},"8":{"start":{"line":58,"column":20},"end":{"line":58,"column":31}},"9":{"start":{"line":60,"column":8},"end":{"line":60,"column":null}},"10":{"start":{"line":60,"column":27},"end":{"line":60,"column":39}},"11":{"start":{"line":62,"column":8},"end":{"line":64,"column":null}},"12":{"start":{"line":63,"column":12},"end":{"line":63,"column":null}},"13":{"start":{"line":64,"column":12},"end":{"line":64,"column":null}},"14":{"start":{"line":67,"column":8},"end":{"line":67,"column":null}},"15":{"start":{"line":70,"column":4},"end":{"line":70,"column":null}},"16":{"start":{"line":71,"column":4},"end":{"line":71,"column":null}},"17":{"start":{"line":74,"column":6},"end":{"line":190,"column":null}},"18":{"start":{"line":75,"column":10},"end":{"line":75,"column":60}},"19":{"start":{"line":77,"column":4},"end":{"line":182,"column":null}},"20":{"start":{"line":78,"column":23},"end":{"line":78,"column":null}},"21":{"start":{"line":82,"column":24},"end":{"line":82,"column":47}},"22":{"start":{"line":83,"column":8},"end":{"line":83,"column":null}},"23":{"start":{"line":83,"column":22},"end":{"line":83,"column":null}},"24":{"start":{"line":85,"column":8},"end":{"line":85,"column":null}},"25":{"start":{"line":87,"column":24},"end":{"line":87,"column":null}},"26":{"start":{"line":88,"column":18},"end":{"line":88,"column":null}},"27":{"start":{"line":90,"column":8},"end":{"line":176,"column":null}},"28":{"start":{"line":91,"column":12},"end":{"line":174,"column":null}},"29":{"start":{"line":92,"column":40},"end":{"line":93,"column":null}},"30":{"start":{"line":93,"column":46},"end":{"line":93,"column":66}},"31":{"start":{"line":96,"column":31},"end":{"line":97,"column":null}},"32":{"start":{"line":97,"column":49},"end":{"line":97,"column":63}},"33":{"start":{"line":99,"column":16},"end":{"line":99,"column":null}},"34":{"start":{"line":99,"column":31},"end":{"line":99,"column":null}},"35":{"start":{"line":101,"column":36},"end":{"line":101,"column":71}},"36":{"start":{"line":102,"column":16},"end":{"line":103,"column":null}},"37":{"start":{"line":102,"column":29},"end":{"line":102,"column":32}},"38":{"start":{"line":103,"column":20},"end":{"line":103,"column":null}},"39":{"start":{"line":106,"column":30},"end":{"line":106,"column":47}},"40":{"start":{"line":108,"column":22},"end":{"line":169,"column":null}},"41":{"start":{"line":112,"column":20},"end":{"line":112,"column":null}},"42":{"start":{"line":169,"column":20},"end":{"line":169,"column":null}},"43":{"start":{"line":172,"column":16},"end":{"line":172,"column":null}},"44":{"start":{"line":174,"column":16},"end":{"line":174,"column":null}},"45":{"start":{"line":178,"column":8},"end":{"line":180,"column":null}},"46":{"start":{"line":179,"column":12},"end":{"line":179,"column":null}},"47":{"start":{"line":180,"column":12},"end":{"line":180,"column":null}},"48":{"start":{"line":180,"column":21},"end":{"line":180,"column":null}},"49":{"start":{"line":184,"column":4},"end":{"line":190,"column":null}}},"fnMap":{"0":{"name":"getTilePixelPosition","decl":{"start":{"line":29,"column":16},"end":{"line":29,"column":null}},"loc":{"start":{"line":35,"column":16},"end":{"line":48,"column":null}},"line":35},"1":{"name":"loadImage","decl":{"start":{"line":53,"column":9},"end":{"line":53,"column":19}},"loc":{"start":{"line":53,"column":32},"end":{"line":71,"column":null}},"line":53},"2":{"name":"(anonymous_2)","decl":{"start":{"line":57,"column":18},"end":{"line":57,"column":45}},"loc":{"start":{"line":57,"column":65},"end":{"line":68,"column":null}},"line":57},"3":{"name":"(anonymous_3)","decl":{"start":{"line":60,"column":12},"end":{"line":60,"column":27}},"loc":{"start":{"line":60,"column":27},"end":{"line":60,"column":39}},"line":60},"4":{"name":"(anonymous_4)","decl":{"start":{"line":62,"column":12},"end":{"line":62,"column":28}},"loc":{"start":{"line":62,"column":28},"end":{"line":64,"column":null}},"line":62},"5":{"name":"(anonymous_5)","decl":{"start":{"line":74,"column":6},"end":{"line":74,"column":16}},"loc":{"start":{"line":74,"column":70},"end":{"line":190,"column":null}},"line":74},"6":{"name":"(anonymous_6)","decl":{"start":{"line":77,"column":4},"end":{"line":77,"column":20}},"loc":{"start":{"line":77,"column":20},"end":{"line":182,"column":8}},"line":77},"7":{"name":"(anonymous_7)","decl":{"start":{"line":90,"column":9},"end":{"line":90,"column":21}},"loc":{"start":{"line":90,"column":21},"end":{"line":176,"column":null}},"line":90},"8":{"name":"(anonymous_8)","decl":{"start":{"line":93,"column":34},"end":{"line":93,"column":39}},"loc":{"start":{"line":93,"column":46},"end":{"line":93,"column":66}},"line":93},"9":{"name":"(anonymous_9)","decl":{"start":{"line":97,"column":36},"end":{"line":97,"column":41}},"loc":{"start":{"line":97,"column":49},"end":{"line":97,"column":63}},"line":97},"10":{"name":"(anonymous_10)","decl":{"start":{"line":108,"column":22},"end":{"line":108,"column":30}},"loc":{"start":{"line":108,"column":46},"end":{"line":169,"column":null}},"line":108},"11":{"name":"(anonymous_11)","decl":{"start":{"line":178,"column":8},"end":{"line":178,"column":21}},"loc":{"start":{"line":178,"column":21},"end":{"line":180,"column":null}},"line":178}},"branchMap":{"0":{"loc":{"start":{"line":36,"column":4},"end":{"line":42,"column":null}},"type":"if","locations":[{"start":{"line":36,"column":4},"end":{"line":42,"column":null}},{"start":{},"end":{}}],"line":36},"1":{"loc":{"start":{"line":37,"column":8},"end":{"line":40,"column":null}},"type":"binary-expr","locations":[{"start":{"line":37,"column":8},"end":{"line":37,"column":null}},{"start":{"line":38,"column":8},"end":{"line":38,"column":null}},{"start":{"line":39,"column":8},"end":{"line":39,"column":null}},{"start":{"line":40,"column":8},"end":{"line":40,"column":null}}],"line":37},"2":{"loc":{"start":{"line":55,"column":4},"end":{"line":55,"column":null}},"type":"if","locations":[{"start":{"line":55,"column":4},"end":{"line":55,"column":null}},{"start":{},"end":{}}],"line":55},"3":{"loc":{"start":{"line":74,"column":25},"end":{"line":74,"column":38}},"type":"default-arg","locations":[{"start":{"line":74,"column":33},"end":{"line":74,"column":38}}],"line":74},"4":{"loc":{"start":{"line":74,"column":38},"end":{"line":74,"column":70}},"type":"default-arg","locations":[{"start":{"line":74,"column":47},"end":{"line":74,"column":70}}],"line":74},"5":{"loc":{"start":{"line":83,"column":8},"end":{"line":83,"column":null}},"type":"if","locations":[{"start":{"line":83,"column":8},"end":{"line":83,"column":null}},{"start":{},"end":{}}],"line":83},"6":{"loc":{"start":{"line":99,"column":16},"end":{"line":99,"column":null}},"type":"if","locations":[{"start":{"line":99,"column":16},"end":{"line":99,"column":null}},{"start":{},"end":{}}],"line":99},"7":{"loc":{"start":{"line":180,"column":12},"end":{"line":180,"column":null}},"type":"if","locations":[{"start":{"line":180,"column":12},"end":{"line":180,"column":null}},{"start":{},"end":{}}],"line":180}},"s":{"0":95,"1":2,"2":93,"3":3,"4":7,"5":7,"6":4,"7":3,"8":3,"9":3,"10":2,"11":3,"12":1,"13":1,"14":3,"15":3,"16":3,"17":3,"18":9,"19":9,"20":9,"21":9,"22":9,"23":2,"24":7,"25":7,"26":7,"27":7,"28":7,"29":7,"30":8,"31":7,"32":7,"33":6,"34":2,"35":4,"36":4,"37":4,"38":4,"39":4,"40":4,"41":54,"42":54,"43":4,"44":1,"45":7,"46":7,"47":7,"48":4,"49":9},"f":{"0":95,"1":7,"2":3,"3":2,"4":1,"5":9,"6":9,"7":7,"8":8,"9":7,"10":54,"11":7},"b":{"0":[2,93],"1":[95,94,94,93],"2":[4,3],"3":[9],"4":[9],"5":[2,7],"6":[2,4],"7":[4,3]},"meta":{"lastBranch":8,"lastFunction":12,"lastStatement":50,"seen":{"f:29:16:29:Infinity":0,"b:36:4:42:Infinity:undefined:undefined:undefined:undefined":0,"s:36:4:42:Infinity":0,"b:37:8:37:Infinity:38:8:38:Infinity:39:8:39:Infinity:40:8:40:Infinity":1,"s:42:8:42:Infinity":1,"s:45:4:48:Infinity":2,"s:51:19:51:63":3,"f:53:9:53:19":1,"s:54:21:54:40":4,"b:55:4:55:Infinity:undefined:undefined:undefined:undefined":2,"s:55:4:55:Infinity":5,"s:55:18:55:Infinity":6,"s:57:14:68:Infinity":7,"f:57:18:57:45":2,"s:58:20:58:31":8,"s:60:8:60:Infinity":9,"f:60:12:60:27":3,"s:60:27:60:39":10,"s:62:8:64:Infinity":11,"f:62:12:62:28":4,"s:63:12:63:Infinity":12,"s:64:12:64:Infinity":13,"s:67:8:67:Infinity":14,"s:70:4:70:Infinity":15,"s:71:4:71:Infinity":16,"s:74:6:190:Infinity":17,"f:74:6:74:16":5,"b:74:33:74:38":3,"b:74:47:74:70":4,"s:75:10:75:60":18,"s:77:4:182:Infinity":19,"f:77:4:77:20":6,"s:78:23:78:Infinity":20,"s:82:24:82:47":21,"b:83:8:83:Infinity:undefined:undefined:undefined:undefined":5,"s:83:8:83:Infinity":22,"s:83:22:83:Infinity":23,"s:85:8:85:Infinity":24,"s:87:24:87:Infinity":25,"s:88:18:88:Infinity":26,"s:90:8:176:Infinity":27,"f:90:9:90:21":7,"s:91:12:174:Infinity":28,"s:92:40:93:Infinity":29,"f:93:34:93:39":8,"s:93:46:93:66":30,"s:96:31:97:Infinity":31,"f:97:36:97:41":9,"s:97:49:97:63":32,"b:99:16:99:Infinity:undefined:undefined:undefined:undefined":6,"s:99:16:99:Infinity":33,"s:99:31:99:Infinity":34,"s:101:36:101:71":35,"s:102:16:103:Infinity":36,"s:102:29:102:32":37,"s:103:20:103:Infinity":38,"s:106:30:106:47":39,"s:108:22:169:Infinity":40,"f:108:22:108:30":10,"s:112:20:112:Infinity":41,"s:169:20:169:Infinity":42,"s:172:16:172:Infinity":43,"s:174:16:174:Infinity":44,"s:178:8:180:Infinity":45,"f:178:8:178:21":11,"s:179:12:179:Infinity":46,"b:180:12:180:Infinity:undefined:undefined:undefined:undefined":7,"s:180:12:180:Infinity":47,"s:180:21:180:Infinity":48,"s:184:4:190:Infinity":49}}}
,"/Users/robertothomasjr/Desktop/UrsaManus/src/components/effects/index.ts": {"path":"/Users/robertothomasjr/Desktop/UrsaManus/src/components/effects/index.ts","statementMap":{},"fnMap":{},"branchMap":{},"s":{},"f":{},"b":{},"meta":{"lastBranch":0,"lastFunction":0,"lastStatement":0,"seen":{}}}
,"/Users/robertothomasjr/Desktop/UrsaManus/src/components/effects/particleEmitter/ParticleEmitterOverlay.tsx": {"path":"/Users/robertothomasjr/Desktop/UrsaManus/src/components/effects/particleEmitter/ParticleEmitterOverlay.tsx","statementMap":{"0":{"start":{"line":10,"column":6},"end":{"line":60,"column":null}},"1":{"start":{"line":14,"column":10},"end":{"line":14,"column":60}},"2":{"start":{"line":15,"column":12},"end":{"line":15,"column":62}},"3":{"start":{"line":17,"column":4},"end":{"line":51,"column":null}},"4":{"start":{"line":18,"column":23},"end":{"line":18,"column":null}},"5":{"start":{"line":19,"column":8},"end":{"line":19,"column":null}},"6":{"start":{"line":19,"column":21},"end":{"line":19,"column":null}},"7":{"start":{"line":21,"column":24},"end":{"line":21,"column":47}},"8":{"start":{"line":22,"column":8},"end":{"line":22,"column":null}},"9":{"start":{"line":22,"column":22},"end":{"line":22,"column":null}},"10":{"start":{"line":24,"column":8},"end":{"line":24,"column":null}},"11":{"start":{"line":26,"column":18},"end":{"line":26,"column":null}},"12":{"start":{"line":28,"column":14},"end":{"line":43,"column":null}},"13":{"start":{"line":29,"column":12},"end":{"line":29,"column":null}},"14":{"start":{"line":31,"column":12},"end":{"line":39,"column":null}},"15":{"start":{"line":32,"column":16},"end":{"line":32,"column":null}},"16":{"start":{"line":33,"column":16},"end":{"line":33,"column":null}},"17":{"start":{"line":34,"column":16},"end":{"line":39,"column":null}},"18":{"start":{"line":42,"column":12},"end":{"line":42,"column":null}},"19":{"start":{"line":43,"column":12},"end":{"line":43,"column":null}},"20":{"start":{"line":46,"column":8},"end":{"line":46,"column":null}},"21":{"start":{"line":48,"column":8},"end":{"line":49,"column":null}},"22":{"start":{"line":49,"column":12},"end":{"line":49,"column":null}},"23":{"start":{"line":49,"column":21},"end":{"line":49,"column":null}},"24":{"start":{"line":53,"column":4},"end":{"line":60,"column":null}}},"fnMap":{"0":{"name":"(anonymous_0)","decl":{"start":{"line":10,"column":6},"end":{"line":10,"column":32}},"loc":{"start":{"line":13,"column":35},"end":{"line":60,"column":null}},"line":13},"1":{"name":"(anonymous_1)","decl":{"start":{"line":17,"column":4},"end":{"line":17,"column":20}},"loc":{"start":{"line":17,"column":20},"end":{"line":51,"column":8}},"line":17},"2":{"name":"(anonymous_2)","decl":{"start":{"line":28,"column":14},"end":{"line":28,"column":27}},"loc":{"start":{"line":28,"column":27},"end":{"line":43,"column":null}},"line":28},"3":{"name":"(anonymous_3)","decl":{"start":{"line":48,"column":8},"end":{"line":48,"column":21}},"loc":{"start":{"line":48,"column":21},"end":{"line":49,"column":null}},"line":48}},"branchMap":{"0":{"loc":{"start":{"line":19,"column":8},"end":{"line":19,"column":null}},"type":"if","locations":[{"start":{"line":19,"column":8},"end":{"line":19,"column":null}},{"start":{},"end":{}}],"line":19},"1":{"loc":{"start":{"line":22,"column":8},"end":{"line":22,"column":null}},"type":"if","locations":[{"start":{"line":22,"column":8},"end":{"line":22,"column":null}},{"start":{},"end":{}}],"line":22},"2":{"loc":{"start":{"line":49,"column":12},"end":{"line":49,"column":null}},"type":"if","locations":[{"start":{"line":49,"column":12},"end":{"line":49,"column":null}},{"start":{},"end":{}}],"line":49}},"s":{"0":4,"1":3,"2":3,"3":3,"4":3,"5":3,"6":0,"7":3,"8":3,"9":1,"10":2,"11":2,"12":2,"13":42,"14":42,"15":168,"16":168,"17":168,"18":42,"19":42,"20":2,"21":2,"22":2,"23":2,"24":3},"f":{"0":3,"1":3,"2":42,"3":2},"b":{"0":[0,3],"1":[1,2],"2":[2,0]},"meta":{"lastBranch":3,"lastFunction":4,"lastStatement":25,"seen":{"s:10:6:60:Infinity":0,"f:10:6:10:32":0,"s:14:10:14:60":1,"s:15:12:15:62":2,"s:17:4:51:Infinity":3,"f:17:4:17:20":1,"s:18:23:18:Infinity":4,"b:19:8:19:Infinity:undefined:undefined:undefined:undefined":0,"s:19:8:19:Infinity":5,"s:19:21:19:Infinity":6,"s:21:24:21:47":7,"b:22:8:22:Infinity:undefined:undefined:undefined:undefined":1,"s:22:8:22:Infinity":8,"s:22:22:22:Infinity":9,"s:24:8:24:Infinity":10,"s:26:18:26:Infinity":11,"s:28:14:43:Infinity":12,"f:28:14:28:27":2,"s:29:12:29:Infinity":13,"s:31:12:39:Infinity":14,"s:32:16:32:Infinity":15,"s:33:16:33:Infinity":16,"s:34:16:39:Infinity":17,"s:42:12:42:Infinity":18,"s:43:12:43:Infinity":19,"s:46:8:46:Infinity":20,"s:48:8:49:Infinity":21,"f:48:8:48:21":3,"b:49:12:49:Infinity:undefined:undefined:undefined:undefined":2,"s:49:12:49:Infinity":22,"s:49:21:49:Infinity":23,"s:53:4:60:Infinity":24}}}
,"/Users/robertothomasjr/Desktop/UrsaManus/src/components/effects/particleEmitter/index.ts": {"path":"/Users/robertothomasjr/Desktop/UrsaManus/src/components/effects/particleEmitter/index.ts","statementMap":{},"fnMap":{},"branchMap":{},"s":{},"f":{},"b":{},"meta":{"lastBranch":0,"lastFunction":0,"lastStatement":0,"seen":{}}}
,"/Users/robertothomasjr/Desktop/UrsaManus/src/components/effects/particleEmitter/particleEmitterMath.ts": {"path":"/Users/robertothomasjr/Desktop/UrsaManus/src/components/effects/particleEmitter/particleEmitterMath.ts","statementMap":{"0":{"start":{"line":10,"column":4},"end":{"line":10,"column":null}},"1":{"start":{"line":17,"column":21},"end":{"line":17,"column":null}},"2":{"start":{"line":19,"column":4},"end":{"line":20,"column":null}},"3":{"start":{"line":20,"column":8},"end":{"line":20,"column":null}},"4":{"start":{"line":23,"column":4},"end":{"line":30,"column":null}},"5":{"start":{"line":24,"column":23},"end":{"line":24,"column":63}},"6":{"start":{"line":25,"column":22},"end":{"line":25,"column":59}},"7":{"start":{"line":26,"column":25},"end":{"line":26,"column":null}},"8":{"start":{"line":27,"column":8},"end":{"line":30,"column":null}},"9":{"start":{"line":33,"column":23},"end":{"line":33,"column":69}},"10":{"start":{"line":34,"column":4},"end":{"line":37,"column":null}},"11":{"start":{"line":45,"column":21},"end":{"line":45,"column":null}},"12":{"start":{"line":46,"column":23},"end":{"line":46,"column":null}},"13":{"start":{"line":48,"column":4},"end":{"line":57,"column":null}},"14":{"start":{"line":65,"column":34},"end":{"line":65,"column":36}},"15":{"start":{"line":67,"column":19},"end":{"line":67,"column":58}},"16":{"start":{"line":69,"column":4},"end":{"line":73,"column":null}},"17":{"start":{"line":69,"column":17},"end":{"line":69,"column":20}},"18":{"start":{"line":70,"column":25},"end":{"line":70,"column":58}},"19":{"start":{"line":71,"column":21},"end":{"line":71,"column":57}},"20":{"start":{"line":72,"column":14},"end":{"line":72,"column":66}},"21":{"start":{"line":73,"column":8},"end":{"line":73,"column":null}},"22":{"start":{"line":76,"column":4},"end":{"line":79,"column":null}},"23":{"start":{"line":87,"column":25},"end":{"line":87,"column":null}},"24":{"start":{"line":88,"column":23},"end":{"line":88,"column":52}},"25":{"start":{"line":89,"column":19},"end":{"line":89,"column":null}},"26":{"start":{"line":91,"column":29},"end":{"line":91,"column":31}},"27":{"start":{"line":93,"column":4},"end":{"line":120,"column":null}},"28":{"start":{"line":94,"column":22},"end":{"line":94,"column":null}},"29":{"start":{"line":95,"column":8},"end":{"line":95,"column":null}},"30":{"start":{"line":95,"column":38},"end":{"line":95,"column":null}},"31":{"start":{"line":98,"column":12},"end":{"line":98,"column":75}},"32":{"start":{"line":99,"column":19},"end":{"line":99,"column":null}},"33":{"start":{"line":100,"column":18},"end":{"line":100,"column":null}},"34":{"start":{"line":101,"column":18},"end":{"line":101,"column":null}},"35":{"start":{"line":103,"column":8},"end":{"line":109,"column":null}},"36":{"start":{"line":109,"column":12},"end":{"line":109,"column":null}},"37":{"start":{"line":112,"column":8},"end":{"line":120,"column":null}},"38":{"start":{"line":123,"column":4},"end":{"line":123,"column":null}}},"fnMap":{"0":{"name":"randomInRange","decl":{"start":{"line":9,"column":9},"end":{"line":9,"column":23}},"loc":{"start":{"line":9,"column":79},"end":{"line":10,"column":null}},"line":9},"1":{"name":"getSpawnLocation","decl":{"start":{"line":13,"column":9},"end":{"line":13,"column":null}},"loc":{"start":{"line":16,"column":28},"end":{"line":37,"column":null}},"line":16},"2":{"name":"buildSeed","decl":{"start":{"line":40,"column":9},"end":{"line":40,"column":null}},"loc":{"start":{"line":44,"column":16},"end":{"line":57,"column":null}},"line":44},"3":{"name":"spawnParticles","decl":{"start":{"line":60,"column":16},"end":{"line":60,"column":null}},"loc":{"start":{"line":64,"column":15},"end":{"line":79,"column":null}},"line":64},"4":{"name":"updateParticles","decl":{"start":{"line":82,"column":16},"end":{"line":82,"column":null}},"loc":{"start":{"line":86,"column":14},"end":{"line":123,"column":null}},"line":86}},"branchMap":{"0":{"loc":{"start":{"line":19,"column":4},"end":{"line":20,"column":null}},"type":"if","locations":[{"start":{"line":19,"column":4},"end":{"line":20,"column":null}},{"start":{},"end":{}}],"line":19},"1":{"loc":{"start":{"line":23,"column":4},"end":{"line":30,"column":null}},"type":"if","locations":[{"start":{"line":23,"column":4},"end":{"line":30,"column":null}},{"start":{},"end":{}}],"line":23},"2":{"loc":{"start":{"line":24,"column":35},"end":{"line":24,"column":63}},"type":"binary-expr","locations":[{"start":{"line":24,"column":35},"end":{"line":24,"column":61}},{"start":{"line":24,"column":61},"end":{"line":24,"column":63}}],"line":24},"3":{"loc":{"start":{"line":33,"column":36},"end":{"line":33,"column":67}},"type":"binary-expr","locations":[{"start":{"line":33,"column":36},"end":{"line":33,"column":62}},{"start":{"line":33,"column":62},"end":{"line":33,"column":67}}],"line":33},"4":{"loc":{"start":{"line":45,"column":21},"end":{"line":45,"column":null}},"type":"binary-expr","locations":[{"start":{"line":45,"column":21},"end":{"line":45,"column":37}},{"start":{"line":45,"column":37},"end":{"line":45,"column":null}}],"line":45},"5":{"loc":{"start":{"line":46,"column":23},"end":{"line":46,"column":null}},"type":"binary-expr","locations":[{"start":{"line":46,"column":23},"end":{"line":46,"column":45}},{"start":{"line":46,"column":45},"end":{"line":46,"column":null}}],"line":46},"6":{"loc":{"start":{"line":55,"column":17},"end":{"line":55,"column":null}},"type":"binary-expr","locations":[{"start":{"line":55,"column":17},"end":{"line":55,"column":36}},{"start":{"line":55,"column":36},"end":{"line":55,"column":null}}],"line":55},"7":{"loc":{"start":{"line":56,"column":14},"end":{"line":56,"column":null}},"type":"binary-expr","locations":[{"start":{"line":56,"column":14},"end":{"line":56,"column":30}},{"start":{"line":56,"column":30},"end":{"line":56,"column":null}}],"line":56},"8":{"loc":{"start":{"line":63,"column":4},"end":{"line":63,"column":null}},"type":"default-arg","locations":[{"start":{"line":63,"column":27},"end":{"line":63,"column":null}}],"line":63},"9":{"loc":{"start":{"line":95,"column":8},"end":{"line":95,"column":null}},"type":"if","locations":[{"start":{"line":95,"column":8},"end":{"line":95,"column":null}},{"start":{},"end":{}}],"line":95},"10":{"loc":{"start":{"line":103,"column":8},"end":{"line":109,"column":null}},"type":"if","locations":[{"start":{"line":103,"column":8},"end":{"line":109,"column":null}},{"start":{},"end":{}}],"line":103},"11":{"loc":{"start":{"line":104,"column":12},"end":{"line":107,"column":null}},"type":"binary-expr","locations":[{"start":{"line":104,"column":12},"end":{"line":104,"column":null}},{"start":{"line":105,"column":12},"end":{"line":105,"column":null}},{"start":{"line":106,"column":12},"end":{"line":106,"column":null}},{"start":{"line":107,"column":12},"end":{"line":107,"column":null}}],"line":104}},"s":{"0":26,"1":47,"2":47,"3":21,"4":26,"5":20,"6":20,"7":20,"8":20,"9":6,"10":47,"11":47,"12":47,"13":47,"14":6,"15":6,"16":6,"17":6,"18":47,"19":47,"20":47,"21":47,"22":6,"23":109,"24":109,"25":109,"26":109,"27":109,"28":620,"29":620,"30":10,"31":610,"32":610,"33":610,"34":610,"35":610,"36":1,"37":609,"38":109},"f":{"0":26,"1":47,"2":47,"3":6,"4":109},"b":{"0":[21,26],"1":[20,6],"2":[20,0],"3":[6,0],"4":[47,39],"5":[47,47],"6":[47,47],"7":[47,47],"8":[6],"9":[10,610],"10":[1,609],"11":[610,609,609,609]},"meta":{"lastBranch":12,"lastFunction":5,"lastStatement":39,"seen":{"f:9:9:9:23":0,"s:10:4:10:Infinity":0,"f:13:9:13:Infinity":1,"s:17:21:17:Infinity":1,"b:19:4:20:Infinity:undefined:undefined:undefined:undefined":0,"s:19:4:20:Infinity":2,"s:20:8:20:Infinity":3,"b:23:4:30:Infinity:undefined:undefined:undefined:undefined":1,"s:23:4:30:Infinity":4,"s:24:23:24:63":5,"b:24:35:24:61:24:61:24:63":2,"s:25:22:25:59":6,"s:26:25:26:Infinity":7,"s:27:8:30:Infinity":8,"s:33:23:33:69":9,"b:33:36:33:62:33:62:33:67":3,"s:34:4:37:Infinity":10,"f:40:9:40:Infinity":2,"s:45:21:45:Infinity":11,"b:45:21:45:37:45:37:45:Infinity":4,"s:46:23:46:Infinity":12,"b:46:23:46:45:46:45:46:Infinity":5,"s:48:4:57:Infinity":13,"b:55:17:55:36:55:36:55:Infinity":6,"b:56:14:56:30:56:30:56:Infinity":7,"f:60:16:60:Infinity":3,"b:63:27:63:Infinity":8,"s:65:34:65:36":14,"s:67:19:67:58":15,"s:69:4:73:Infinity":16,"s:69:17:69:20":17,"s:70:25:70:58":18,"s:71:21:71:57":19,"s:72:14:72:66":20,"s:73:8:73:Infinity":21,"s:76:4:79:Infinity":22,"f:82:16:82:Infinity":4,"s:87:25:87:Infinity":23,"s:88:23:88:52":24,"s:89:19:89:Infinity":25,"s:91:29:91:31":26,"s:93:4:120:Infinity":27,"s:94:22:94:Infinity":28,"b:95:8:95:Infinity:undefined:undefined:undefined:undefined":9,"s:95:8:95:Infinity":29,"s:95:38:95:Infinity":30,"s:98:12:98:75":31,"s:99:19:99:Infinity":32,"s:100:18:100:Infinity":33,"s:101:18:101:Infinity":34,"b:103:8:109:Infinity:undefined:undefined:undefined:undefined":10,"s:103:8:109:Infinity":35,"b:104:12:104:Infinity:105:12:105:Infinity:106:12:106:Infinity:107:12:107:Infinity":11,"s:109:12:109:Infinity":36,"s:112:8:120:Infinity":37,"s:123:4:123:Infinity":38}}}
,"/Users/robertothomasjr/Desktop/UrsaManus/src/components/effects/particleEmitter/particleEmitterSignal.ts": {"path":"/Users/robertothomasjr/Desktop/UrsaManus/src/components/effects/particleEmitter/particleEmitterSignal.ts","statementMap":{"0":{"start":{"line":4,"column":37},"end":{"line":4,"column":null}},"1":{"start":{"line":7,"column":4},"end":{"line":7,"column":null}}},"fnMap":{"0":{"name":"emitParticles","decl":{"start":{"line":6,"column":16},"end":{"line":6,"column":30}},"loc":{"start":{"line":6,"column":61},"end":{"line":7,"column":null}},"line":6}},"branchMap":{},"s":{"0":4,"1":4},"f":{"0":4},"b":{},"meta":{"lastBranch":0,"lastFunction":1,"lastStatement":2,"seen":{"s:4:37:4:Infinity":0,"f:6:16:6:30":0,"s:7:4:7:Infinity":1}}}
,"/Users/robertothomasjr/Desktop/UrsaManus/src/components/effects/particleEmitter/particleFactory.ts": {"path":"/Users/robertothomasjr/Desktop/UrsaManus/src/components/effects/particleEmitter/particleFactory.ts","statementMap":{"0":{"start":{"line":4,"column":4},"end":{"line":4,"column":null}},"1":{"start":{"line":8,"column":4},"end":{"line":8,"column":null}},"2":{"start":{"line":12,"column":10},"end":{"line":12,"column":null}},"3":{"start":{"line":13,"column":4},"end":{"line":13,"column":null}},"4":{"start":{"line":21,"column":22},"end":{"line":21,"column":null}},"5":{"start":{"line":22,"column":24},"end":{"line":22,"column":null}},"6":{"start":{"line":24,"column":21},"end":{"line":27,"column":null}},"7":{"start":{"line":29,"column":18},"end":{"line":31,"column":null}},"8":{"start":{"line":33,"column":20},"end":{"line":33,"column":39}},"9":{"start":{"line":35,"column":4},"end":{"line":48,"column":null}}},"fnMap":{"0":{"name":"clamp","decl":{"start":{"line":3,"column":9},"end":{"line":3,"column":15}},"loc":{"start":{"line":3,"column":64},"end":{"line":4,"column":null}},"line":3},"1":{"name":"toRadians","decl":{"start":{"line":7,"column":9},"end":{"line":7,"column":19}},"loc":{"start":{"line":7,"column":44},"end":{"line":8,"column":null}},"line":7},"2":{"name":"withJitter","decl":{"start":{"line":11,"column":9},"end":{"line":11,"column":20}},"loc":{"start":{"line":11,"column":79},"end":{"line":13,"column":null}},"line":11},"3":{"name":"createParticle","decl":{"start":{"line":16,"column":16},"end":{"line":16,"column":null}},"loc":{"start":{"line":20,"column":12},"end":{"line":48,"column":null}},"line":20}},"branchMap":{"0":{"loc":{"start":{"line":19,"column":4},"end":{"line":19,"column":null}},"type":"default-arg","locations":[{"start":{"line":19,"column":27},"end":{"line":19,"column":null}}],"line":19},"1":{"loc":{"start":{"line":21,"column":22},"end":{"line":21,"column":null}},"type":"binary-expr","locations":[{"start":{"line":21,"column":22},"end":{"line":21,"column":50}},{"start":{"line":21,"column":50},"end":{"line":21,"column":null}}],"line":21},"2":{"loc":{"start":{"line":22,"column":24},"end":{"line":22,"column":null}},"type":"binary-expr","locations":[{"start":{"line":22,"column":24},"end":{"line":22,"column":54}},{"start":{"line":22,"column":54},"end":{"line":22,"column":null}}],"line":22}},"s":{"0":48,"1":48,"2":96,"3":96,"4":48,"5":48,"6":48,"7":48,"8":48,"9":48},"f":{"0":48,"1":48,"2":96,"3":48},"b":{"0":[48],"1":[48,48],"2":[48,48]},"meta":{"lastBranch":3,"lastFunction":4,"lastStatement":10,"seen":{"f:3:9:3:15":0,"s:4:4:4:Infinity":0,"f:7:9:7:19":1,"s:8:4:8:Infinity":1,"f:11:9:11:20":2,"s:12:10:12:Infinity":2,"s:13:4:13:Infinity":3,"f:16:16:16:Infinity":3,"b:19:27:19:Infinity":0,"s:21:22:21:Infinity":4,"b:21:22:21:50:21:50:21:Infinity":1,"s:22:24:22:Infinity":5,"b:22:24:22:54:22:54:22:Infinity":2,"s:24:21:27:Infinity":6,"s:29:18:31:Infinity":7,"s:33:20:33:39":8,"s:35:4:48:Infinity":9}}}
,"/Users/robertothomasjr/Desktop/UrsaManus/src/components/effects/particleEmitter/useParticleEmitter.ts": {"path":"/Users/robertothomasjr/Desktop/UrsaManus/src/components/effects/particleEmitter/useParticleEmitter.ts","statementMap":{"0":{"start":{"line":8,"column":10},"end":{"line":8,"column":47}},"1":{"start":{"line":9,"column":10},"end":{"line":9,"column":27}},"2":{"start":{"line":11,"column":4},"end":{"line":25,"column":null}},"3":{"start":{"line":12,"column":28},"end":{"line":22,"column":null}},"4":{"start":{"line":15,"column":35},"end":{"line":17,"column":null}},"5":{"start":{"line":19,"column":16},"end":{"line":19,"column":null}},"6":{"start":{"line":20,"column":16},"end":{"line":20,"column":null}},"7":{"start":{"line":24,"column":8},"end":{"line":24,"column":null}},"8":{"start":{"line":27,"column":4},"end":{"line":54,"column":null}},"9":{"start":{"line":28,"column":18},"end":{"line":28,"column":null}},"10":{"start":{"line":29,"column":23},"end":{"line":29,"column":40}},"11":{"start":{"line":31,"column":14},"end":{"line":46,"column":null}},"12":{"start":{"line":32,"column":28},"end":{"line":32,"column":56}},"13":{"start":{"line":33,"column":12},"end":{"line":33,"column":null}},"14":{"start":{"line":35,"column":12},"end":{"line":43,"column":null}},"15":{"start":{"line":36,"column":16},"end":{"line":43,"column":null}},"16":{"start":{"line":46,"column":12},"end":{"line":46,"column":null}},"17":{"start":{"line":49,"column":8},"end":{"line":49,"column":null}},"18":{"start":{"line":51,"column":8},"end":{"line":52,"column":null}},"19":{"start":{"line":52,"column":12},"end":{"line":52,"column":null}},"20":{"start":{"line":52,"column":21},"end":{"line":52,"column":null}},"21":{"start":{"line":56,"column":4},"end":{"line":56,"column":null}}},"fnMap":{"0":{"name":"useParticleEmitter","decl":{"start":{"line":7,"column":16},"end":{"line":7,"column":35}},"loc":{"start":{"line":7,"column":66},"end":{"line":56,"column":null}},"line":7},"1":{"name":"(anonymous_1)","decl":{"start":{"line":11,"column":4},"end":{"line":11,"column":20}},"loc":{"start":{"line":11,"column":20},"end":{"line":25,"column":9}},"line":11},"2":{"name":"(anonymous_2)","decl":{"start":{"line":13,"column":12},"end":{"line":13,"column":null}},"loc":{"start":{"line":14,"column":25},"end":{"line":22,"column":null}},"line":14},"3":{"name":"(anonymous_3)","decl":{"start":{"line":27,"column":4},"end":{"line":27,"column":20}},"loc":{"start":{"line":27,"column":20},"end":{"line":54,"column":8}},"line":27},"4":{"name":"(anonymous_4)","decl":{"start":{"line":31,"column":14},"end":{"line":31,"column":22}},"loc":{"start":{"line":31,"column":38},"end":{"line":46,"column":null}},"line":31},"5":{"name":"(anonymous_5)","decl":{"start":{"line":51,"column":8},"end":{"line":51,"column":21}},"loc":{"start":{"line":51,"column":21},"end":{"line":52,"column":null}},"line":51}},"branchMap":{"0":{"loc":{"start":{"line":35,"column":12},"end":{"line":43,"column":null}},"type":"if","locations":[{"start":{"line":35,"column":12},"end":{"line":43,"column":null}},{"start":{},"end":{}}],"line":35},"1":{"loc":{"start":{"line":52,"column":12},"end":{"line":52,"column":null}},"type":"if","locations":[{"start":{"line":52,"column":12},"end":{"line":52,"column":null}},{"start":{},"end":{}}],"line":52}},"s":{"0":6,"1":6,"2":6,"3":6,"4":3,"5":3,"6":3,"7":6,"8":6,"9":6,"10":6,"11":6,"12":162,"13":162,"14":162,"15":108,"16":162,"17":6,"18":6,"19":6,"20":6,"21":6},"f":{"0":6,"1":6,"2":3,"3":6,"4":162,"5":6},"b":{"0":[108,54],"1":[6,0]},"meta":{"lastBranch":2,"lastFunction":6,"lastStatement":22,"seen":{"f:7:16:7:35":0,"s:8:10:8:47":0,"s:9:10:9:27":1,"s:11:4:25:Infinity":2,"f:11:4:11:20":1,"s:12:28:22:Infinity":3,"f:13:12:13:Infinity":2,"s:15:35:17:Infinity":4,"s:19:16:19:Infinity":5,"s:20:16:20:Infinity":6,"s:24:8:24:Infinity":7,"s:27:4:54:Infinity":8,"f:27:4:27:20":3,"s:28:18:28:Infinity":9,"s:29:23:29:40":10,"s:31:14:46:Infinity":11,"f:31:14:31:22":4,"s:32:28:32:56":12,"s:33:12:33:Infinity":13,"b:35:12:43:Infinity:undefined:undefined:undefined:undefined":0,"s:35:12:43:Infinity":14,"s:36:16:43:Infinity":15,"s:46:12:46:Infinity":16,"s:49:8:49:Infinity":17,"s:51:8:52:Infinity":18,"f:51:8:51:21":5,"b:52:12:52:Infinity:undefined:undefined:undefined:undefined":1,"s:52:12:52:Infinity":19,"s:52:21:52:Infinity":20,"s:56:4:56:Infinity":21}}}
,"/Users/robertothomasjr/Desktop/UrsaManus/src/components/effects/screenTransition/ScreenTransitionOverlay.tsx": {"path":"/Users/robertothomasjr/Desktop/UrsaManus/src/components/effects/screenTransition/ScreenTransitionOverlay.tsx","statementMap":{"0":{"start":{"line":13,"column":6},"end":{"line":44,"column":null}},"1":{"start":{"line":17,"column":10},"end":{"line":17,"column":57}},"2":{"start":{"line":19,"column":10},"end":{"line":24,"column":null}},"3":{"start":{"line":20,"column":15},"end":{"line":23,"column":null}},"4":{"start":{"line":27,"column":4},"end":{"line":27,"column":null}},"5":{"start":{"line":27,"column":28},"end":{"line":27,"column":null}},"6":{"start":{"line":29,"column":4},"end":{"line":44,"column":null}},"7":{"start":{"line":32,"column":16},"end":{"line":42,"column":null}}},"fnMap":{"0":{"name":"(anonymous_0)","decl":{"start":{"line":13,"column":6},"end":{"line":13,"column":33}},"loc":{"start":{"line":16,"column":36},"end":{"line":44,"column":null}},"line":16},"1":{"name":"(anonymous_1)","decl":{"start":{"line":19,"column":18},"end":{"line":19,"column":null}},"loc":{"start":{"line":20,"column":15},"end":{"line":23,"column":null}},"line":20},"2":{"name":"(anonymous_2)","decl":{"start":{"line":31,"column":30},"end":{"line":31,"column":35}},"loc":{"start":{"line":32,"column":16},"end":{"line":42,"column":null}},"line":32}},"branchMap":{"0":{"loc":{"start":{"line":27,"column":4},"end":{"line":27,"column":null}},"type":"if","locations":[{"start":{"line":27,"column":4},"end":{"line":27,"column":null}},{"start":{},"end":{}}],"line":27}},"s":{"0":4,"1":3,"2":3,"3":2,"4":3,"5":2,"6":1,"7":64},"f":{"0":3,"1":2,"2":64},"b":{"0":[2,1]},"meta":{"lastBranch":1,"lastFunction":3,"lastStatement":8,"seen":{"s:13:6:44:Infinity":0,"f:13:6:13:33":0,"s:17:10:17:57":1,"s:19:10:24:Infinity":2,"f:19:18:19:Infinity":1,"s:20:15:23:Infinity":3,"b:27:4:27:Infinity:undefined:undefined:undefined:undefined":0,"s:27:4:27:Infinity":4,"s:27:28:27:Infinity":5,"s:29:4:44:Infinity":6,"f:31:30:31:35":2,"s:32:16:42:Infinity":7}}}
,"/Users/robertothomasjr/Desktop/UrsaManus/src/components/effects/screenTransition/index.ts": {"path":"/Users/robertothomasjr/Desktop/UrsaManus/src/components/effects/screenTransition/index.ts","statementMap":{},"fnMap":{},"branchMap":{},"s":{},"f":{},"b":{},"meta":{"lastBranch":0,"lastFunction":0,"lastStatement":0,"seen":{}}}
,"/Users/robertothomasjr/Desktop/UrsaManus/src/components/effects/screenTransition/screenTransitionSignal.ts": {"path":"/Users/robertothomasjr/Desktop/UrsaManus/src/components/effects/screenTransition/screenTransitionSignal.ts","statementMap":{"0":{"start":{"line":19,"column":45},"end":{"line":19,"column":null}},"1":{"start":{"line":22,"column":4},"end":{"line":22,"column":null}},"2":{"start":{"line":28,"column":4},"end":{"line":31,"column":null}}},"fnMap":{"0":{"name":"playScreenTransition","decl":{"start":{"line":21,"column":16},"end":{"line":21,"column":37}},"loc":{"start":{"line":21,"column":75},"end":{"line":22,"column":null}},"line":21},"1":{"name":"playBlackFade","decl":{"start":{"line":27,"column":16},"end":{"line":27,"column":30}},"loc":{"start":{"line":27,"column":57},"end":{"line":31,"column":null}},"line":27}},"branchMap":{},"s":{"0":4,"1":4,"2":1},"f":{"0":4,"1":1},"b":{},"meta":{"lastBranch":0,"lastFunction":2,"lastStatement":3,"seen":{"s:19:45:19:Infinity":0,"f:21:16:21:37":0,"s:22:4:22:Infinity":1,"f:27:16:27:30":1,"s:28:4:31:Infinity":2}}}
,"/Users/robertothomasjr/Desktop/UrsaManus/src/components/effects/screenTransition/useScreenTransition.ts": {"path":"/Users/robertothomasjr/Desktop/UrsaManus/src/components/effects/screenTransition/useScreenTransition.ts","statementMap":{"0":{"start":{"line":33,"column":28},"end":{"line":33,"column":null}},"1":{"start":{"line":34,"column":24},"end":{"line":34,"column":null}},"2":{"start":{"line":35,"column":25},"end":{"line":35,"column":null}},"3":{"start":{"line":44,"column":4},"end":{"line":52,"column":null}},"4":{"start":{"line":46,"column":12},"end":{"line":46,"column":null}},"5":{"start":{"line":48,"column":12},"end":{"line":48,"column":null}},"6":{"start":{"line":50,"column":12},"end":{"line":50,"column":null}},"7":{"start":{"line":52,"column":12},"end":{"line":52,"column":null}},"8":{"start":{"line":57,"column":4},"end":{"line":57,"column":null}},"9":{"start":{"line":61,"column":14},"end":{"line":61,"column":32}},"10":{"start":{"line":62,"column":4},"end":{"line":62,"column":null}},"11":{"start":{"line":66,"column":14},"end":{"line":66,"column":32}},"12":{"start":{"line":67,"column":4},"end":{"line":67,"column":null}},"13":{"start":{"line":73,"column":4},"end":{"line":81,"column":null}},"14":{"start":{"line":88,"column":29},"end":{"line":89,"column":47}},"15":{"start":{"line":90,"column":27},"end":{"line":90,"column":59}},"16":{"start":{"line":91,"column":18},"end":{"line":91,"column":67}},"17":{"start":{"line":93,"column":4},"end":{"line":104,"column":null}},"18":{"start":{"line":94,"column":28},"end":{"line":101,"column":null}},"19":{"start":{"line":97,"column":16},"end":{"line":97,"column":null}},"20":{"start":{"line":98,"column":16},"end":{"line":98,"column":null}},"21":{"start":{"line":99,"column":16},"end":{"line":99,"column":null}},"22":{"start":{"line":103,"column":8},"end":{"line":103,"column":null}},"23":{"start":{"line":106,"column":4},"end":{"line":145,"column":null}},"24":{"start":{"line":107,"column":8},"end":{"line":107,"column":null}},"25":{"start":{"line":107,"column":31},"end":{"line":107,"column":null}},"26":{"start":{"line":109,"column":18},"end":{"line":109,"column":null}},"27":{"start":{"line":110,"column":24},"end":{"line":110,"column":41}},"28":{"start":{"line":111,"column":28},"end":{"line":111,"column":null}},"29":{"start":{"line":113,"column":14},"end":{"line":137,"column":null}},"30":{"start":{"line":114,"column":28},"end":{"line":114,"column":null}},"31":{"start":{"line":116,"column":12},"end":{"line":126,"column":null}},"32":{"start":{"line":117,"column":16},"end":{"line":119,"column":null}},"33":{"start":{"line":118,"column":20},"end":{"line":118,"column":null}},"34":{"start":{"line":119,"column":20},"end":{"line":119,"column":null}},"35":{"start":{"line":122,"column":16},"end":{"line":122,"column":null}},"36":{"start":{"line":123,"column":16},"end":{"line":123,"column":null}},"37":{"start":{"line":124,"column":16},"end":{"line":124,"column":null}},"38":{"start":{"line":125,"column":16},"end":{"line":125,"column":null}},"39":{"start":{"line":126,"column":16},"end":{"line":126,"column":null}},"40":{"start":{"line":129,"column":12},"end":{"line":133,"column":null}},"41":{"start":{"line":130,"column":16},"end":{"line":130,"column":null}},"42":{"start":{"line":131,"column":16},"end":{"line":131,"column":null}},"43":{"start":{"line":132,"column":16},"end":{"line":132,"column":null}},"44":{"start":{"line":133,"column":16},"end":{"line":133,"column":null}},"45":{"start":{"line":136,"column":12},"end":{"line":136,"column":null}},"46":{"start":{"line":137,"column":12},"end":{"line":137,"column":null}},"47":{"start":{"line":140,"column":8},"end":{"line":140,"column":null}},"48":{"start":{"line":142,"column":8},"end":{"line":143,"column":null}},"49":{"start":{"line":143,"column":12},"end":{"line":143,"column":null}},"50":{"start":{"line":143,"column":21},"end":{"line":143,"column":null}},"51":{"start":{"line":147,"column":10},"end":{"line":198,"column":64}},"52":{"start":{"line":148,"column":8},"end":{"line":148,"column":null}},"53":{"start":{"line":148,"column":31},"end":{"line":148,"column":null}},"54":{"start":{"line":150,"column":24},"end":{"line":150,"column":67}},"55":{"start":{"line":151,"column":21},"end":{"line":151,"column":65}},"56":{"start":{"line":152,"column":29},"end":{"line":152,"column":60}},"57":{"start":{"line":153,"column":30},"end":{"line":153,"column":null}},"58":{"start":{"line":154,"column":34},"end":{"line":154,"column":null}},"59":{"start":{"line":156,"column":12},"end":{"line":158,"column":null}},"60":{"start":{"line":159,"column":27},"end":{"line":159,"column":null}},"61":{"start":{"line":161,"column":36},"end":{"line":163,"column":null}},"62":{"start":{"line":165,"column":30},"end":{"line":166,"column":null}},"63":{"start":{"line":168,"column":31},"end":{"line":168,"column":null}},"64":{"start":{"line":170,"column":48},"end":{"line":170,"column":50}},"65":{"start":{"line":172,"column":8},"end":{"line":193,"column":null}},"66":{"start":{"line":172,"column":23},"end":{"line":172,"column":26}},"67":{"start":{"line":173,"column":12},"end":{"line":193,"column":null}},"68":{"start":{"line":173,"column":30},"end":{"line":173,"column":33}},"69":{"start":{"line":174,"column":34},"end":{"line":179,"column":null}},"70":{"start":{"line":181,"column":30},"end":{"line":181,"column":null}},"71":{"start":{"line":182,"column":37},"end":{"line":183,"column":null}},"72":{"start":{"line":186,"column":20},"end":{"line":186,"column":null}},"73":{"start":{"line":188,"column":16},"end":{"line":193,"column":null}},"74":{"start":{"line":197,"column":8},"end":{"line":197,"column":null}},"75":{"start":{"line":200,"column":4},"end":{"line":206,"column":null}},"76":{"start":{"line":201,"column":8},"end":{"line":206,"column":null}},"77":{"start":{"line":209,"column":4},"end":{"line":214,"column":null}}},"fnMap":{"0":{"name":"getTransitionWaveIndex","decl":{"start":{"line":37,"column":16},"end":{"line":37,"column":null}},"loc":{"start":{"line":43,"column":10},"end":{"line":52,"column":null}},"line":43},"1":{"name":"clamp","decl":{"start":{"line":56,"column":9},"end":{"line":56,"column":15}},"loc":{"start":{"line":56,"column":64},"end":{"line":57,"column":null}},"line":56},"2":{"name":"easeInOutCubic","decl":{"start":{"line":60,"column":9},"end":{"line":60,"column":24}},"loc":{"start":{"line":60,"column":47},"end":{"line":62,"column":null}},"line":60},"3":{"name":"smoothstep","decl":{"start":{"line":65,"column":9},"end":{"line":65,"column":20}},"loc":{"start":{"line":65,"column":43},"end":{"line":67,"column":null}},"line":65},"4":{"name":"makeActiveTransition","decl":{"start":{"line":70,"column":9},"end":{"line":70,"column":null}},"loc":{"start":{"line":72,"column":20},"end":{"line":81,"column":null}},"line":72},"5":{"name":"useScreenTransition","decl":{"start":{"line":84,"column":16},"end":{"line":84,"column":null}},"loc":{"start":{"line":87,"column":25},"end":{"line":214,"column":null}},"line":87},"6":{"name":"(anonymous_6)","decl":{"start":{"line":93,"column":4},"end":{"line":93,"column":20}},"loc":{"start":{"line":93,"column":20},"end":{"line":104,"column":9}},"line":93},"7":{"name":"(anonymous_7)","decl":{"start":{"line":95,"column":12},"end":{"line":95,"column":null}},"loc":{"start":{"line":96,"column":25},"end":{"line":101,"column":null}},"line":96},"8":{"name":"(anonymous_8)","decl":{"start":{"line":106,"column":4},"end":{"line":106,"column":20}},"loc":{"start":{"line":106,"column":20},"end":{"line":145,"column":8}},"line":106},"9":{"name":"(anonymous_9)","decl":{"start":{"line":113,"column":14},"end":{"line":113,"column":22}},"loc":{"start":{"line":113,"column":38},"end":{"line":137,"column":null}},"line":113},"10":{"name":"(anonymous_10)","decl":{"start":{"line":142,"column":8},"end":{"line":142,"column":21}},"loc":{"start":{"line":142,"column":21},"end":{"line":143,"column":null}},"line":142},"11":{"name":"(anonymous_11)","decl":{"start":{"line":147,"column":18},"end":{"line":147,"column":32}},"loc":{"start":{"line":147,"column":32},"end":{"line":198,"column":8}},"line":147}},"branchMap":{"0":{"loc":{"start":{"line":44,"column":4},"end":{"line":52,"column":null}},"type":"switch","locations":[{"start":{"line":45,"column":8},"end":{"line":46,"column":null}},{"start":{"line":47,"column":8},"end":{"line":48,"column":null}},{"start":{"line":49,"column":8},"end":{"line":50,"column":null}},{"start":{"line":51,"column":8},"end":{"line":52,"column":null}}],"line":44},"1":{"loc":{"start":{"line":62,"column":11},"end":{"line":62,"column":null}},"type":"cond-expr","locations":[{"start":{"line":62,"column":21},"end":{"line":62,"column":37}},{"start":{"line":62,"column":37},"end":{"line":62,"column":null}}],"line":62},"2":{"loc":{"start":{"line":76,"column":32},"end":{"line":76,"column":74}},"type":"binary-expr","locations":[{"start":{"line":76,"column":32},"end":{"line":76,"column":54}},{"start":{"line":76,"column":54},"end":{"line":76,"column":74}}],"line":76},"3":{"loc":{"start":{"line":77,"column":28},"end":{"line":77,"column":62}},"type":"binary-expr","locations":[{"start":{"line":77,"column":28},"end":{"line":77,"column":46}},{"start":{"line":77,"column":46},"end":{"line":77,"column":62}}],"line":77},"4":{"loc":{"start":{"line":78,"column":29},"end":{"line":78,"column":65}},"type":"binary-expr","locations":[{"start":{"line":78,"column":29},"end":{"line":78,"column":48}},{"start":{"line":78,"column":48},"end":{"line":78,"column":65}}],"line":78},"5":{"loc":{"start":{"line":107,"column":8},"end":{"line":107,"column":null}},"type":"if","locations":[{"start":{"line":107,"column":8},"end":{"line":107,"column":null}},{"start":{},"end":{}}],"line":107},"6":{"loc":{"start":{"line":116,"column":12},"end":{"line":126,"column":null}},"type":"if","locations":[{"start":{"line":116,"column":12},"end":{"line":126,"column":null}},{"start":{},"end":{}}],"line":116},"7":{"loc":{"start":{"line":116,"column":16},"end":{"line":116,"column":77}},"type":"binary-expr","locations":[{"start":{"line":116,"column":16},"end":{"line":116,"column":37}},{"start":{"line":116,"column":37},"end":{"line":116,"column":77}}],"line":116},"8":{"loc":{"start":{"line":117,"column":16},"end":{"line":119,"column":null}},"type":"if","locations":[{"start":{"line":117,"column":16},"end":{"line":119,"column":null}},{"start":{},"end":{}}],"line":117},"9":{"loc":{"start":{"line":129,"column":12},"end":{"line":133,"column":null}},"type":"if","locations":[{"start":{"line":129,"column":12},"end":{"line":133,"column":null}},{"start":{},"end":{}}],"line":129},"10":{"loc":{"start":{"line":129,"column":16},"end":{"line":129,"column":78}},"type":"binary-expr","locations":[{"start":{"line":129,"column":16},"end":{"line":129,"column":38}},{"start":{"line":129,"column":38},"end":{"line":129,"column":78}}],"line":129},"11":{"loc":{"start":{"line":143,"column":12},"end":{"line":143,"column":null}},"type":"if","locations":[{"start":{"line":143,"column":12},"end":{"line":143,"column":null}},{"start":{},"end":{}}],"line":143},"12":{"loc":{"start":{"line":148,"column":8},"end":{"line":148,"column":null}},"type":"if","locations":[{"start":{"line":148,"column":8},"end":{"line":148,"column":null}},{"start":{},"end":{}}],"line":148},"13":{"loc":{"start":{"line":156,"column":12},"end":{"line":158,"column":null}},"type":"cond-expr","locations":[{"start":{"line":157,"column":18},"end":{"line":157,"column":null}},{"start":{"line":158,"column":18},"end":{"line":158,"column":null}}],"line":156},"14":{"loc":{"start":{"line":186,"column":20},"end":{"line":186,"column":null}},"type":"cond-expr","locations":[{"start":{"line":186,"column":40},"end":{"line":186,"column":55}},{"start":{"line":186,"column":55},"end":{"line":186,"column":null}}],"line":186},"15":{"loc":{"start":{"line":200,"column":4},"end":{"line":206,"column":null}},"type":"if","locations":[{"start":{"line":200,"column":4},"end":{"line":206,"column":null}},{"start":{},"end":{}}],"line":200}},"s":{"0":4,"1":4,"2":4,"3":5000,"4":4994,"5":2,"6":2,"7":2,"8":5070,"9":78,"10":78,"11":4992,"12":4992,"13":2,"14":83,"15":83,"16":83,"17":83,"18":4,"19":2,"20":2,"21":2,"22":4,"23":83,"24":8,"25":5,"26":3,"27":3,"28":3,"29":3,"30":77,"31":77,"32":1,"33":1,"34":1,"35":1,"36":1,"37":1,"38":1,"39":1,"40":76,"41":1,"42":1,"43":1,"44":1,"45":75,"46":75,"47":3,"48":3,"49":3,"50":3,"51":83,"52":83,"53":5,"54":78,"55":78,"56":78,"57":78,"58":78,"59":78,"60":83,"61":83,"62":83,"63":83,"64":83,"65":83,"66":83,"67":624,"68":624,"69":4992,"70":4992,"71":4992,"72":4992,"73":4992,"74":78,"75":83,"76":5,"77":78},"f":{"0":5000,"1":5070,"2":78,"3":4992,"4":2,"5":83,"6":4,"7":2,"8":8,"9":77,"10":3,"11":83},"b":{"0":[4994,2,2,2],"1":[73,5],"2":[2,0],"3":[2,0],"4":[2,0],"5":[5,3],"6":[1,76],"7":[77,68],"8":[1,0],"9":[1,75],"10":[76,9],"11":[3,0],"12":[5,78],"13":[0,78],"14":[4416,576],"15":[5,78]},"meta":{"lastBranch":16,"lastFunction":12,"lastStatement":78,"seen":{"s:33:28:33:Infinity":0,"s:34:24:34:Infinity":1,"s:35:25:35:Infinity":2,"f:37:16:37:Infinity":0,"b:45:8:46:Infinity:47:8:48:Infinity:49:8:50:Infinity:51:8:52:Infinity":0,"s:44:4:52:Infinity":3,"s:46:12:46:Infinity":4,"s:48:12:48:Infinity":5,"s:50:12:50:Infinity":6,"s:52:12:52:Infinity":7,"f:56:9:56:15":1,"s:57:4:57:Infinity":8,"f:60:9:60:24":2,"s:61:14:61:32":9,"s:62:4:62:Infinity":10,"b:62:21:62:37:62:37:62:Infinity":1,"f:65:9:65:20":3,"s:66:14:66:32":11,"s:67:4:67:Infinity":12,"f:70:9:70:Infinity":4,"s:73:4:81:Infinity":13,"b:76:32:76:54:76:54:76:74":2,"b:77:28:77:46:77:46:77:62":3,"b:78:29:78:48:78:48:78:65":4,"f:84:16:84:Infinity":5,"s:88:29:89:47":14,"s:90:27:90:59":15,"s:91:18:91:67":16,"s:93:4:104:Infinity":17,"f:93:4:93:20":6,"s:94:28:101:Infinity":18,"f:95:12:95:Infinity":7,"s:97:16:97:Infinity":19,"s:98:16:98:Infinity":20,"s:99:16:99:Infinity":21,"s:103:8:103:Infinity":22,"s:106:4:145:Infinity":23,"f:106:4:106:20":8,"b:107:8:107:Infinity:undefined:undefined:undefined:undefined":5,"s:107:8:107:Infinity":24,"s:107:31:107:Infinity":25,"s:109:18:109:Infinity":26,"s:110:24:110:41":27,"s:111:28:111:Infinity":28,"s:113:14:137:Infinity":29,"f:113:14:113:22":9,"s:114:28:114:Infinity":30,"b:116:12:126:Infinity:undefined:undefined:undefined:undefined":6,"s:116:12:126:Infinity":31,"b:116:16:116:37:116:37:116:77":7,"b:117:16:119:Infinity:undefined:undefined:undefined:undefined":8,"s:117:16:119:Infinity":32,"s:118:20:118:Infinity":33,"s:119:20:119:Infinity":34,"s:122:16:122:Infinity":35,"s:123:16:123:Infinity":36,"s:124:16:124:Infinity":37,"s:125:16:125:Infinity":38,"s:126:16:126:Infinity":39,"b:129:12:133:Infinity:undefined:undefined:undefined:undefined":9,"s:129:12:133:Infinity":40,"b:129:16:129:38:129:38:129:78":10,"s:130:16:130:Infinity":41,"s:131:16:131:Infinity":42,"s:132:16:132:Infinity":43,"s:133:16:133:Infinity":44,"s:136:12:136:Infinity":45,"s:137:12:137:Infinity":46,"s:140:8:140:Infinity":47,"s:142:8:143:Infinity":48,"f:142:8:142:21":10,"b:143:12:143:Infinity:undefined:undefined:undefined:undefined":11,"s:143:12:143:Infinity":49,"s:143:21:143:Infinity":50,"s:147:10:198:64":51,"f:147:18:147:32":11,"b:148:8:148:Infinity:undefined:undefined:undefined:undefined":12,"s:148:8:148:Infinity":52,"s:148:31:148:Infinity":53,"s:150:24:150:67":54,"s:151:21:151:65":55,"s:152:29:152:60":56,"s:153:30:153:Infinity":57,"s:154:34:154:Infinity":58,"s:156:12:158:Infinity":59,"b:157:18:157:Infinity:158:18:158:Infinity":13,"s:159:27:159:Infinity":60,"s:161:36:163:Infinity":61,"s:165:30:166:Infinity":62,"s:168:31:168:Infinity":63,"s:170:48:170:50":64,"s:172:8:193:Infinity":65,"s:172:23:172:26":66,"s:173:12:193:Infinity":67,"s:173:30:173:33":68,"s:174:34:179:Infinity":69,"s:181:30:181:Infinity":70,"s:182:37:183:Infinity":71,"s:186:20:186:Infinity":72,"b:186:40:186:55:186:55:186:Infinity":14,"s:188:16:193:Infinity":73,"s:197:8:197:Infinity":74,"b:200:4:206:Infinity:undefined:undefined:undefined:undefined":15,"s:200:4:206:Infinity":75,"s:201:8:206:Infinity":76,"s:209:4:214:Infinity":77}}}
,"/Users/robertothomasjr/Desktop/UrsaManus/src/components/screenController/ScreenControl.ts": {"path":"/Users/robertothomasjr/Desktop/UrsaManus/src/components/screenController/ScreenControl.ts","statementMap":{"0":{"start":{"line":4,"column":6},"end":{"line":25,"column":null}},"1":{"start":{"line":11,"column":4},"end":{"line":25,"column":null}},"2":{"start":{"line":20,"column":34},"end":{"line":20,"column":60}},"3":{"start":{"line":21,"column":35},"end":{"line":21,"column":61}}},"fnMap":{"0":{"name":"(anonymous_0)","decl":{"start":{"line":4,"column":6},"end":{"line":4,"column":23}},"loc":{"start":{"line":10,"column":26},"end":{"line":25,"column":null}},"line":10},"1":{"name":"(anonymous_1)","decl":{"start":{"line":20,"column":12},"end":{"line":20,"column":24}},"loc":{"start":{"line":20,"column":34},"end":{"line":20,"column":60}},"line":20},"2":{"name":"(anonymous_2)","decl":{"start":{"line":21,"column":12},"end":{"line":21,"column":25}},"loc":{"start":{"line":21,"column":35},"end":{"line":21,"column":61}},"line":21}},"branchMap":{"0":{"loc":{"start":{"line":7,"column":4},"end":{"line":7,"column":null}},"type":"default-arg","locations":[{"start":{"line":7,"column":15},"end":{"line":7,"column":null}}],"line":7},"1":{"loc":{"start":{"line":15,"column":23},"end":{"line":17,"column":null}},"type":"cond-expr","locations":[{"start":{"line":16,"column":18},"end":{"line":16,"column":null}},{"start":{"line":17,"column":18},"end":{"line":17,"column":null}}],"line":15}},"s":{"0":2,"1":13,"2":1,"3":1},"f":{"0":13,"1":1,"2":1},"b":{"0":[13],"1":[9,4]},"meta":{"lastBranch":2,"lastFunction":3,"lastStatement":4,"seen":{"s:4:6:25:Infinity":0,"f:4:6:4:23":0,"b:7:15:7:Infinity":0,"s:11:4:25:Infinity":1,"b:16:18:16:Infinity:17:18:17:Infinity":1,"f:20:12:20:24":1,"s:20:34:20:60":2,"f:21:12:21:25":2,"s:21:35:21:61":3}}}
,"/Users/robertothomasjr/Desktop/UrsaManus/src/components/screenController/ScreenControlGroup.ts": {"path":"/Users/robertothomasjr/Desktop/UrsaManus/src/components/screenController/ScreenControlGroup.ts","statementMap":{"0":{"start":{"line":10,"column":6},"end":{"line":35,"column":null}},"1":{"start":{"line":16,"column":30},"end":{"line":18,"column":null}},"2":{"start":{"line":20,"column":4},"end":{"line":35,"column":null}}},"fnMap":{"0":{"name":"(anonymous_0)","decl":{"start":{"line":10,"column":6},"end":{"line":10,"column":28}},"loc":{"start":{"line":15,"column":31},"end":{"line":35,"column":null}},"line":15}},"branchMap":{"0":{"loc":{"start":{"line":16,"column":30},"end":{"line":18,"column":null}},"type":"cond-expr","locations":[{"start":{"line":17,"column":10},"end":{"line":17,"column":null}},{"start":{"line":18,"column":10},"end":{"line":18,"column":null}}],"line":16},"1":{"loc":{"start":{"line":23,"column":8},"end":{"line":29,"column":null}},"type":"cond-expr","locations":[{"start":{"line":23,"column":8},"end":{"line":27,"column":null}},{"start":{"line":29,"column":14},"end":{"line":29,"column":null}}],"line":23}},"s":{"0":1,"1":2,"2":2},"f":{"0":2},"b":{"0":[1,1],"1":[1,1]},"meta":{"lastBranch":2,"lastFunction":1,"lastStatement":3,"seen":{"s:10:6:35:Infinity":0,"f:10:6:10:28":0,"s:16:30:18:Infinity":1,"b:17:10:17:Infinity:18:10:18:Infinity":0,"s:20:4:35:Infinity":2,"b:23:8:27:Infinity:29:14:29:Infinity":1}}}
,"/Users/robertothomasjr/Desktop/UrsaManus/src/components/screenController/arrowKeyControl.ts": {"path":"/Users/robertothomasjr/Desktop/UrsaManus/src/components/screenController/arrowKeyControl.ts","statementMap":{"0":{"start":{"line":10,"column":6},"end":{"line":54,"column":null}},"1":{"start":{"line":11,"column":4},"end":{"line":52,"column":null}},"2":{"start":{"line":12,"column":8},"end":{"line":12,"column":null}},"3":{"start":{"line":12,"column":22},"end":{"line":12,"column":null}},"4":{"start":{"line":14,"column":14},"end":{"line":46,"column":null}},"5":{"start":{"line":15,"column":24},"end":{"line":15,"column":47}},"6":{"start":{"line":16,"column":12},"end":{"line":28,"column":null}},"7":{"start":{"line":28,"column":16},"end":{"line":28,"column":null}},"8":{"start":{"line":31,"column":12},"end":{"line":31,"column":null}},"9":{"start":{"line":31,"column":53},"end":{"line":31,"column":null}},"10":{"start":{"line":32,"column":12},"end":{"line":32,"column":null}},"11":{"start":{"line":32,"column":52},"end":{"line":32,"column":null}},"12":{"start":{"line":33,"column":12},"end":{"line":33,"column":null}},"13":{"start":{"line":33,"column":50},"end":{"line":33,"column":null}},"14":{"start":{"line":34,"column":12},"end":{"line":34,"column":null}},"15":{"start":{"line":34,"column":52},"end":{"line":34,"column":null}},"16":{"start":{"line":36,"column":12},"end":{"line":46,"column":null}},"17":{"start":{"line":46,"column":16},"end":{"line":46,"column":null}},"18":{"start":{"line":50,"column":8},"end":{"line":50,"column":null}},"19":{"start":{"line":51,"column":8},"end":{"line":51,"column":null}},"20":{"start":{"line":51,"column":21},"end":{"line":51,"column":69}},"21":{"start":{"line":54,"column":4},"end":{"line":54,"column":null}}},"fnMap":{"0":{"name":"(anonymous_0)","decl":{"start":{"line":10,"column":6},"end":{"line":10,"column":25}},"loc":{"start":{"line":10,"column":78},"end":{"line":54,"column":null}},"line":10},"1":{"name":"(anonymous_1)","decl":{"start":{"line":11,"column":4},"end":{"line":11,"column":20}},"loc":{"start":{"line":11,"column":20},"end":{"line":52,"column":8}},"line":11},"2":{"name":"(anonymous_2)","decl":{"start":{"line":14,"column":14},"end":{"line":14,"column":27}},"loc":{"start":{"line":14,"column":52},"end":{"line":46,"column":null}},"line":14},"3":{"name":"(anonymous_3)","decl":{"start":{"line":51,"column":8},"end":{"line":51,"column":21}},"loc":{"start":{"line":51,"column":21},"end":{"line":51,"column":69}},"line":51}},"branchMap":{"0":{"loc":{"start":{"line":10,"column":27},"end":{"line":10,"column":43}},"type":"default-arg","locations":[{"start":{"line":10,"column":37},"end":{"line":10,"column":43}}],"line":10},"1":{"loc":{"start":{"line":12,"column":8},"end":{"line":12,"column":null}},"type":"if","locations":[{"start":{"line":12,"column":8},"end":{"line":12,"column":null}},{"start":{},"end":{}}],"line":12},"2":{"loc":{"start":{"line":16,"column":12},"end":{"line":28,"column":null}},"type":"if","locations":[{"start":{"line":16,"column":12},"end":{"line":28,"column":null}},{"start":{},"end":{}}],"line":16},"3":{"loc":{"start":{"line":31,"column":12},"end":{"line":31,"column":null}},"type":"if","locations":[{"start":{"line":31,"column":12},"end":{"line":31,"column":null}},{"start":{},"end":{}}],"line":31},"4":{"loc":{"start":{"line":31,"column":16},"end":{"line":31,"column":53}},"type":"binary-expr","locations":[{"start":{"line":31,"column":16},"end":{"line":31,"column":40}},{"start":{"line":31,"column":40},"end":{"line":31,"column":53}}],"line":31},"5":{"loc":{"start":{"line":32,"column":12},"end":{"line":32,"column":null}},"type":"if","locations":[{"start":{"line":32,"column":12},"end":{"line":32,"column":null}},{"start":{},"end":{}}],"line":32},"6":{"loc":{"start":{"line":32,"column":16},"end":{"line":32,"column":52}},"type":"binary-expr","locations":[{"start":{"line":32,"column":16},"end":{"line":32,"column":39}},{"start":{"line":32,"column":39},"end":{"line":32,"column":52}}],"line":32},"7":{"loc":{"start":{"line":33,"column":12},"end":{"line":33,"column":null}},"type":"if","locations":[{"start":{"line":33,"column":12},"end":{"line":33,"column":null}},{"start":{},"end":{}}],"line":33},"8":{"loc":{"start":{"line":33,"column":16},"end":{"line":33,"column":50}},"type":"binary-expr","locations":[{"start":{"line":33,"column":16},"end":{"line":33,"column":37}},{"start":{"line":33,"column":37},"end":{"line":33,"column":50}}],"line":33},"9":{"loc":{"start":{"line":34,"column":12},"end":{"line":34,"column":null}},"type":"if","locations":[{"start":{"line":34,"column":12},"end":{"line":34,"column":null}},{"start":{},"end":{}}],"line":34},"10":{"loc":{"start":{"line":34,"column":16},"end":{"line":34,"column":52}},"type":"binary-expr","locations":[{"start":{"line":34,"column":16},"end":{"line":34,"column":39}},{"start":{"line":34,"column":39},"end":{"line":34,"column":52}}],"line":34},"11":{"loc":{"start":{"line":36,"column":12},"end":{"line":46,"column":null}},"type":"if","locations":[{"start":{"line":36,"column":12},"end":{"line":46,"column":null}},{"start":{},"end":{}}],"line":36},"12":{"loc":{"start":{"line":37,"column":16},"end":{"line":44,"column":null}},"type":"binary-expr","locations":[{"start":{"line":37,"column":16},"end":{"line":37,"column":null}},{"start":{"line":38,"column":16},"end":{"line":38,"column":null}},{"start":{"line":39,"column":16},"end":{"line":39,"column":null}},{"start":{"line":40,"column":16},"end":{"line":40,"column":null}},{"start":{"line":41,"column":16},"end":{"line":41,"column":null}},{"start":{"line":42,"column":16},"end":{"line":42,"column":null}},{"start":{"line":43,"column":16},"end":{"line":43,"column":null}},{"start":{"line":44,"column":16},"end":{"line":44,"column":null}}],"line":37}},"s":{"0":1,"1":4,"2":4,"3":1,"4":3,"5":10,"6":10,"7":9,"8":10,"9":2,"10":10,"11":3,"12":10,"13":2,"14":10,"15":2,"16":10,"17":9,"18":3,"19":3,"20":3,"21":4},"f":{"0":4,"1":4,"2":10,"3":3},"b":{"0":[4],"1":[1,3],"2":[9,1],"3":[2,8],"4":[10,9],"5":[3,7],"6":[10,9],"7":[2,8],"8":[10,9],"9":[2,8],"10":[10,9],"11":[9,1],"12":[10,9,8,7,6,5,3,2]},"meta":{"lastBranch":13,"lastFunction":4,"lastStatement":22,"seen":{"s:10:6:54:Infinity":0,"f:10:6:10:25":0,"b:10:37:10:43":0,"s:11:4:52:Infinity":1,"f:11:4:11:20":1,"b:12:8:12:Infinity:undefined:undefined:undefined:undefined":1,"s:12:8:12:Infinity":2,"s:12:22:12:Infinity":3,"s:14:14:46:Infinity":4,"f:14:14:14:27":2,"s:15:24:15:47":5,"b:16:12:28:Infinity:undefined:undefined:undefined:undefined":2,"s:16:12:28:Infinity":6,"s:28:16:28:Infinity":7,"b:31:12:31:Infinity:undefined:undefined:undefined:undefined":3,"s:31:12:31:Infinity":8,"b:31:16:31:40:31:40:31:53":4,"s:31:53:31:Infinity":9,"b:32:12:32:Infinity:undefined:undefined:undefined:undefined":5,"s:32:12:32:Infinity":10,"b:32:16:32:39:32:39:32:52":6,"s:32:52:32:Infinity":11,"b:33:12:33:Infinity:undefined:undefined:undefined:undefined":7,"s:33:12:33:Infinity":12,"b:33:16:33:37:33:37:33:50":8,"s:33:50:33:Infinity":13,"b:34:12:34:Infinity:undefined:undefined:undefined:undefined":9,"s:34:12:34:Infinity":14,"b:34:16:34:39:34:39:34:52":10,"s:34:52:34:Infinity":15,"b:36:12:46:Infinity:undefined:undefined:undefined:undefined":11,"s:36:12:46:Infinity":16,"b:37:16:37:Infinity:38:16:38:Infinity:39:16:39:Infinity:40:16:40:Infinity:41:16:41:Infinity:42:16:42:Infinity:43:16:43:Infinity:44:16:44:Infinity":12,"s:46:16:46:Infinity":17,"s:50:8:50:Infinity":18,"s:51:8:51:Infinity":19,"f:51:8:51:21":3,"s:51:21:51:69":20,"s:54:4:54:Infinity":21}}}
,"/Users/robertothomasjr/Desktop/UrsaManus/src/components/screenController/compassDirectionControl.ts": {"path":"/Users/robertothomasjr/Desktop/UrsaManus/src/components/screenController/compassDirectionControl.ts","statementMap":{"0":{"start":{"line":4,"column":6},"end":{"line":28,"column":null}},"1":{"start":{"line":5,"column":4},"end":{"line":28,"column":null}},"2":{"start":{"line":11,"column":30},"end":{"line":11,"column":null}},"3":{"start":{"line":16,"column":30},"end":{"line":16,"column":null}},"4":{"start":{"line":21,"column":30},"end":{"line":21,"column":null}},"5":{"start":{"line":26,"column":30},"end":{"line":26,"column":null}}},"fnMap":{"0":{"name":"(anonymous_0)","decl":{"start":{"line":4,"column":6},"end":{"line":4,"column":38}},"loc":{"start":{"line":4,"column":38},"end":{"line":28,"column":null}},"line":4},"1":{"name":"(anonymous_1)","decl":{"start":{"line":11,"column":12},"end":{"line":11,"column":30}},"loc":{"start":{"line":11,"column":30},"end":{"line":11,"column":null}},"line":11},"2":{"name":"(anonymous_2)","decl":{"start":{"line":16,"column":12},"end":{"line":16,"column":30}},"loc":{"start":{"line":16,"column":30},"end":{"line":16,"column":null}},"line":16},"3":{"name":"(anonymous_3)","decl":{"start":{"line":21,"column":12},"end":{"line":21,"column":30}},"loc":{"start":{"line":21,"column":30},"end":{"line":21,"column":null}},"line":21},"4":{"name":"(anonymous_4)","decl":{"start":{"line":26,"column":12},"end":{"line":26,"column":30}},"loc":{"start":{"line":26,"column":30},"end":{"line":26,"column":null}},"line":26}},"branchMap":{},"s":{"0":1,"1":1,"2":1,"3":1,"4":1,"5":1},"f":{"0":1,"1":1,"2":1,"3":1,"4":1},"b":{},"meta":{"lastBranch":0,"lastFunction":5,"lastStatement":6,"seen":{"s:4:6:28:Infinity":0,"f:4:6:4:38":0,"s:5:4:28:Infinity":1,"f:11:12:11:30":1,"s:11:30:11:Infinity":2,"f:16:12:16:30":2,"s:16:30:16:Infinity":3,"f:21:12:21:30":3,"s:21:30:21:Infinity":4,"f:26:12:26:30":4,"s:26:30:26:Infinity":5}}}
,"/Users/robertothomasjr/Desktop/UrsaManus/src/components/screenController/onScreenArrowControl.ts": {"path":"/Users/robertothomasjr/Desktop/UrsaManus/src/components/screenController/onScreenArrowControl.ts","statementMap":{"0":{"start":{"line":10,"column":6},"end":{"line":46,"column":null}},"1":{"start":{"line":11,"column":4},"end":{"line":46,"column":null}},"2":{"start":{"line":18,"column":16},"end":{"line":18,"column":null}},"3":{"start":{"line":19,"column":16},"end":{"line":19,"column":null}},"4":{"start":{"line":26,"column":16},"end":{"line":26,"column":null}},"5":{"start":{"line":27,"column":16},"end":{"line":27,"column":null}},"6":{"start":{"line":34,"column":16},"end":{"line":34,"column":null}},"7":{"start":{"line":35,"column":16},"end":{"line":35,"column":null}},"8":{"start":{"line":42,"column":16},"end":{"line":42,"column":null}},"9":{"start":{"line":43,"column":16},"end":{"line":43,"column":null}}},"fnMap":{"0":{"name":"(anonymous_0)","decl":{"start":{"line":10,"column":6},"end":{"line":10,"column":30}},"loc":{"start":{"line":10,"column":72},"end":{"line":46,"column":null}},"line":10},"1":{"name":"(anonymous_1)","decl":{"start":{"line":17,"column":12},"end":{"line":17,"column":30}},"loc":{"start":{"line":17,"column":30},"end":{"line":19,"column":null}},"line":17},"2":{"name":"(anonymous_2)","decl":{"start":{"line":25,"column":12},"end":{"line":25,"column":30}},"loc":{"start":{"line":25,"column":30},"end":{"line":27,"column":null}},"line":25},"3":{"name":"(anonymous_3)","decl":{"start":{"line":33,"column":12},"end":{"line":33,"column":30}},"loc":{"start":{"line":33,"column":30},"end":{"line":35,"column":null}},"line":33},"4":{"name":"(anonymous_4)","decl":{"start":{"line":41,"column":12},"end":{"line":41,"column":30}},"loc":{"start":{"line":41,"column":30},"end":{"line":43,"column":null}},"line":41}},"branchMap":{},"s":{"0":1,"1":1,"2":1,"3":1,"4":1,"5":1,"6":1,"7":1,"8":1,"9":1},"f":{"0":1,"1":1,"2":1,"3":1,"4":1},"b":{},"meta":{"lastBranch":0,"lastFunction":5,"lastStatement":10,"seen":{"s:10:6:46:Infinity":0,"f:10:6:10:30":0,"s:11:4:46:Infinity":1,"f:17:12:17:30":1,"s:18:16:18:Infinity":2,"s:19:16:19:Infinity":3,"f:25:12:25:30":2,"s:26:16:26:Infinity":4,"s:27:16:27:Infinity":5,"f:33:12:33:30":3,"s:34:16:34:Infinity":6,"s:35:16:35:Infinity":7,"f:41:12:41:30":4,"s:42:16:42:Infinity":8,"s:43:16:43:Infinity":9}}}
,"/Users/robertothomasjr/Desktop/UrsaManus/src/components/screenController/screenController.ts": {"path":"/Users/robertothomasjr/Desktop/UrsaManus/src/components/screenController/screenController.ts","statementMap":{"0":{"start":{"line":25,"column":6},"end":{"line":30,"column":null}},"1":{"start":{"line":26,"column":30},"end":{"line":28,"column":null}},"2":{"start":{"line":30,"column":4},"end":{"line":30,"column":null}}},"fnMap":{"0":{"name":"(anonymous_0)","decl":{"start":{"line":25,"column":6},"end":{"line":25,"column":26}},"loc":{"start":{"line":25,"column":77},"end":{"line":30,"column":null}},"line":25}},"branchMap":{"0":{"loc":{"start":{"line":26,"column":30},"end":{"line":28,"column":null}},"type":"cond-expr","locations":[{"start":{"line":27,"column":10},"end":{"line":27,"column":null}},{"start":{"line":28,"column":10},"end":{"line":28,"column":null}}],"line":26}},"s":{"0":1,"1":2,"2":2},"f":{"0":2},"b":{"0":[1,1]},"meta":{"lastBranch":1,"lastFunction":1,"lastStatement":3,"seen":{"s:25:6:30:Infinity":0,"f:25:6:25:26":0,"s:26:30:28:Infinity":1,"b:27:10:27:Infinity:28:10:28:Infinity":0,"s:30:4:30:Infinity":2}}}
,"/Users/robertothomasjr/Desktop/UrsaManus/src/logic/useArrowKeys.ts": {"path":"/Users/robertothomasjr/Desktop/UrsaManus/src/logic/useArrowKeys.ts","statementMap":{"0":{"start":{"line":16,"column":4},"end":{"line":51,"column":null}},"1":{"start":{"line":17,"column":8},"end":{"line":17,"column":null}},"2":{"start":{"line":17,"column":22},"end":{"line":17,"column":null}},"3":{"start":{"line":19,"column":14},"end":{"line":45,"column":null}},"4":{"start":{"line":23,"column":12},"end":{"line":30,"column":null}},"5":{"start":{"line":30,"column":16},"end":{"line":30,"column":null}},"6":{"start":{"line":33,"column":12},"end":{"line":45,"column":null}},"7":{"start":{"line":35,"column":20},"end":{"line":35,"column":null}},"8":{"start":{"line":36,"column":20},"end":{"line":36,"column":null}},"9":{"start":{"line":38,"column":20},"end":{"line":38,"column":null}},"10":{"start":{"line":39,"column":20},"end":{"line":39,"column":null}},"11":{"start":{"line":41,"column":20},"end":{"line":41,"column":null}},"12":{"start":{"line":42,"column":20},"end":{"line":42,"column":null}},"13":{"start":{"line":44,"column":20},"end":{"line":44,"column":null}},"14":{"start":{"line":45,"column":20},"end":{"line":45,"column":null}},"15":{"start":{"line":49,"column":8},"end":{"line":49,"column":null}},"16":{"start":{"line":50,"column":8},"end":{"line":50,"column":null}},"17":{"start":{"line":50,"column":21},"end":{"line":50,"column":73}}},"fnMap":{"0":{"name":"useArrowKeys","decl":{"start":{"line":11,"column":24},"end":{"line":11,"column":37}},"loc":{"start":{"line":15,"column":12},"end":{"line":51,"column":null}},"line":15},"1":{"name":"(anonymous_1)","decl":{"start":{"line":16,"column":4},"end":{"line":16,"column":20}},"loc":{"start":{"line":16,"column":20},"end":{"line":51,"column":8}},"line":16},"2":{"name":"(anonymous_2)","decl":{"start":{"line":19,"column":14},"end":{"line":19,"column":31}},"loc":{"start":{"line":19,"column":56},"end":{"line":45,"column":null}},"line":19},"3":{"name":"(anonymous_3)","decl":{"start":{"line":50,"column":8},"end":{"line":50,"column":21}},"loc":{"start":{"line":50,"column":21},"end":{"line":50,"column":73}},"line":50}},"branchMap":{"0":{"loc":{"start":{"line":13,"column":4},"end":{"line":13,"column":null}},"type":"default-arg","locations":[{"start":{"line":13,"column":21},"end":{"line":13,"column":null}}],"line":13},"1":{"loc":{"start":{"line":14,"column":4},"end":{"line":14,"column":null}},"type":"default-arg","locations":[{"start":{"line":14,"column":14},"end":{"line":14,"column":null}}],"line":14},"2":{"loc":{"start":{"line":17,"column":8},"end":{"line":17,"column":null}},"type":"if","locations":[{"start":{"line":17,"column":8},"end":{"line":17,"column":null}},{"start":{},"end":{}}],"line":17},"3":{"loc":{"start":{"line":23,"column":12},"end":{"line":30,"column":null}},"type":"if","locations":[{"start":{"line":23,"column":12},"end":{"line":30,"column":null}},{"start":{},"end":{}}],"line":23},"4":{"loc":{"start":{"line":24,"column":16},"end":{"line":28,"column":null}},"type":"binary-expr","locations":[{"start":{"line":24,"column":16},"end":{"line":24,"column":null}},{"start":{"line":25,"column":17},"end":{"line":25,"column":null}},{"start":{"line":26,"column":20},"end":{"line":26,"column":null}},{"start":{"line":27,"column":20},"end":{"line":27,"column":null}},{"start":{"line":28,"column":20},"end":{"line":28,"column":null}}],"line":24},"5":{"loc":{"start":{"line":33,"column":12},"end":{"line":45,"column":null}},"type":"switch","locations":[{"start":{"line":34,"column":16},"end":{"line":36,"column":null}},{"start":{"line":37,"column":16},"end":{"line":39,"column":null}},{"start":{"line":40,"column":16},"end":{"line":42,"column":null}},{"start":{"line":43,"column":16},"end":{"line":45,"column":null}}],"line":33}},"s":{"0":7,"1":7,"2":2,"3":5,"4":6,"5":4,"6":6,"7":1,"8":1,"9":1,"10":1,"11":2,"12":2,"13":1,"14":1,"15":5,"16":5,"17":5},"f":{"0":7,"1":7,"2":6,"3":5},"b":{"0":[7],"1":[7],"2":[2,5],"3":[4,2],"4":[6,5,4,3,2],"5":[1,1,2,1]},"meta":{"lastBranch":6,"lastFunction":4,"lastStatement":18,"seen":{"f:11:24:11:37":0,"b:13:21:13:Infinity":0,"b:14:14:14:Infinity":1,"s:16:4:51:Infinity":0,"f:16:4:16:20":1,"b:17:8:17:Infinity:undefined:undefined:undefined:undefined":2,"s:17:8:17:Infinity":1,"s:17:22:17:Infinity":2,"s:19:14:45:Infinity":3,"f:19:14:19:31":2,"b:23:12:30:Infinity:undefined:undefined:undefined:undefined":3,"s:23:12:30:Infinity":4,"b:24:16:24:Infinity:25:17:25:Infinity:26:20:26:Infinity:27:20:27:Infinity:28:20:28:Infinity":4,"s:30:16:30:Infinity":5,"b:34:16:36:Infinity:37:16:39:Infinity:40:16:42:Infinity:43:16:45:Infinity":5,"s:33:12:45:Infinity":6,"s:35:20:35:Infinity":7,"s:36:20:36:Infinity":8,"s:38:20:38:Infinity":9,"s:39:20:39:Infinity":10,"s:41:20:41:Infinity":11,"s:42:20:42:Infinity":12,"s:44:20:44:Infinity":13,"s:45:20:45:Infinity":14,"s:49:8:49:Infinity":15,"s:50:8:50:Infinity":16,"f:50:8:50:21":3,"s:50:21:50:73":17}}}
,"/Users/robertothomasjr/Desktop/UrsaManus/src/logic/collision/rectanglesOverlap.ts": {"path":"/Users/robertothomasjr/Desktop/UrsaManus/src/logic/collision/rectanglesOverlap.ts","statementMap":{"0":{"start":{"line":4,"column":13},"end":{"line":17,"column":null}},"1":{"start":{"line":8,"column":19},"end":{"line":8,"column":null}},"2":{"start":{"line":9,"column":20},"end":{"line":9,"column":null}},"3":{"start":{"line":11,"column":19},"end":{"line":11,"column":null}},"4":{"start":{"line":12,"column":20},"end":{"line":12,"column":null}},"5":{"start":{"line":15,"column":8},"end":{"line":15,"column":null}},"6":{"start":{"line":17,"column":4},"end":{"line":17,"column":null}}},"fnMap":{"0":{"name":"(anonymous_0)","decl":{"start":{"line":4,"column":13},"end":{"line":4,"column":null}},"loc":{"start":{"line":7,"column":14},"end":{"line":17,"column":null}},"line":7}},"branchMap":{"0":{"loc":{"start":{"line":15,"column":8},"end":{"line":15,"column":null}},"type":"binary-expr","locations":[{"start":{"line":15,"column":8},"end":{"line":15,"column":25}},{"start":{"line":15,"column":25},"end":{"line":15,"column":42}},{"start":{"line":15,"column":42},"end":{"line":15,"column":60}},{"start":{"line":15,"column":60},"end":{"line":15,"column":null}}],"line":15}},"s":{"0":1,"1":3,"2":3,"3":3,"4":3,"5":3,"6":3},"f":{"0":3},"b":{"0":[3,1,1,1]},"meta":{"lastBranch":1,"lastFunction":1,"lastStatement":7,"seen":{"s:4:13:17:Infinity":0,"f:4:13:4:Infinity":0,"s:8:19:8:Infinity":1,"s:9:20:9:Infinity":2,"s:11:19:11:Infinity":3,"s:12:20:12:Infinity":4,"s:15:8:15:Infinity":5,"b:15:8:15:25:15:25:15:42:15:42:15:60:15:60:15:Infinity":0,"s:17:4:17:Infinity":6}}}
,"/Users/robertothomasjr/Desktop/UrsaManus/src/services/SignalBus.ts": {"path":"/Users/robertothomasjr/Desktop/UrsaManus/src/services/SignalBus.ts","statementMap":{"0":{"start":{"line":37,"column":50},"end":{"line":37,"column":52}},"1":{"start":{"line":40,"column":8},"end":{"line":40,"column":null}},"2":{"start":{"line":40,"column":35},"end":{"line":40,"column":null}},"3":{"start":{"line":41,"column":8},"end":{"line":41,"column":null}},"4":{"start":{"line":43,"column":8},"end":{"line":43,"column":null}},"5":{"start":{"line":43,"column":21},"end":{"line":43,"column":46}},"6":{"start":{"line":47,"column":21},"end":{"line":47,"column":null}},"7":{"start":{"line":48,"column":8},"end":{"line":48,"column":null}},"8":{"start":{"line":48,"column":19},"end":{"line":48,"column":null}},"9":{"start":{"line":50,"column":8},"end":{"line":50,"column":null}},"10":{"start":{"line":50,"column":51},"end":{"line":50,"column":66}},"11":{"start":{"line":52,"column":8},"end":{"line":52,"column":null}},"12":{"start":{"line":52,"column":47},"end":{"line":52,"column":null}},"13":{"start":{"line":56,"column":21},"end":{"line":56,"column":null}},"14":{"start":{"line":57,"column":8},"end":{"line":57,"column":null}},"15":{"start":{"line":57,"column":19},"end":{"line":57,"column":null}},"16":{"start":{"line":59,"column":8},"end":{"line":59,"column":null}},"17":{"start":{"line":59,"column":32},"end":{"line":59,"column":null}},"18":{"start":{"line":63,"column":8},"end":{"line":65,"column":null}},"19":{"start":{"line":64,"column":12},"end":{"line":64,"column":null}},"20":{"start":{"line":65,"column":12},"end":{"line":65,"column":null}},"21":{"start":{"line":68,"column":8},"end":{"line":68,"column":null}},"22":{"start":{"line":72,"column":25},"end":{"line":72,"column":40}}},"fnMap":{"0":{"name":"(anonymous_0)","decl":{"start":{"line":39,"column":4},"end":{"line":39,"column":17}},"loc":{"start":{"line":39,"column":67},"end":{"line":43,"column":null}},"line":39},"1":{"name":"(anonymous_1)","decl":{"start":{"line":43,"column":8},"end":{"line":43,"column":21}},"loc":{"start":{"line":43,"column":21},"end":{"line":43,"column":46}},"line":43},"2":{"name":"(anonymous_2)","decl":{"start":{"line":46,"column":4},"end":{"line":46,"column":18}},"loc":{"start":{"line":46,"column":55},"end":{"line":52,"column":null}},"line":46},"3":{"name":"(anonymous_3)","decl":{"start":{"line":50,"column":36},"end":{"line":50,"column":44}},"loc":{"start":{"line":50,"column":51},"end":{"line":50,"column":66}},"line":50},"4":{"name":"(anonymous_4)","decl":{"start":{"line":55,"column":4},"end":{"line":55,"column":19}},"loc":{"start":{"line":55,"column":47},"end":{"line":59,"column":null}},"line":55},"5":{"name":"(anonymous_5)","decl":{"start":{"line":62,"column":4},"end":{"line":62,"column":10}},"loc":{"start":{"line":62,"column":27},"end":{"line":68,"column":null}},"line":62}},"branchMap":{"0":{"loc":{"start":{"line":40,"column":8},"end":{"line":40,"column":null}},"type":"if","locations":[{"start":{"line":40,"column":8},"end":{"line":40,"column":null}},{"start":{},"end":{}}],"line":40},"1":{"loc":{"start":{"line":48,"column":8},"end":{"line":48,"column":null}},"type":"if","locations":[{"start":{"line":48,"column":8},"end":{"line":48,"column":null}},{"start":{},"end":{}}],"line":48},"2":{"loc":{"start":{"line":52,"column":8},"end":{"line":52,"column":null}},"type":"if","locations":[{"start":{"line":52,"column":8},"end":{"line":52,"column":null}},{"start":{},"end":{}}],"line":52},"3":{"loc":{"start":{"line":57,"column":8},"end":{"line":57,"column":null}},"type":"if","locations":[{"start":{"line":57,"column":8},"end":{"line":57,"column":null}},{"start":{},"end":{}}],"line":57},"4":{"loc":{"start":{"line":63,"column":8},"end":{"line":65,"column":null}},"type":"if","locations":[{"start":{"line":63,"column":8},"end":{"line":65,"column":null}},{"start":{},"end":{}}],"line":63}},"s":{"0":8,"1":16,"2":15,"3":16,"4":16,"5":11,"6":12,"7":12,"8":9,"9":3,"10":4,"11":3,"12":2,"13":14,"14":14,"15":6,"16":8,"17":8,"18":26,"19":1,"20":1,"21":25,"22":8},"f":{"0":16,"1":11,"2":12,"3":4,"4":14,"5":26},"b":{"0":[15,1],"1":[9,3],"2":[2,1],"3":[6,8],"4":[1,25]},"meta":{"lastBranch":5,"lastFunction":6,"lastStatement":23,"seen":{"s:37:50:37:52":0,"f:39:4:39:17":0,"b:40:8:40:Infinity:undefined:undefined:undefined:undefined":0,"s:40:8:40:Infinity":1,"s:40:35:40:Infinity":2,"s:41:8:41:Infinity":3,"s:43:8:43:Infinity":4,"f:43:8:43:21":1,"s:43:21:43:46":5,"f:46:4:46:18":2,"s:47:21:47:Infinity":6,"b:48:8:48:Infinity:undefined:undefined:undefined:undefined":1,"s:48:8:48:Infinity":7,"s:48:19:48:Infinity":8,"s:50:8:50:Infinity":9,"f:50:36:50:44":3,"s:50:51:50:66":10,"b:52:8:52:Infinity:undefined:undefined:undefined:undefined":2,"s:52:8:52:Infinity":11,"s:52:47:52:Infinity":12,"f:55:4:55:19":4,"s:56:21:56:Infinity":13,"b:57:8:57:Infinity:undefined:undefined:undefined:undefined":3,"s:57:8:57:Infinity":14,"s:57:19:57:Infinity":15,"s:59:8:59:Infinity":16,"s:59:32:59:Infinity":17,"f:62:4:62:10":5,"b:63:8:65:Infinity:undefined:undefined:undefined:undefined":4,"s:63:8:65:Infinity":18,"s:64:12:64:Infinity":19,"s:65:12:65:Infinity":20,"s:68:8:68:Infinity":21,"s:72:25:72:40":22}}}
}
